[ 2017-08-12T10:34:25+08:00 ] ::1 /wwwroot/index.php?s=/admin/public/login.html
INFO: [ view_parse ] --START--
INFO: [ template_filter ] --START--
INFO: Run Behavior\ContentReplace [ RunTime:0.000132s ]
INFO: [ template_filter ] --END-- [ RunTime:0.000246s ]
INFO: Run Behavior\ParseTemplate [ RunTime:0.048624s ]
INFO: [ view_parse ] --END-- [ RunTime:0.049746s ]
INFO: [ view_filter ] --START--
INFO: Run Behavior\WriteHtmlCache [ RunTime:0.000708s ]
INFO: [ view_filter ] --END-- [ RunTime:0.000807s ]
INFO: [ app_end ] --START--
INFO: Run Behavior\ShowPageTrace [ RunTime:0.001117s ]
INFO: [ app_end ] --END-- [ RunTime:0.001223s ]

[ 2017-08-12T10:34:37+08:00 ] ::1 /wwwroot/index.php?s=/Home/Index/index.html
INFO: [ view_parse ] --START--
INFO: [ template_filter ] --START--
INFO: Run Behavior\ContentReplace [ RunTime:0.000107s ]
INFO: [ template_filter ] --END-- [ RunTime:0.000214s ]
INFO: Run Behavior\ParseTemplate [ RunTime:0.029612s ]
INFO: [ view_parse ] --END-- [ RunTime:0.030676s ]
INFO: [ view_filter ] --START--
INFO: Run Behavior\WriteHtmlCache [ RunTime:0.000518s ]
INFO: [ view_filter ] --END-- [ RunTime:0.000615s ]
INFO: [ app_end ] --START--
INFO: Run Behavior\ShowPageTrace [ RunTime:0.000877s ]
INFO: [ app_end ] --END-- [ RunTime:0.000980s ]

[ 2017-08-12T11:29:20+08:00 ] ::1 /wwwroot/
INFO: [ view_parse ] --START--
INFO: [ template_filter ] --START--
INFO: Run Behavior\ContentReplace [ RunTime:0.000109s ]
INFO: [ template_filter ] --END-- [ RunTime:0.000219s ]
INFO: Run Behavior\ParseTemplate [ RunTime:0.049379s ]
INFO: [ view_parse ] --END-- [ RunTime:0.050329s ]
INFO: [ view_filter ] --START--
INFO: Run Behavior\WriteHtmlCache [ RunTime:0.000696s ]
INFO: [ view_filter ] --END-- [ RunTime:0.000799s ]
INFO: [ app_end ] --START--
INFO: Run Behavior\ShowPageTrace [ RunTime:0.001028s ]
INFO: [ app_end ] --END-- [ RunTime:0.001133s ]

[ 2017-08-12T11:29:23+08:00 ] ::1 /wwwroot/index.php?s=/Home/notice/index.html
SQL: SHOW COLUMNS FROM `onethink_document` [ RunTime:0.040825s ]
SQL: SELECT * FROM `onethink_document` WHERE ( `category_id` = 42 )  [ RunTime:0.009207s ]
INFO: [ view_parse ] --START--
INFO: [ template_filter ] --START--
INFO: Run Behavior\ContentReplace [ RunTime:0.000098s ]
INFO: [ template_filter ] --END-- [ RunTime:0.000207s ]
NOTIC: [8] Undefined variable: u D:\phpStudy\WWW\wwwroot\Runtime\Cache\Home\b6712068d68b0f23e361fceccafe8f1a.php 第 58 行.
NOTIC: [8] Undefined variable: u D:\phpStudy\WWW\wwwroot\Runtime\Cache\Home\b6712068d68b0f23e361fceccafe8f1a.php 第 58 行.
NOTIC: [8] Undefined variable: u D:\phpStudy\WWW\wwwroot\Runtime\Cache\Home\b6712068d68b0f23e361fceccafe8f1a.php 第 58 行.
NOTIC: [8] Undefined variable: u D:\phpStudy\WWW\wwwroot\Runtime\Cache\Home\b6712068d68b0f23e361fceccafe8f1a.php 第 58 行.
INFO: Run Behavior\ParseTemplate [ RunTime:0.019554s ]
INFO: [ view_parse ] --END-- [ RunTime:0.019657s ]
INFO: [ view_filter ] --START--
INFO: Run Behavior\WriteHtmlCache [ RunTime:0.000599s ]
INFO: [ view_filter ] --END-- [ RunTime:0.000706s ]
INFO: [ app_end ] --START--
INFO: Run Behavior\ShowPageTrace [ RunTime:0.000934s ]
INFO: [ app_end ] --END-- [ RunTime:0.001044s ]

[ 2017-08-12T11:29:26+08:00 ] ::1 /wwwroot/index.php?s=/Home/notice/detail.html
ERR: 参数错误或者未定义:id

[ 2017-08-12T11:31:34+08:00 ] ::1 /wwwroot/index.php?s=/Home/notice/index.html
SQL: SHOW COLUMNS FROM `onethink_document` [ RunTime:0.012930s ]
SQL: SELECT * FROM `onethink_document` WHERE ( `category_id` = 42 )  [ RunTime:0.000901s ]
INFO: [ view_parse ] --START--
INFO: [ template_filter ] --START--
INFO: Run Behavior\ContentReplace [ RunTime:0.000100s ]
INFO: [ template_filter ] --END-- [ RunTime:0.000219s ]
NOTIC: [8] Undefined variable: u D:\phpStudy\WWW\wwwroot\Runtime\Cache\Home\b6712068d68b0f23e361fceccafe8f1a.php 第 58 行.
NOTIC: [8] Undefined variable: u D:\phpStudy\WWW\wwwroot\Runtime\Cache\Home\b6712068d68b0f23e361fceccafe8f1a.php 第 58 行.
NOTIC: [8] Undefined variable: u D:\phpStudy\WWW\wwwroot\Runtime\Cache\Home\b6712068d68b0f23e361fceccafe8f1a.php 第 58 行.
NOTIC: [8] Undefined variable: u D:\phpStudy\WWW\wwwroot\Runtime\Cache\Home\b6712068d68b0f23e361fceccafe8f1a.php 第 58 行.
INFO: Run Behavior\ParseTemplate [ RunTime:0.025109s ]
INFO: [ view_parse ] --END-- [ RunTime:0.025224s ]
INFO: [ view_filter ] --START--
INFO: Run Behavior\WriteHtmlCache [ RunTime:0.000739s ]
INFO: [ view_filter ] --END-- [ RunTime:0.000855s ]
INFO: [ app_end ] --START--
INFO: Run Behavior\ShowPageTrace [ RunTime:0.001231s ]
INFO: [ app_end ] --END-- [ RunTime:0.001355s ]

[ 2017-08-12T11:31:36+08:00 ] ::1 /wwwroot/index.php?s=/Home/Index/index.html
INFO: [ view_parse ] --START--
INFO: [ template_filter ] --START--
INFO: Run Behavior\ContentReplace [ RunTime:0.000104s ]
INFO: [ template_filter ] --END-- [ RunTime:0.000209s ]
INFO: Run Behavior\ParseTemplate [ RunTime:0.016482s ]
INFO: [ view_parse ] --END-- [ RunTime:0.017247s ]
INFO: [ view_filter ] --START--
INFO: Run Behavior\WriteHtmlCache [ RunTime:0.000519s ]
INFO: [ view_filter ] --END-- [ RunTime:0.000617s ]
INFO: [ app_end ] --START--
INFO: Run Behavior\ShowPageTrace [ RunTime:0.000970s ]
INFO: [ app_end ] --END-- [ RunTime:0.001084s ]

[ 2017-08-12T11:31:48+08:00 ] ::1 /wwwroot/index.php?s=/Home/Index/index.html
INFO: [ view_parse ] --START--
INFO: [ template_filter ] --START--
INFO: Run Behavior\ContentReplace [ RunTime:0.000109s ]
INFO: [ template_filter ] --END-- [ RunTime:0.000232s ]
INFO: Run Behavior\ParseTemplate [ RunTime:0.016945s ]
INFO: [ view_parse ] --END-- [ RunTime:0.017880s ]
INFO: [ view_filter ] --START--
INFO: Run Behavior\WriteHtmlCache [ RunTime:0.000521s ]
INFO: [ view_filter ] --END-- [ RunTime:0.000616s ]
INFO: [ app_end ] --START--
INFO: Run Behavior\ShowPageTrace [ RunTime:0.001026s ]
INFO: [ app_end ] --END-- [ RunTime:0.001716s ]

[ 2017-08-12T11:31:50+08:00 ] ::1 /wwwroot/index.php?s=/Home/notice/index.html
SQL: SHOW COLUMNS FROM `onethink_document` [ RunTime:0.017408s ]
SQL: SELECT * FROM `onethink_document` WHERE ( `category_id` = 42 )  [ RunTime:0.000796s ]
INFO: [ view_parse ] --START--
INFO: [ template_filter ] --START--
INFO: Run Behavior\ContentReplace [ RunTime:0.000110s ]
INFO: [ template_filter ] --END-- [ RunTime:0.000277s ]
NOTIC: [8] Undefined variable: u D:\phpStudy\WWW\wwwroot\Runtime\Cache\Home\b6712068d68b0f23e361fceccafe8f1a.php 第 58 行.
NOTIC: [8] Undefined variable: u D:\phpStudy\WWW\wwwroot\Runtime\Cache\Home\b6712068d68b0f23e361fceccafe8f1a.php 第 58 行.
NOTIC: [8] Undefined variable: u D:\phpStudy\WWW\wwwroot\Runtime\Cache\Home\b6712068d68b0f23e361fceccafe8f1a.php 第 58 行.
NOTIC: [8] Undefined variable: u D:\phpStudy\WWW\wwwroot\Runtime\Cache\Home\b6712068d68b0f23e361fceccafe8f1a.php 第 58 行.
INFO: Run Behavior\ParseTemplate [ RunTime:0.027503s ]
INFO: [ view_parse ] --END-- [ RunTime:0.027637s ]
INFO: [ view_filter ] --START--
INFO: Run Behavior\WriteHtmlCache [ RunTime:0.000696s ]
INFO: [ view_filter ] --END-- [ RunTime:0.000832s ]
INFO: [ app_end ] --START--
INFO: Run Behavior\ShowPageTrace [ RunTime:0.001226s ]
INFO: [ app_end ] --END-- [ RunTime:0.001433s ]

[ 2017-08-12T11:31:51+08:00 ] ::1 /wwwroot/index.php?s=/Home/notice/detail.html
INFO: [ view_parse ] --START--
INFO: [ template_filter ] --START--
INFO: Run Behavior\ContentReplace [ RunTime:0.000090s ]
INFO: [ template_filter ] --END-- [ RunTime:0.000204s ]
INFO: Run Behavior\ParseTemplate [ RunTime:0.014885s ]
INFO: [ view_parse ] --END-- [ RunTime:0.015689s ]
INFO: [ view_filter ] --START--
INFO: Run Behavior\WriteHtmlCache [ RunTime:0.000634s ]
INFO: [ view_filter ] --END-- [ RunTime:0.000739s ]
INFO: [ app_end ] --START--
INFO: Run Behavior\ShowPageTrace [ RunTime:0.000912s ]
INFO: [ app_end ] --END-- [ RunTime:0.001020s ]

[ 2017-08-12T21:52:07+08:00 ] ::1 /wwwroot/
INFO: [ view_parse ] --START--
INFO: [ template_filter ] --START--
INFO: Run Behavior\ContentReplace [ RunTime:0.000109s ]
INFO: [ template_filter ] --END-- [ RunTime:0.000217s ]
INFO: Run Behavior\ParseTemplate [ RunTime:0.058203s ]
INFO: [ view_parse ] --END-- [ RunTime:0.059200s ]
INFO: [ view_filter ] --START--
INFO: Run Behavior\WriteHtmlCache [ RunTime:0.000864s ]
INFO: [ view_filter ] --END-- [ RunTime:0.000974s ]
INFO: [ app_end ] --START--
INFO: Run Behavior\ShowPageTrace [ RunTime:0.001275s ]
INFO: [ app_end ] --END-- [ RunTime:0.001387s ]

[ 2017-08-12T21:52:31+08:00 ] ::1 /wwwroot/index.php?s=/Home/notice/index.html
SQL: SHOW COLUMNS FROM `onethink_document` [ RunTime:0.030624s ]
SQL: SELECT * FROM `onethink_document` WHERE ( `category_id` = 42 )  [ RunTime:0.008167s ]
INFO: [ view_parse ] --START--
INFO: [ template_filter ] --START--
INFO: Run Behavior\ContentReplace [ RunTime:0.000116s ]
INFO: [ template_filter ] --END-- [ RunTime:0.000248s ]
NOTIC: [8] Undefined variable: u D:\phpStudy\WWW\wwwroot\Runtime\Cache\Home\b6712068d68b0f23e361fceccafe8f1a.php 第 58 行.
NOTIC: [8] Undefined variable: u D:\phpStudy\WWW\wwwroot\Runtime\Cache\Home\b6712068d68b0f23e361fceccafe8f1a.php 第 58 行.
NOTIC: [8] Undefined variable: u D:\phpStudy\WWW\wwwroot\Runtime\Cache\Home\b6712068d68b0f23e361fceccafe8f1a.php 第 58 行.
NOTIC: [8] Undefined variable: u D:\phpStudy\WWW\wwwroot\Runtime\Cache\Home\b6712068d68b0f23e361fceccafe8f1a.php 第 58 行.
INFO: Run Behavior\ParseTemplate [ RunTime:0.023999s ]
INFO: [ view_parse ] --END-- [ RunTime:0.024185s ]
INFO: [ view_filter ] --START--
INFO: Run Behavior\WriteHtmlCache [ RunTime:0.000642s ]
INFO: [ view_filter ] --END-- [ RunTime:0.000770s ]
INFO: [ app_end ] --START--
INFO: Run Behavior\ShowPageTrace [ RunTime:0.001065s ]
INFO: [ app_end ] --END-- [ RunTime:0.001200s ]

[ 2017-08-12T21:52:39+08:00 ] ::1 /wwwroot/index.php?s=/Home/Index/index.html
INFO: [ view_parse ] --START--
INFO: [ template_filter ] --START--
INFO: Run Behavior\ContentReplace [ RunTime:0.000106s ]
INFO: [ template_filter ] --END-- [ RunTime:0.000214s ]
INFO: Run Behavior\ParseTemplate [ RunTime:0.017122s ]
INFO: [ view_parse ] --END-- [ RunTime:0.017936s ]
INFO: [ view_filter ] --START--
INFO: Run Behavior\WriteHtmlCache [ RunTime:0.000490s ]
INFO: [ view_filter ] --END-- [ RunTime:0.000583s ]
INFO: [ app_end ] --START--
INFO: Run Behavior\ShowPageTrace [ RunTime:0.000897s ]
INFO: [ app_end ] --END-- [ RunTime:0.001002s ]

[ 2017-08-12T21:52:44+08:00 ] ::1 /wwwroot/index.php?s=/Home/Index/index.html
INFO: [ view_parse ] --START--
INFO: [ template_filter ] --START--
INFO: Run Behavior\ContentReplace [ RunTime:0.000106s ]
INFO: [ template_filter ] --END-- [ RunTime:0.000215s ]
INFO: Run Behavior\ParseTemplate [ RunTime:0.018358s ]
INFO: [ view_parse ] --END-- [ RunTime:0.019137s ]
INFO: [ view_filter ] --START--
INFO: Run Behavior\WriteHtmlCache [ RunTime:0.000738s ]
INFO: [ view_filter ] --END-- [ RunTime:0.000853s ]
INFO: [ app_end ] --START--
INFO: Run Behavior\ShowPageTrace [ RunTime:0.001854s ]
INFO: [ app_end ] --END-- [ RunTime:0.001971s ]

[ 2017-08-12T21:52:54+08:00 ] ::1 /wwwroot/index.php?s=/Home/User/login.html
INFO: [ view_parse ] --START--
INFO: [ template_filter ] --START--
INFO: Run Behavior\ContentReplace [ RunTime:0.000361s ]
INFO: [ template_filter ] --END-- [ RunTime:0.000542s ]
SQL: SHOW COLUMNS FROM `onethink_channel` [ RunTime:0.032110s ]
SQL: SELECT `id`,`pid`,`title`,`url`,`sort`,`create_time`,`update_time`,`status`,`target` FROM `onethink_channel` WHERE ( status=1 ) ORDER BY sort  [ RunTime:0.001095s ]
INFO: Run Behavior\ParseTemplate [ RunTime:0.158246s ]
INFO: [ view_parse ] --END-- [ RunTime:0.159114s ]
INFO: [ view_filter ] --START--
INFO: Run Behavior\WriteHtmlCache [ RunTime:0.000680s ]
INFO: [ view_filter ] --END-- [ RunTime:0.000805s ]
INFO: [ view_parse ] --START--
INFO: [ template_filter ] --START--
INFO: Run Behavior\ContentReplace [ RunTime:0.000977s ]
INFO: [ template_filter ] --END-- [ RunTime:-0.092536s ]
SQL: SELECT `id`,`pid`,`title`,`url`,`sort`,`create_time`,`update_time`,`status`,`target` FROM `onethink_channel` WHERE ( status=1 ) ORDER BY sort  [ RunTime:0.003719s ]
INFO: Run Behavior\ParseTemplate [ RunTime:0.043236s ]
INFO: [ view_parse ] --END-- [ RunTime:-0.026213s ]
INFO: [ view_filter ] --START--
INFO: Run Behavior\WriteHtmlCache [ RunTime:0.000027s ]
INFO: [ view_filter ] --END-- [ RunTime:-0.069080s ]
INFO: [ app_end ] --START--
INFO: Run Behavior\ShowPageTrace [ RunTime:0.001126s ]
INFO: [ app_end ] --END-- [ RunTime:0.001242s ]

[ 2017-08-12T21:52:54+08:00 ] ::1 /wwwroot/index.php?s=/Home/User/verify.html
INFO: [ app_end ] --START--
INFO: Run Behavior\ShowPageTrace [ RunTime:0.001005s ]
INFO: [ app_end ] --END-- [ RunTime:0.001913s ]

[ 2017-08-12T21:52:57+08:00 ] ::1 /wwwroot/index.php?s=/Home/User/login.html
INFO: [ view_parse ] --START--
INFO: [ template_filter ] --START--
INFO: Run Behavior\ContentReplace [ RunTime:0.000249s ]
INFO: [ template_filter ] --END-- [ RunTime:0.000363s ]
SQL: SHOW COLUMNS FROM `onethink_channel` [ RunTime:0.012912s ]
SQL: SELECT `id`,`pid`,`title`,`url`,`sort`,`create_time`,`update_time`,`status`,`target` FROM `onethink_channel` WHERE ( status=1 ) ORDER BY sort  [ RunTime:0.000572s ]
INFO: Run Behavior\ParseTemplate [ RunTime:0.039956s ]
INFO: [ view_parse ] --END-- [ RunTime:0.040822s ]
INFO: [ view_filter ] --START--
INFO: Run Behavior\WriteHtmlCache [ RunTime:0.000582s ]
INFO: [ view_filter ] --END-- [ RunTime:0.000687s ]
INFO: [ view_parse ] --START--
INFO: [ template_filter ] --START--
INFO: Run Behavior\ContentReplace [ RunTime:0.000187s ]
INFO: [ template_filter ] --END-- [ RunTime:-0.034272s ]
SQL: SELECT `id`,`pid`,`title`,`url`,`sort`,`create_time`,`update_time`,`status`,`target` FROM `onethink_channel` WHERE ( status=1 ) ORDER BY sort  [ RunTime:0.000585s ]
INFO: Run Behavior\ParseTemplate [ RunTime:0.020005s ]
INFO: [ view_parse ] --END-- [ RunTime:-0.002380s ]
INFO: [ view_filter ] --START--
INFO: Run Behavior\WriteHtmlCache [ RunTime:0.000024s ]
INFO: [ view_filter ] --END-- [ RunTime:-0.021820s ]
INFO: [ app_end ] --START--
INFO: Run Behavior\ShowPageTrace [ RunTime:0.001367s ]
INFO: [ app_end ] --END-- [ RunTime:0.001484s ]

[ 2017-08-12T21:52:57+08:00 ] ::1 /wwwroot/index.php?s=/Home/User/verify.html
INFO: [ app_end ] --START--
INFO: Run Behavior\ShowPageTrace [ RunTime:0.001116s ]
INFO: [ app_end ] --END-- [ RunTime:0.002190s ]

[ 2017-08-12T22:02:59+08:00 ] ::1 /wwwroot/index.php?s=/Home/User/login.html
INFO: [ view_parse ] --START--
INFO: [ template_filter ] --START--
INFO: Run Behavior\ContentReplace [ RunTime:0.000213s ]
INFO: [ template_filter ] --END-- [ RunTime:0.000327s ]
SQL: SHOW COLUMNS FROM `onethink_channel` [ RunTime:0.011745s ]
SQL: SELECT `id`,`pid`,`title`,`url`,`sort`,`create_time`,`update_time`,`status`,`target` FROM `onethink_channel` WHERE ( status=1 ) ORDER BY sort  [ RunTime:0.000784s ]
INFO: Run Behavior\ParseTemplate [ RunTime:0.074531s ]
INFO: [ view_parse ] --END-- [ RunTime:0.075555s ]
INFO: [ view_filter ] --START--
INFO: Run Behavior\WriteHtmlCache [ RunTime:0.001028s ]
INFO: [ view_filter ] --END-- [ RunTime:0.001173s ]
INFO: [ app_end ] --START--
INFO: Run Behavior\ShowPageTrace [ RunTime:0.001918s ]
INFO: [ app_end ] --END-- [ RunTime:0.002100s ]

[ 2017-08-12T22:02:59+08:00 ] ::1 /wwwroot/index.php?s=/Home/User/verify.html
INFO: [ app_end ] --START--
INFO: Run Behavior\ShowPageTrace [ RunTime:0.001832s ]
INFO: [ app_end ] --END-- [ RunTime:0.002790s ]

[ 2017-08-12T22:03:15+08:00 ] ::1 /wwwroot/index.php?s=/Home/User/index.html
ERR: 模板不存在:./Application/Home/View/default/User/index.html

[ 2017-08-12T22:03:18+08:00 ] ::1 /wwwroot/index.php?s=/Home/User/index
ERR: 模板不存在:./Application/Home/View/default/User/index.html

[ 2017-08-12T22:03:46+08:00 ] ::1 /wwwroot/index.php?s=/Home/User/index
ERR: 模板不存在:./Application/Home/View/default/User/index.html

[ 2017-08-12T22:03:47+08:00 ] ::1 /wwwroot/index.php?s=/Home/User/index.html
ERR: 模板不存在:./Application/Home/View/default/User/index.html

[ 2017-08-12T22:03:48+08:00 ] ::1 /wwwroot/index.php?s=/Home/User/verify.html
INFO: [ app_end ] --START--
INFO: Run Behavior\ShowPageTrace [ RunTime:0.001035s ]
INFO: [ app_end ] --END-- [ RunTime:0.002044s ]

[ 2017-08-12T22:04:43+08:00 ] ::1 /wwwroot/index.php?s=/Home/User/login.html
INFO: [ view_parse ] --START--
INFO: [ template_filter ] --START--
INFO: Run Behavior\ContentReplace [ RunTime:0.000224s ]
INFO: [ template_filter ] --END-- [ RunTime:0.000356s ]
SQL: SHOW COLUMNS FROM `onethink_channel` [ RunTime:0.011268s ]
SQL: SELECT `id`,`pid`,`title`,`url`,`sort`,`create_time`,`update_time`,`status`,`target` FROM `onethink_channel` WHERE ( status=1 ) ORDER BY sort  [ RunTime:0.000811s ]
INFO: Run Behavior\ParseTemplate [ RunTime:0.041455s ]
INFO: [ view_parse ] --END-- [ RunTime:0.042239s ]
INFO: [ view_filter ] --START--
INFO: Run Behavior\WriteHtmlCache [ RunTime:0.000661s ]
INFO: [ view_filter ] --END-- [ RunTime:0.000772s ]
INFO: [ view_parse ] --START--
INFO: [ template_filter ] --START--
INFO: Run Behavior\ContentReplace [ RunTime:0.000206s ]
INFO: [ template_filter ] --END-- [ RunTime:-0.033613s ]
SQL: SELECT `id`,`pid`,`title`,`url`,`sort`,`create_time`,`update_time`,`status`,`target` FROM `onethink_channel` WHERE ( status=1 ) ORDER BY sort  [ RunTime:0.000685s ]
INFO: Run Behavior\ParseTemplate [ RunTime:0.018591s ]
INFO: [ view_parse ] --END-- [ RunTime:-0.002630s ]
INFO: [ view_filter ] --START--
INFO: Run Behavior\WriteHtmlCache [ RunTime:0.000023s ]
INFO: [ view_filter ] --END-- [ RunTime:-0.020541s ]
INFO: [ app_end ] --START--
INFO: Run Behavior\ShowPageTrace [ RunTime:0.000969s ]
INFO: [ app_end ] --END-- [ RunTime:0.001071s ]

[ 2017-08-12T22:04:43+08:00 ] ::1 /wwwroot/index.php?s=/Home/User/verify.html
INFO: [ app_end ] --START--
INFO: Run Behavior\ShowPageTrace [ RunTime:0.001730s ]
INFO: [ app_end ] --END-- [ RunTime:0.003302s ]

[ 2017-08-12T22:14:32+08:00 ] ::1 /wwwroot/index.php?s=/Home/User/verify.html
INFO: [ app_end ] --START--
INFO: Run Behavior\ShowPageTrace [ RunTime:0.001435s ]
INFO: [ app_end ] --END-- [ RunTime:0.002770s ]

[ 2017-08-12T22:15:30+08:00 ] ::1 /wwwroot/index.php?s=/Home/User/login.html
ERR: 模板不存在:./Application/Home/View/default/User/index.html

[ 2017-08-12T22:15:36+08:00 ] ::1 /wwwroot/index.php?s=/Home/User/login.html
ERR: 模板不存在:./Application/Home/View/default/User/index.html

[ 2017-08-12T22:15:39+08:00 ] ::1 /wwwroot/index.php?s=/Home/User/login.html
ERR: 模板不存在:./Application/Home/View/default/User/index.html

[ 2017-08-12T22:16:08+08:00 ] ::1 /wwwroot/index.php?s=/Home/User/login.html
INFO: [ view_parse ] --START--
INFO: [ template_filter ] --START--
INFO: Run Behavior\ContentReplace [ RunTime:0.000304s ]
INFO: [ template_filter ] --END-- [ RunTime:0.000590s ]
SQL: SHOW COLUMNS FROM `onethink_channel` [ RunTime:0.012534s ]
SQL: SELECT `id`,`pid`,`title`,`url`,`sort`,`create_time`,`update_time`,`status`,`target` FROM `onethink_channel` WHERE ( status=1 ) ORDER BY sort  [ RunTime:0.000632s ]
INFO: Run Behavior\ParseTemplate [ RunTime:0.081731s ]
INFO: [ view_parse ] --END-- [ RunTime:0.082556s ]
INFO: [ view_filter ] --START--
INFO: Run Behavior\WriteHtmlCache [ RunTime:0.000765s ]
INFO: [ view_filter ] --END-- [ RunTime:0.000871s ]
INFO: [ app_end ] --START--
INFO: Run Behavior\ShowPageTrace [ RunTime:0.000916s ]
INFO: [ app_end ] --END-- [ RunTime:0.001023s ]

[ 2017-08-12T22:16:08+08:00 ] ::1 /wwwroot/index.php?s=/Home/User/verify.html
INFO: [ app_end ] --START--
INFO: Run Behavior\ShowPageTrace [ RunTime:0.001163s ]
INFO: [ app_end ] --END-- [ RunTime:0.002315s ]

[ 2017-08-12T22:17:21+08:00 ] ::1 /wwwroot/index.php?s=/Home/User/login
INFO: [ view_parse ] --START--
INFO: [ template_filter ] --START--
INFO: Run Behavior\ContentReplace [ RunTime:0.000208s ]
INFO: [ template_filter ] --END-- [ RunTime:0.000326s ]
SQL: SHOW COLUMNS FROM `onethink_channel` [ RunTime:0.012541s ]
SQL: SELECT `id`,`pid`,`title`,`url`,`sort`,`create_time`,`update_time`,`status`,`target` FROM `onethink_channel` WHERE ( status=1 ) ORDER BY sort  [ RunTime:0.000684s ]
INFO: Run Behavior\ParseTemplate [ RunTime:0.052276s ]
INFO: [ view_parse ] --END-- [ RunTime:0.053692s ]
INFO: [ view_filter ] --START--
INFO: Run Behavior\WriteHtmlCache [ RunTime:0.000644s ]
INFO: [ view_filter ] --END-- [ RunTime:0.000755s ]
INFO: [ app_end ] --START--
INFO: Run Behavior\ShowPageTrace [ RunTime:0.001186s ]
INFO: [ app_end ] --END-- [ RunTime:0.001297s ]

[ 2017-08-12T22:17:21+08:00 ] ::1 /wwwroot/index.php?s=/Home/User/verify.html
INFO: [ app_end ] --START--
INFO: Run Behavior\ShowPageTrace [ RunTime:0.001059s ]
INFO: [ app_end ] --END-- [ RunTime:0.002049s ]

[ 2017-08-12T22:17:38+08:00 ] ::1 /wwwroot/index.php?s=/Home/User/login
INFO: [ view_parse ] --START--
INFO: [ template_filter ] --START--
INFO: Run Behavior\ContentReplace [ RunTime:0.000213s ]
INFO: [ template_filter ] --END-- [ RunTime:0.000335s ]
SQL: SHOW COLUMNS FROM `onethink_channel` [ RunTime:0.012169s ]
SQL: SELECT `id`,`pid`,`title`,`url`,`sort`,`create_time`,`update_time`,`status`,`target` FROM `onethink_channel` WHERE ( status=1 ) ORDER BY sort  [ RunTime:0.000709s ]
INFO: Run Behavior\ParseTemplate [ RunTime:0.044307s ]
INFO: [ view_parse ] --END-- [ RunTime:0.045167s ]
INFO: [ view_filter ] --START--
INFO: Run Behavior\WriteHtmlCache [ RunTime:0.000592s ]
INFO: [ view_filter ] --END-- [ RunTime:0.000695s ]
INFO: [ app_end ] --START--
INFO: Run Behavior\ShowPageTrace [ RunTime:0.000897s ]
INFO: [ app_end ] --END-- [ RunTime:0.001004s ]

[ 2017-08-12T22:17:39+08:00 ] ::1 /wwwroot/index.php?s=/Home/User/verify.html
INFO: [ app_end ] --START--
INFO: Run Behavior\ShowPageTrace [ RunTime:0.000968s ]
INFO: [ app_end ] --END-- [ RunTime:0.001884s ]

[ 2017-08-12T22:17:40+08:00 ] ::1 /wwwroot/index.php?s=/Home/User/login
INFO: [ view_parse ] --START--
INFO: [ template_filter ] --START--
INFO: Run Behavior\ContentReplace [ RunTime:0.000210s ]
INFO: [ template_filter ] --END-- [ RunTime:0.000333s ]
SQL: SHOW COLUMNS FROM `onethink_channel` [ RunTime:0.023841s ]
SQL: SELECT `id`,`pid`,`title`,`url`,`sort`,`create_time`,`update_time`,`status`,`target` FROM `onethink_channel` WHERE ( status=1 ) ORDER BY sort  [ RunTime:0.000554s ]
INFO: Run Behavior\ParseTemplate [ RunTime:0.054695s ]
INFO: [ view_parse ] --END-- [ RunTime:0.055589s ]
INFO: [ view_filter ] --START--
INFO: Run Behavior\WriteHtmlCache [ RunTime:0.000671s ]
INFO: [ view_filter ] --END-- [ RunTime:0.000778s ]
INFO: [ app_end ] --START--
INFO: Run Behavior\ShowPageTrace [ RunTime:0.000955s ]
INFO: [ app_end ] --END-- [ RunTime:0.001062s ]

[ 2017-08-12T22:17:40+08:00 ] ::1 /wwwroot/index.php?s=/Home/User/verify.html
INFO: [ app_end ] --START--
INFO: Run Behavior\ShowPageTrace [ RunTime:0.000969s ]
INFO: [ app_end ] --END-- [ RunTime:0.001893s ]

[ 2017-08-12T22:17:59+08:00 ] ::1 /wwwroot/index.php?s=/Home/User/login
INFO: [ view_parse ] --START--
INFO: [ template_filter ] --START--
INFO: Run Behavior\ContentReplace [ RunTime:0.000219s ]
INFO: [ template_filter ] --END-- [ RunTime:0.000425s ]
SQL: SHOW COLUMNS FROM `onethink_channel` [ RunTime:0.012656s ]
SQL: SELECT `id`,`pid`,`title`,`url`,`sort`,`create_time`,`update_time`,`status`,`target` FROM `onethink_channel` WHERE ( status=1 ) ORDER BY sort  [ RunTime:0.000679s ]
INFO: Run Behavior\ParseTemplate [ RunTime:0.046412s ]
INFO: [ view_parse ] --END-- [ RunTime:0.047203s ]
INFO: [ view_filter ] --START--
INFO: Run Behavior\WriteHtmlCache [ RunTime:0.000688s ]
INFO: [ view_filter ] --END-- [ RunTime:0.000807s ]
INFO: [ app_end ] --START--
INFO: Run Behavior\ShowPageTrace [ RunTime:0.001064s ]
INFO: [ app_end ] --END-- [ RunTime:0.001182s ]

[ 2017-08-12T22:17:59+08:00 ] ::1 /wwwroot/index.php?s=/Home/User/verify.html
INFO: [ app_end ] --START--
INFO: Run Behavior\ShowPageTrace [ RunTime:0.001057s ]
INFO: [ app_end ] --END-- [ RunTime:0.001996s ]

[ 2017-08-12T22:18:00+08:00 ] ::1 /wwwroot/index.php?s=/Home/User/login
INFO: [ view_parse ] --START--
INFO: [ template_filter ] --START--
INFO: Run Behavior\ContentReplace [ RunTime:0.000489s ]
INFO: [ template_filter ] --END-- [ RunTime:0.000873s ]
SQL: SHOW COLUMNS FROM `onethink_channel` [ RunTime:0.010774s ]
SQL: SELECT `id`,`pid`,`title`,`url`,`sort`,`create_time`,`update_time`,`status`,`target` FROM `onethink_channel` WHERE ( status=1 ) ORDER BY sort  [ RunTime:0.001220s ]
INFO: Run Behavior\ParseTemplate [ RunTime:0.041460s ]
INFO: [ view_parse ] --END-- [ RunTime:0.042317s ]
INFO: [ view_filter ] --START--
INFO: Run Behavior\WriteHtmlCache [ RunTime:0.000682s ]
INFO: [ view_filter ] --END-- [ RunTime:0.000792s ]
INFO: [ app_end ] --START--
INFO: Run Behavior\ShowPageTrace [ RunTime:0.001088s ]
INFO: [ app_end ] --END-- [ RunTime:0.001207s ]

[ 2017-08-12T22:18:00+08:00 ] ::1 /wwwroot/index.php?s=/Home/User/verify.html
INFO: [ app_end ] --START--
INFO: Run Behavior\ShowPageTrace [ RunTime:0.001019s ]
INFO: [ app_end ] --END-- [ RunTime:0.001951s ]

[ 2017-08-12T22:18:00+08:00 ] ::1 /wwwroot/index.php?s=/Home/User/login
INFO: [ view_parse ] --START--
INFO: [ template_filter ] --START--
INFO: Run Behavior\ContentReplace [ RunTime:0.000938s ]
INFO: [ template_filter ] --END-- [ RunTime:0.001093s ]
SQL: SHOW COLUMNS FROM `onethink_channel` [ RunTime:0.011345s ]
SQL: SELECT `id`,`pid`,`title`,`url`,`sort`,`create_time`,`update_time`,`status`,`target` FROM `onethink_channel` WHERE ( status=1 ) ORDER BY sort  [ RunTime:0.000970s ]
INFO: Run Behavior\ParseTemplate [ RunTime:0.041196s ]
INFO: [ view_parse ] --END-- [ RunTime:0.042113s ]
INFO: [ view_filter ] --START--
INFO: Run Behavior\WriteHtmlCache [ RunTime:0.000755s ]
INFO: [ view_filter ] --END-- [ RunTime:0.000866s ]
INFO: [ app_end ] --START--
INFO: Run Behavior\ShowPageTrace [ RunTime:0.001257s ]
INFO: [ app_end ] --END-- [ RunTime:0.001379s ]

[ 2017-08-12T22:18:01+08:00 ] ::1 /wwwroot/index.php?s=/Home/User/verify.html
INFO: [ app_end ] --START--
INFO: Run Behavior\ShowPageTrace [ RunTime:0.000966s ]
INFO: [ app_end ] --END-- [ RunTime:0.001879s ]

[ 2017-08-12T22:19:16+08:00 ] ::1 /wwwroot/index.php?s=/Home/User/login
INFO: [ view_parse ] --START--
INFO: [ template_filter ] --START--
INFO: Run Behavior\ContentReplace [ RunTime:0.000212s ]
INFO: [ template_filter ] --END-- [ RunTime:0.000332s ]
SQL: SHOW COLUMNS FROM `onethink_channel` [ RunTime:0.012031s ]
SQL: SELECT `id`,`pid`,`title`,`url`,`sort`,`create_time`,`update_time`,`status`,`target` FROM `onethink_channel` WHERE ( status=1 ) ORDER BY sort  [ RunTime:0.000681s ]
INFO: Run Behavior\ParseTemplate [ RunTime:0.046175s ]
INFO: [ view_parse ] --END-- [ RunTime:0.046972s ]
INFO: [ view_filter ] --START--
INFO: Run Behavior\WriteHtmlCache [ RunTime:0.000812s ]
INFO: [ view_filter ] --END-- [ RunTime:0.000917s ]
INFO: [ app_end ] --START--
INFO: Run Behavior\ShowPageTrace [ RunTime:0.000880s ]
INFO: [ app_end ] --END-- [ RunTime:0.000985s ]

[ 2017-08-12T22:19:16+08:00 ] ::1 /wwwroot/index.php?s=/Home/User/verify.html
INFO: [ app_end ] --START--
INFO: Run Behavior\ShowPageTrace [ RunTime:0.001088s ]
INFO: [ app_end ] --END-- [ RunTime:0.002052s ]

[ 2017-08-12T22:19:17+08:00 ] ::1 /wwwroot/index.php?s=/Home/User/login
INFO: [ view_parse ] --START--
INFO: [ template_filter ] --START--
INFO: Run Behavior\ContentReplace [ RunTime:0.000218s ]
INFO: [ template_filter ] --END-- [ RunTime:0.000333s ]
SQL: SHOW COLUMNS FROM `onethink_channel` [ RunTime:0.012817s ]
SQL: SELECT `id`,`pid`,`title`,`url`,`sort`,`create_time`,`update_time`,`status`,`target` FROM `onethink_channel` WHERE ( status=1 ) ORDER BY sort  [ RunTime:0.000945s ]
INFO: Run Behavior\ParseTemplate [ RunTime:0.044959s ]
INFO: [ view_parse ] --END-- [ RunTime:0.045833s ]
INFO: [ view_filter ] --START--
INFO: Run Behavior\WriteHtmlCache [ RunTime:0.000699s ]
INFO: [ view_filter ] --END-- [ RunTime:0.000810s ]
INFO: [ app_end ] --START--
INFO: Run Behavior\ShowPageTrace [ RunTime:0.001085s ]
INFO: [ app_end ] --END-- [ RunTime:0.001203s ]

[ 2017-08-12T22:19:17+08:00 ] ::1 /wwwroot/index.php?s=/Home/User/verify.html
INFO: [ app_end ] --START--
INFO: Run Behavior\ShowPageTrace [ RunTime:0.001192s ]
INFO: [ app_end ] --END-- [ RunTime:0.002176s ]

[ 2017-08-12T22:19:33+08:00 ] ::1 /wwwroot/index.php?s=/Home/User/login
INFO: [ view_parse ] --START--
INFO: [ template_filter ] --START--
INFO: Run Behavior\ContentReplace [ RunTime:0.000212s ]
INFO: [ template_filter ] --END-- [ RunTime:0.000331s ]
SQL: SHOW COLUMNS FROM `onethink_channel` [ RunTime:0.013156s ]
SQL: SELECT `id`,`pid`,`title`,`url`,`sort`,`create_time`,`update_time`,`status`,`target` FROM `onethink_channel` WHERE ( status=1 ) ORDER BY sort  [ RunTime:0.000704s ]
INFO: Run Behavior\ParseTemplate [ RunTime:0.051746s ]
INFO: [ view_parse ] --END-- [ RunTime:0.052804s ]
INFO: [ view_filter ] --START--
INFO: Run Behavior\WriteHtmlCache [ RunTime:0.000704s ]
INFO: [ view_filter ] --END-- [ RunTime:0.000817s ]
INFO: [ app_end ] --START--
INFO: Run Behavior\ShowPageTrace [ RunTime:0.001200s ]
INFO: [ app_end ] --END-- [ RunTime:0.001312s ]

[ 2017-08-12T22:19:33+08:00 ] ::1 /wwwroot/index.php?s=/Home/User/verify.html
INFO: [ app_end ] --START--
INFO: Run Behavior\ShowPageTrace [ RunTime:0.000982s ]
INFO: [ app_end ] --END-- [ RunTime:0.001929s ]

[ 2017-08-12T22:19:34+08:00 ] ::1 /wwwroot/index.php?s=/Home/User/login
INFO: [ view_parse ] --START--
INFO: [ template_filter ] --START--
INFO: Run Behavior\ContentReplace [ RunTime:0.000215s ]
INFO: [ template_filter ] --END-- [ RunTime:0.000341s ]
SQL: SHOW COLUMNS FROM `onethink_channel` [ RunTime:0.010680s ]
SQL: SELECT `id`,`pid`,`title`,`url`,`sort`,`create_time`,`update_time`,`status`,`target` FROM `onethink_channel` WHERE ( status=1 ) ORDER BY sort  [ RunTime:0.000760s ]
INFO: Run Behavior\ParseTemplate [ RunTime:0.039976s ]
INFO: [ view_parse ] --END-- [ RunTime:0.040866s ]
INFO: [ view_filter ] --START--
INFO: Run Behavior\WriteHtmlCache [ RunTime:0.001799s ]
INFO: [ view_filter ] --END-- [ RunTime:0.001920s ]
INFO: [ app_end ] --START--
INFO: Run Behavior\ShowPageTrace [ RunTime:0.001088s ]
INFO: [ app_end ] --END-- [ RunTime:0.001204s ]

[ 2017-08-12T22:19:34+08:00 ] ::1 /wwwroot/index.php?s=/Home/User/verify.html
INFO: [ app_end ] --START--
INFO: Run Behavior\ShowPageTrace [ RunTime:0.000891s ]
INFO: [ app_end ] --END-- [ RunTime:0.001755s ]

[ 2017-08-12T22:19:47+08:00 ] ::1 /wwwroot/index.php?s=/Home/User/login.html
INFO: [ view_parse ] --START--
INFO: [ template_filter ] --START--
INFO: Run Behavior\ContentReplace [ RunTime:0.000215s ]
INFO: [ template_filter ] --END-- [ RunTime:0.000337s ]
SQL: SHOW COLUMNS FROM `onethink_channel` [ RunTime:0.011132s ]
SQL: SELECT `id`,`pid`,`title`,`url`,`sort`,`create_time`,`update_time`,`status`,`target` FROM `onethink_channel` WHERE ( status=1 ) ORDER BY sort  [ RunTime:0.000556s ]
INFO: Run Behavior\ParseTemplate [ RunTime:0.041207s ]
INFO: [ view_parse ] --END-- [ RunTime:0.042102s ]
INFO: [ view_filter ] --START--
INFO: Run Behavior\WriteHtmlCache [ RunTime:0.000598s ]
INFO: [ view_filter ] --END-- [ RunTime:0.000700s ]
INFO: [ app_end ] --START--
INFO: Run Behavior\ShowPageTrace [ RunTime:0.000886s ]
INFO: [ app_end ] --END-- [ RunTime:0.000993s ]

[ 2017-08-12T22:19:47+08:00 ] ::1 /wwwroot/index.php?s=/Home/User/verify.html
INFO: [ app_end ] --START--
INFO: Run Behavior\ShowPageTrace [ RunTime:0.001046s ]
INFO: [ app_end ] --END-- [ RunTime:0.001978s ]

[ 2017-08-12T22:20:02+08:00 ] ::1 /wwwroot/index.php?login.html
INFO: [ view_parse ] --START--
INFO: [ template_filter ] --START--
INFO: Run Behavior\ContentReplace [ RunTime:0.000142s ]
INFO: [ template_filter ] --END-- [ RunTime:0.000287s ]
INFO: Run Behavior\ParseTemplate [ RunTime:0.016957s ]
INFO: [ view_parse ] --END-- [ RunTime:0.017812s ]
INFO: [ view_filter ] --START--
INFO: Run Behavior\WriteHtmlCache [ RunTime:0.000500s ]
INFO: [ view_filter ] --END-- [ RunTime:0.000596s ]
INFO: [ app_end ] --START--
INFO: Run Behavior\ShowPageTrace [ RunTime:0.001119s ]
INFO: [ app_end ] --END-- [ RunTime:0.001403s ]

[ 2017-08-12T22:22:10+08:00 ] ::1 /wwwroot/index.php?s=/Home/User/verify.html
INFO: [ app_end ] --START--
INFO: Run Behavior\ShowPageTrace [ RunTime:0.001722s ]
INFO: [ app_end ] --END-- [ RunTime:0.003108s ]

[ 2017-08-12T22:22:11+08:00 ] ::1 /wwwroot/index.php?s=/Home/User/login.html
INFO: [ view_parse ] --START--
INFO: [ template_filter ] --START--
INFO: Run Behavior\ContentReplace [ RunTime:0.000205s ]
INFO: [ template_filter ] --END-- [ RunTime:0.000319s ]
SQL: SHOW COLUMNS FROM `onethink_channel` [ RunTime:0.011906s ]
SQL: SELECT `id`,`pid`,`title`,`url`,`sort`,`create_time`,`update_time`,`status`,`target` FROM `onethink_channel` WHERE ( status=1 ) ORDER BY sort  [ RunTime:0.001021s ]
INFO: Run Behavior\ParseTemplate [ RunTime:0.088434s ]
INFO: [ view_parse ] --END-- [ RunTime:0.090043s ]
INFO: [ view_filter ] --START--
INFO: Run Behavior\WriteHtmlCache [ RunTime:0.000880s ]
INFO: [ view_filter ] --END-- [ RunTime:0.000990s ]
INFO: [ app_end ] --START--
INFO: Run Behavior\ShowPageTrace [ RunTime:0.001112s ]
INFO: [ app_end ] --END-- [ RunTime:0.001228s ]

[ 2017-08-12T22:22:12+08:00 ] ::1 /wwwroot/index.php?s=/Home/User/verify.html
INFO: [ app_end ] --START--
INFO: Run Behavior\ShowPageTrace [ RunTime:0.000958s ]
INFO: [ app_end ] --END-- [ RunTime:0.001828s ]

[ 2017-08-12T22:26:42+08:00 ] ::1 /wwwroot/index.php?s=/Home/User/login
INFO: [ view_parse ] --START--
INFO: [ template_filter ] --START--
INFO: Run Behavior\ContentReplace [ RunTime:0.000207s ]
INFO: [ template_filter ] --END-- [ RunTime:0.000322s ]
SQL: SHOW COLUMNS FROM `onethink_channel` [ RunTime:0.011952s ]
SQL: SELECT `id`,`pid`,`title`,`url`,`sort`,`create_time`,`update_time`,`status`,`target` FROM `onethink_channel` WHERE ( status=1 ) ORDER BY sort  [ RunTime:0.000715s ]
INFO: Run Behavior\ParseTemplate [ RunTime:0.045606s ]
INFO: [ view_parse ] --END-- [ RunTime:0.046849s ]
INFO: [ view_filter ] --START--
INFO: Run Behavior\WriteHtmlCache [ RunTime:0.000897s ]
INFO: [ view_filter ] --END-- [ RunTime:0.001011s ]
INFO: [ app_end ] --START--
INFO: Run Behavior\ShowPageTrace [ RunTime:0.001206s ]
INFO: [ app_end ] --END-- [ RunTime:0.001323s ]

[ 2017-08-12T22:26:42+08:00 ] ::1 /wwwroot/index.php?s=/Home/User/verify.html
INFO: [ app_end ] --START--
INFO: Run Behavior\ShowPageTrace [ RunTime:0.001074s ]
INFO: [ app_end ] --END-- [ RunTime:0.002104s ]

[ 2017-08-12T22:27:32+08:00 ] ::1 /wwwroot/index.php?s=/Home/User/login
INFO: [ view_parse ] --START--
INFO: [ template_filter ] --START--
INFO: Run Behavior\ContentReplace [ RunTime:0.000202s ]
INFO: [ template_filter ] --END-- [ RunTime:0.000312s ]
SQL: SHOW COLUMNS FROM `onethink_channel` [ RunTime:0.011385s ]
SQL: SELECT `id`,`pid`,`title`,`url`,`sort`,`create_time`,`update_time`,`status`,`target` FROM `onethink_channel` WHERE ( status=1 ) ORDER BY sort  [ RunTime:0.000603s ]
INFO: Run Behavior\ParseTemplate [ RunTime:0.037221s ]
INFO: [ view_parse ] --END-- [ RunTime:0.038266s ]
INFO: [ view_filter ] --START--
INFO: Run Behavior\WriteHtmlCache [ RunTime:0.000613s ]
INFO: [ view_filter ] --END-- [ RunTime:0.000717s ]
INFO: [ app_end ] --START--
INFO: Run Behavior\ShowPageTrace [ RunTime:0.000923s ]
INFO: [ app_end ] --END-- [ RunTime:0.001029s ]

[ 2017-08-12T22:27:32+08:00 ] ::1 /wwwroot/index.php?s=/Home/User/verify.html
INFO: [ app_end ] --START--
INFO: Run Behavior\ShowPageTrace [ RunTime:0.000905s ]
INFO: [ app_end ] --END-- [ RunTime:0.001820s ]

[ 2017-08-12T22:28:33+08:00 ] ::1 /wwwroot/index.php?s=/Home/Index/index.html
INFO: [ view_parse ] --START--
INFO: [ template_filter ] --START--
INFO: Run Behavior\ContentReplace [ RunTime:0.000111s ]
INFO: [ template_filter ] --END-- [ RunTime:0.000222s ]
INFO: Run Behavior\ParseTemplate [ RunTime:0.017589s ]
INFO: [ view_parse ] --END-- [ RunTime:0.018766s ]
INFO: [ view_filter ] --START--
INFO: Run Behavior\WriteHtmlCache [ RunTime:0.001933s ]
INFO: [ view_filter ] --END-- [ RunTime:0.002052s ]
INFO: [ app_end ] --START--
INFO: Run Behavior\ShowPageTrace [ RunTime:0.000990s ]
INFO: [ app_end ] --END-- [ RunTime:0.001116s ]

[ 2017-08-12T22:28:52+08:00 ] ::1 /wwwroot/index.php?s=/Home/user/index
INFO: [ app_end ] --START--
INFO: Run Behavior\ShowPageTrace [ RunTime:0.001078s ]
INFO: [ app_end ] --END-- [ RunTime:0.001947s ]

[ 2017-08-12T22:28:56+08:00 ] ::1 /wwwroot/index.php?s=/Home/User/login.html
INFO: [ view_parse ] --START--
INFO: [ template_filter ] --START--
INFO: Run Behavior\ContentReplace [ RunTime:0.000209s ]
INFO: [ template_filter ] --END-- [ RunTime:0.000327s ]
SQL: SHOW COLUMNS FROM `onethink_channel` [ RunTime:0.011491s ]
SQL: SELECT `id`,`pid`,`title`,`url`,`sort`,`create_time`,`update_time`,`status`,`target` FROM `onethink_channel` WHERE ( status=1 ) ORDER BY sort  [ RunTime:0.000583s ]
INFO: Run Behavior\ParseTemplate [ RunTime:0.045225s ]
INFO: [ view_parse ] --END-- [ RunTime:0.046074s ]
INFO: [ view_filter ] --START--
INFO: Run Behavior\WriteHtmlCache [ RunTime:0.000748s ]
INFO: [ view_filter ] --END-- [ RunTime:0.000849s ]
INFO: [ app_end ] --START--
INFO: Run Behavior\ShowPageTrace [ RunTime:0.000977s ]
INFO: [ app_end ] --END-- [ RunTime:0.001086s ]

[ 2017-08-12T22:28:56+08:00 ] ::1 /wwwroot/index.php?s=/Home/User/verify.html
INFO: [ app_end ] --START--
INFO: Run Behavior\ShowPageTrace [ RunTime:0.000991s ]
INFO: [ app_end ] --END-- [ RunTime:0.001881s ]

[ 2017-08-12T22:47:37+08:00 ] ::1 /wwwroot/index.php?s=/admin/public/login.html
INFO: [ view_parse ] --START--
INFO: [ template_filter ] --START--
INFO: Run Behavior\ContentReplace [ RunTime:0.000128s ]
INFO: [ template_filter ] --END-- [ RunTime:0.000240s ]
INFO: Run Behavior\ParseTemplate [ RunTime:0.070299s ]
INFO: [ view_parse ] --END-- [ RunTime:0.071168s ]
INFO: [ view_filter ] --START--
INFO: Run Behavior\WriteHtmlCache [ RunTime:0.000794s ]
INFO: [ view_filter ] --END-- [ RunTime:0.000898s ]
INFO: [ app_end ] --START--
INFO: Run Behavior\ShowPageTrace [ RunTime:0.001105s ]
INFO: [ app_end ] --END-- [ RunTime:0.001215s ]

[ 2017-08-12T22:48:10+08:00 ] ::1 /wwwroot/index.php?s=/Home/user/index.html
INFO: [ app_end ] --START--
INFO: Run Behavior\ShowPageTrace [ RunTime:0.001106s ]
INFO: [ app_end ] --END-- [ RunTime:0.002040s ]

[ 2017-08-12T22:48:13+08:00 ] ::1 /wwwroot/index.php?s=/Home/user/
INFO: [ app_end ] --START--
INFO: Run Behavior\ShowPageTrace [ RunTime:0.001219s ]
INFO: [ app_end ] --END-- [ RunTime:0.002181s ]

[ 2017-08-12T22:48:18+08:00 ] ::1 /wwwroot/index.php?s=/Home/User/login.html
INFO: [ view_parse ] --START--
INFO: [ template_filter ] --START--
INFO: Run Behavior\ContentReplace [ RunTime:0.000208s ]
INFO: [ template_filter ] --END-- [ RunTime:0.000324s ]
SQL: SHOW COLUMNS FROM `onethink_channel` [ RunTime:0.027079s ]
SQL: SELECT `id`,`pid`,`title`,`url`,`sort`,`create_time`,`update_time`,`status`,`target` FROM `onethink_channel` WHERE ( status=1 ) ORDER BY sort  [ RunTime:0.006462s ]
INFO: Run Behavior\ParseTemplate [ RunTime:0.081356s ]
INFO: [ view_parse ] --END-- [ RunTime:0.082479s ]
INFO: [ view_filter ] --START--
INFO: Run Behavior\WriteHtmlCache [ RunTime:0.000575s ]
INFO: [ view_filter ] --END-- [ RunTime:0.000676s ]
INFO: [ app_end ] --START--
INFO: Run Behavior\ShowPageTrace [ RunTime:0.000855s ]
INFO: [ app_end ] --END-- [ RunTime:0.000959s ]

[ 2017-08-12T22:48:18+08:00 ] ::1 /wwwroot/index.php?s=/Home/User/verify.html
INFO: [ app_end ] --START--
INFO: Run Behavior\ShowPageTrace [ RunTime:0.000999s ]
INFO: [ app_end ] --END-- [ RunTime:0.001925s ]

[ 2017-08-12T22:48:25+08:00 ] ::1 /wwwroot/index.php?s=/Home/Article/index/category/blog.html
SQL: SHOW COLUMNS FROM `onethink_category` [ RunTime:0.101705s ]
SQL: SELECT `id`,`name`,`title`,`pid`,`sort`,`list_row`,`meta_title`,`keywords`,`description`,`template_index`,`template_lists`,`template_detail`,`template_edit`,`model`,`type`,`link_id`,`allow_publish`,`display`,`reply`,`check`,`reply_model`,`extend`,`create_time`,`update_time`,`status`,`icon` FROM `onethink_category` WHERE ( `name` = 'blog' ) LIMIT 1   [ RunTime:0.016840s ]
INFO: [ view_parse ] --START--
INFO: [ template_filter ] --START--
INFO: Run Behavior\ContentReplace [ RunTime:0.000200s ]
INFO: [ template_filter ] --END-- [ RunTime:0.000312s ]
SQL: SHOW COLUMNS FROM `onethink_channel` [ RunTime:0.012546s ]
SQL: SELECT `id`,`pid`,`title`,`url`,`sort`,`create_time`,`update_time`,`status`,`target` FROM `onethink_channel` WHERE ( status=1 ) ORDER BY sort  [ RunTime:0.000749s ]
SQL: SELECT `id`,`name`,`title`,`pid`,`sort`,`list_row`,`meta_title`,`keywords`,`description`,`template_index`,`template_lists`,`template_detail`,`template_edit`,`model`,`type`,`link_id`,`allow_publish`,`display`,`reply`,`check`,`reply_model`,`extend`,`create_time`,`update_time`,`status`,`icon` FROM `onethink_category` WHERE ( `id` = 1 ) LIMIT 1   [ RunTime:0.000965s ]
SQL: SELECT `id`,`name`,`pid`,`title`,`link_id` FROM `onethink_category` WHERE ( `status` = 1 ) ORDER BY sort  [ RunTime:0.000846s ]
INFO: [ view_parse ] --START--
INFO: [ template_filter ] --START--
INFO: Run Behavior\ContentReplace [ RunTime:0.000100s ]
INFO: [ template_filter ] --END-- [ RunTime:-0.038219s ]
INFO: Run Behavior\ParseTemplate [ RunTime:0.011069s ]
INFO: [ view_parse ] --END-- [ RunTime:0.011201s ]
INFO: [ view_filter ] --START--
INFO: Run Behavior\WriteHtmlCache [ RunTime:0.000558s ]
INFO: [ view_filter ] --END-- [ RunTime:0.000667s ]
SQL: SELECT `id`,`name`,`title`,`pid`,`sort`,`list_row`,`meta_title`,`keywords`,`description`,`template_index`,`template_lists`,`template_detail`,`template_edit`,`model`,`type`,`link_id`,`allow_publish`,`display`,`reply`,`check`,`reply_model`,`extend`,`create_time`,`update_time`,`status`,`icon` FROM `onethink_category` WHERE ( `id` = 1 ) LIMIT 1   [ RunTime:0.000956s ]
SQL: SELECT `id`,`name`,`pid`,`title`,`link_id` FROM `onethink_category` WHERE ( `status` = 1 ) ORDER BY sort  [ RunTime:0.000906s ]
SQL: SHOW COLUMNS FROM `onethink_document` [ RunTime:0.037673s ]
SQL: SELECT `id`,`uid`,`name`,`title`,`category_id`,`description`,`root`,`pid`,`model_id`,`type`,`position`,`link_id`,`cover_id`,`display`,`deadline`,`attach`,`view`,`comment`,`extend`,`level`,`create_time`,`update_time`,`status` FROM `onethink_document` WHERE ( `status` = 1 ) AND ( `pid` = 0 ) AND ( `category_id` = 2 ) AND ( `create_time` < 1502549304 ) AND ( deadline = 0 OR deadline > 1502549304 ) ORDER BY `level` DESC,`id` DESC LIMIT 0,10   [ RunTime:0.121244s ]
INFO: Run Behavior\ParseTemplate [ RunTime:0.225145s ]
INFO: [ view_parse ] --END-- [ RunTime:0.011201s ]
INFO: [ view_filter ] --START--
INFO: Run Behavior\WriteHtmlCache [ RunTime:0.000041s ]
INFO: [ view_filter ] --END-- [ RunTime:-0.213449s ]
INFO: [ app_end ] --START--
INFO: Run Behavior\ShowPageTrace [ RunTime:0.001506s ]
INFO: [ app_end ] --END-- [ RunTime:0.001678s ]

[ 2017-08-12T22:49:51+08:00 ] ::1 /wwwroot/index.php?s=/Home/Article/detail/id/1.html
SQL: SHOW COLUMNS FROM `onethink_document` [ RunTime:0.023222s ]
SQL: SELECT `id`,`uid`,`name`,`title`,`category_id`,`description`,`root`,`pid`,`model_id`,`type`,`position`,`link_id`,`cover_id`,`display`,`deadline`,`attach`,`view`,`comment`,`extend`,`level`,`create_time`,`update_time`,`status` FROM `onethink_document` WHERE ( `id` = 1 ) LIMIT 1   [ RunTime:0.000710s ]
SQL: SHOW COLUMNS FROM `onethink_document_article` [ RunTime:0.026037s ]
SQL: SELECT `id`,`parse`,`content`,`template`,`bookmark` FROM `onethink_document_article` WHERE ( `id` = 1 ) LIMIT 1   [ RunTime:0.000995s ]
SQL: SHOW COLUMNS FROM `onethink_category` [ RunTime:0.012043s ]
SQL: SELECT `id`,`name`,`title`,`pid`,`sort`,`list_row`,`meta_title`,`keywords`,`description`,`template_index`,`template_lists`,`template_detail`,`template_edit`,`model`,`type`,`link_id`,`allow_publish`,`display`,`reply`,`check`,`reply_model`,`extend`,`create_time`,`update_time`,`status`,`icon` FROM `onethink_category` WHERE ( `id` = 2 ) LIMIT 1   [ RunTime:0.000671s ]
SQL: UPDATE `onethink_document` SET `view`=view+1 WHERE ( `id` = 1 ) [ RunTime:0.011631s ]
INFO: [ view_parse ] --START--
INFO: [ template_filter ] --START--
INFO: Run Behavior\ContentReplace [ RunTime:0.000186s ]
INFO: [ template_filter ] --END-- [ RunTime:0.000291s ]
SQL: SHOW COLUMNS FROM `onethink_channel` [ RunTime:0.011132s ]
SQL: SELECT `id`,`pid`,`title`,`url`,`sort`,`create_time`,`update_time`,`status`,`target` FROM `onethink_channel` WHERE ( status=1 ) ORDER BY sort  [ RunTime:0.000634s ]
SQL: SELECT `id`,`uid`,`name`,`title`,`category_id`,`description`,`root`,`pid`,`model_id`,`type`,`position`,`link_id`,`cover_id`,`display`,`deadline`,`attach`,`view`,`comment`,`extend`,`level`,`create_time`,`update_time`,`status` FROM `onethink_document` WHERE ( `id` < '1' ) AND ( `pid` = 0 ) AND ( `category_id` = 2 ) AND ( `status` = 1 ) ORDER BY id DESC LIMIT 1   [ RunTime:0.001568s ]
SQL: SELECT `id`,`uid`,`name`,`title`,`category_id`,`description`,`root`,`pid`,`model_id`,`type`,`position`,`link_id`,`cover_id`,`display`,`deadline`,`attach`,`view`,`comment`,`extend`,`level`,`create_time`,`update_time`,`status` FROM `onethink_document` WHERE ( `id` > '1' ) AND ( `pid` = 0 ) AND ( `category_id` = 2 ) AND ( `status` = 1 ) ORDER BY id LIMIT 1   [ RunTime:0.001582s ]
SQL: SELECT `pid` FROM `onethink_category` WHERE ( `id` = 2 ) LIMIT 1   [ RunTime:0.000680s ]
SQL: SELECT `id`,`name`,`pid`,`title`,`link_id` FROM `onethink_category` WHERE ( `pid` = 1 ) AND ( `status` = 1 ) ORDER BY sort  [ RunTime:0.000852s ]
INFO: [ view_parse ] --START--
INFO: [ template_filter ] --START--
INFO: Run Behavior\ContentReplace [ RunTime:0.000064s ]
INFO: [ template_filter ] --END-- [ RunTime:-0.034407s ]
INFO: Run Behavior\ParseTemplate [ RunTime:0.009033s ]
INFO: [ view_parse ] --END-- [ RunTime:0.009155s ]
INFO: [ view_filter ] --START--
INFO: Run Behavior\WriteHtmlCache [ RunTime:0.000724s ]
INFO: [ view_filter ] --END-- [ RunTime:0.000838s ]
INFO: [ documentDetailAfter ] --START--
SQL: SHOW COLUMNS FROM `onethink_attachment` [ RunTime:0.056639s ]
SQL: SELECT `id`,`uid`,`title`,`type`,`source`,`record_id`,`download`,`size`,`dir`,`sort`,`create_time`,`update_time`,`status` FROM `onethink_attachment` WHERE ( `record_id` = 1 ) AND ( `status` = 1 )  [ RunTime:0.000662s ]
INFO: Run Attachment [ RunTime:0.100893s ]
SQL: SHOW COLUMNS FROM `onethink_addons` [ RunTime:0.041016s ]
SQL: SELECT `config` FROM `onethink_addons` WHERE ( `name` = 'SocialComment' ) AND ( `status` = 1 ) LIMIT 1   [ RunTime:0.000781s ]
INFO: [ view_parse ] --START--
INFO: [ template_filter ] --START--
INFO: Run Behavior\ContentReplace [ RunTime:0.000109s ]
INFO: [ template_filter ] --END-- [ RunTime:-0.223020s ]
NOTIC: [8] Undefined variable: addons D:\phpStudy\WWW\wwwroot\Runtime\Cache\Home\58bd718024fb066be57959b1979e41a4.php 第 3 行.
INFO: Run Behavior\ParseTemplate [ RunTime:0.012128s ]
INFO: [ view_parse ] --END-- [ RunTime:-0.176745s ]
INFO: [ view_filter ] --START--
INFO: Run Behavior\WriteHtmlCache [ RunTime:0.000028s ]
INFO: [ view_filter ] --END-- [ RunTime:-0.188158s ]
INFO: Run SocialComment [ RunTime:0.087219s ]
INFO: [ documentDetailAfter ] --END-- [ RunTime:0.188254s ]
INFO: Run Behavior\ParseTemplate [ RunTime:0.012538s ]
INFO: [ view_parse ] --END-- [ RunTime:-0.176745s ]
INFO: [ view_filter ] --START--
INFO: Run Behavior\WriteHtmlCache [ RunTime:0.000022s ]
INFO: [ view_filter ] --END-- [ RunTime:-0.188556s ]
INFO: [ app_end ] --START--
INFO: Run Behavior\ShowPageTrace [ RunTime:0.001120s ]
INFO: [ app_end ] --END-- [ RunTime:0.001231s ]

[ 2017-08-12T22:51:47+08:00 ] ::1 /wwwroot/index.php?s=/Home/Article/detail/id/1.html
SQL: SHOW COLUMNS FROM `onethink_document` [ RunTime:0.010847s ]
SQL: SELECT `id`,`uid`,`name`,`title`,`category_id`,`description`,`root`,`pid`,`model_id`,`type`,`position`,`link_id`,`cover_id`,`display`,`deadline`,`attach`,`view`,`comment`,`extend`,`level`,`create_time`,`update_time`,`status` FROM `onethink_document` WHERE ( `id` = 1 ) LIMIT 1   [ RunTime:0.000697s ]
SQL: SHOW COLUMNS FROM `onethink_document_article` [ RunTime:0.016082s ]
SQL: SELECT `id`,`parse`,`content`,`template`,`bookmark` FROM `onethink_document_article` WHERE ( `id` = 1 ) LIMIT 1   [ RunTime:0.000643s ]
SQL: SHOW COLUMNS FROM `onethink_category` [ RunTime:0.012367s ]
SQL: SELECT `id`,`name`,`title`,`pid`,`sort`,`list_row`,`meta_title`,`keywords`,`description`,`template_index`,`template_lists`,`template_detail`,`template_edit`,`model`,`type`,`link_id`,`allow_publish`,`display`,`reply`,`check`,`reply_model`,`extend`,`create_time`,`update_time`,`status`,`icon` FROM `onethink_category` WHERE ( `id` = 2 ) LIMIT 1   [ RunTime:0.000807s ]
SQL: UPDATE `onethink_document` SET `view`=view+1 WHERE ( `id` = 1 ) [ RunTime:0.000776s ]
INFO: [ view_parse ] --START--
INFO: [ template_filter ] --START--
INFO: Run Behavior\ContentReplace [ RunTime:0.000246s ]
INFO: [ template_filter ] --END-- [ RunTime:0.000371s ]
SQL: SHOW COLUMNS FROM `onethink_channel` [ RunTime:0.021323s ]
SQL: SELECT `id`,`pid`,`title`,`url`,`sort`,`create_time`,`update_time`,`status`,`target` FROM `onethink_channel` WHERE ( status=1 ) ORDER BY sort  [ RunTime:0.000735s ]
SQL: SELECT `id`,`uid`,`name`,`title`,`category_id`,`description`,`root`,`pid`,`model_id`,`type`,`position`,`link_id`,`cover_id`,`display`,`deadline`,`attach`,`view`,`comment`,`extend`,`level`,`create_time`,`update_time`,`status` FROM `onethink_document` WHERE ( `id` < '1' ) AND ( `pid` = 0 ) AND ( `category_id` = 2 ) AND ( `status` = 1 ) ORDER BY id DESC LIMIT 1   [ RunTime:0.001111s ]
SQL: SELECT `id`,`uid`,`name`,`title`,`category_id`,`description`,`root`,`pid`,`model_id`,`type`,`position`,`link_id`,`cover_id`,`display`,`deadline`,`attach`,`view`,`comment`,`extend`,`level`,`create_time`,`update_time`,`status` FROM `onethink_document` WHERE ( `id` > '1' ) AND ( `pid` = 0 ) AND ( `category_id` = 2 ) AND ( `status` = 1 ) ORDER BY id LIMIT 1   [ RunTime:0.000812s ]
SQL: SELECT `pid` FROM `onethink_category` WHERE ( `id` = 2 ) LIMIT 1   [ RunTime:0.000826s ]
SQL: SELECT `id`,`name`,`pid`,`title`,`link_id` FROM `onethink_category` WHERE ( `pid` = 1 ) AND ( `status` = 1 ) ORDER BY sort  [ RunTime:0.002236s ]
INFO: [ view_parse ] --START--
INFO: [ template_filter ] --START--
INFO: Run Behavior\ContentReplace [ RunTime:0.000068s ]
INFO: [ template_filter ] --END-- [ RunTime:-0.043760s ]
INFO: Run Behavior\ParseTemplate [ RunTime:0.008332s ]
INFO: [ view_parse ] --END-- [ RunTime:0.008451s ]
INFO: [ view_filter ] --START--
INFO: Run Behavior\WriteHtmlCache [ RunTime:0.000655s ]
INFO: [ view_filter ] --END-- [ RunTime:0.000768s ]
INFO: [ documentDetailAfter ] --START--
SQL: SHOW COLUMNS FROM `onethink_attachment` [ RunTime:0.011560s ]
SQL: SELECT `id`,`uid`,`title`,`type`,`source`,`record_id`,`download`,`size`,`dir`,`sort`,`create_time`,`update_time`,`status` FROM `onethink_attachment` WHERE ( `record_id` = 1 ) AND ( `status` = 1 )  [ RunTime:0.001977s ]
INFO: Run Attachment [ RunTime:0.020554s ]
SQL: SHOW COLUMNS FROM `onethink_addons` [ RunTime:0.012446s ]
SQL: SELECT `config` FROM `onethink_addons` WHERE ( `name` = 'SocialComment' ) AND ( `status` = 1 ) LIMIT 1   [ RunTime:0.000990s ]
INFO: [ view_parse ] --START--
INFO: [ template_filter ] --START--
INFO: Run Behavior\ContentReplace [ RunTime:0.000080s ]
INFO: [ template_filter ] --END-- [ RunTime:-0.088501s ]
NOTIC: [8] Undefined variable: addons D:\phpStudy\WWW\wwwroot\Runtime\Cache\Home\58bd718024fb066be57959b1979e41a4.php 第 3 行.
INFO: Run Behavior\ParseTemplate [ RunTime:0.006402s ]
INFO: [ view_parse ] --END-- [ RunTime:-0.038003s ]
INFO: [ view_filter ] --START--
INFO: Run Behavior\WriteHtmlCache [ RunTime:0.000028s ]
INFO: [ view_filter ] --END-- [ RunTime:-0.043754s ]
INFO: Run SocialComment [ RunTime:0.023163s ]
INFO: [ documentDetailAfter ] --END-- [ RunTime:0.043850s ]
INFO: Run Behavior\ParseTemplate [ RunTime:0.006816s ]
INFO: [ view_parse ] --END-- [ RunTime:-0.038003s ]
INFO: [ view_filter ] --START--
INFO: Run Behavior\WriteHtmlCache [ RunTime:0.000026s ]
INFO: [ view_filter ] --END-- [ RunTime:-0.044161s ]
INFO: [ app_end ] --START--
INFO: Run Behavior\ShowPageTrace [ RunTime:0.001885s ]
INFO: [ app_end ] --END-- [ RunTime:0.002095s ]

[ 2017-08-12T22:52:44+08:00 ] ::1 /wwwroot/index.php?s=/Home/Article/lists/category/default_blog.html
SQL: SHOW COLUMNS FROM `onethink_category` [ RunTime:0.013157s ]
SQL: SELECT `id`,`name`,`title`,`pid`,`sort`,`list_row`,`meta_title`,`keywords`,`description`,`template_index`,`template_lists`,`template_detail`,`template_edit`,`model`,`type`,`link_id`,`allow_publish`,`display`,`reply`,`check`,`reply_model`,`extend`,`create_time`,`update_time`,`status`,`icon` FROM `onethink_category` WHERE ( `name` = 'default_blog' ) LIMIT 1   [ RunTime:0.000721s ]
SQL: SHOW COLUMNS FROM `onethink_document` [ RunTime:0.012980s ]
SQL: SELECT `id`,`uid`,`name`,`title`,`category_id`,`description`,`root`,`pid`,`model_id`,`type`,`position`,`link_id`,`cover_id`,`display`,`deadline`,`attach`,`view`,`comment`,`extend`,`level`,`create_time`,`update_time`,`status` FROM `onethink_document` WHERE ( `status` = 1 ) AND ( `pid` = 0 ) AND ( `category_id` = 2 ) AND ( `create_time` < 1502549563 ) AND ( deadline = 0 OR deadline > 1502549563 ) ORDER BY `id` DESC LIMIT 0,10   [ RunTime:0.000887s ]
INFO: [ view_parse ] --START--
INFO: [ template_filter ] --START--
INFO: Run Behavior\ContentReplace [ RunTime:0.000189s ]
INFO: [ template_filter ] --END-- [ RunTime:0.000304s ]
SQL: SHOW COLUMNS FROM `onethink_channel` [ RunTime:0.011322s ]
SQL: SELECT `id`,`pid`,`title`,`url`,`sort`,`create_time`,`update_time`,`status`,`target` FROM `onethink_channel` WHERE ( status=1 ) ORDER BY sort  [ RunTime:0.000650s ]
SQL: SELECT `pid` FROM `onethink_category` WHERE ( `id` = 2 ) LIMIT 1   [ RunTime:0.000526s ]
SQL: SELECT `id`,`name`,`pid`,`title`,`link_id` FROM `onethink_category` WHERE ( `pid` = 1 ) AND ( `status` = 1 ) ORDER BY sort  [ RunTime:0.001465s ]
INFO: [ view_parse ] --START--
INFO: [ template_filter ] --START--
INFO: Run Behavior\ContentReplace [ RunTime:0.000078s ]
INFO: [ template_filter ] --END-- [ RunTime:-0.028842s ]
INFO: Run Behavior\ParseTemplate [ RunTime:0.009380s ]
INFO: [ view_parse ] --END-- [ RunTime:0.009500s ]
INFO: [ view_filter ] --START--
INFO: Run Behavior\WriteHtmlCache [ RunTime:0.001005s ]
INFO: [ view_filter ] --END-- [ RunTime:0.001136s ]
SQL: SELECT COUNT(id) AS tp_count FROM `onethink_document` WHERE ( `status` = 1 ) AND ( `pid` = 0 ) AND ( `category_id` = 2 ) AND ( `create_time` < 1502549563 ) AND ( deadline = 0 OR deadline > 1502549563 ) LIMIT 1   [ RunTime:0.001033s ]
INFO: Run Behavior\ParseTemplate [ RunTime:0.041165s ]
INFO: [ view_parse ] --END-- [ RunTime:0.009500s ]
INFO: [ view_filter ] --START--
INFO: Run Behavior\WriteHtmlCache [ RunTime:0.000025s ]
INFO: [ view_filter ] --END-- [ RunTime:-0.030625s ]
INFO: [ app_end ] --START--
INFO: Run Behavior\ShowPageTrace [ RunTime:0.001339s ]
INFO: [ app_end ] --END-- [ RunTime:0.001451s ]

[ 2017-08-12T22:52:46+08:00 ] ::1 /wwwroot/index.php?s=/Home/Article/detail/id/1.html
SQL: SHOW COLUMNS FROM `onethink_document` [ RunTime:0.010902s ]
SQL: SELECT `id`,`uid`,`name`,`title`,`category_id`,`description`,`root`,`pid`,`model_id`,`type`,`position`,`link_id`,`cover_id`,`display`,`deadline`,`attach`,`view`,`comment`,`extend`,`level`,`create_time`,`update_time`,`status` FROM `onethink_document` WHERE ( `id` = 1 ) LIMIT 1   [ RunTime:0.000788s ]
SQL: SHOW COLUMNS FROM `onethink_document_article` [ RunTime:0.011771s ]
SQL: SELECT `id`,`parse`,`content`,`template`,`bookmark` FROM `onethink_document_article` WHERE ( `id` = 1 ) LIMIT 1   [ RunTime:0.000960s ]
SQL: SHOW COLUMNS FROM `onethink_category` [ RunTime:0.011391s ]
SQL: SELECT `id`,`name`,`title`,`pid`,`sort`,`list_row`,`meta_title`,`keywords`,`description`,`template_index`,`template_lists`,`template_detail`,`template_edit`,`model`,`type`,`link_id`,`allow_publish`,`display`,`reply`,`check`,`reply_model`,`extend`,`create_time`,`update_time`,`status`,`icon` FROM `onethink_category` WHERE ( `id` = 2 ) LIMIT 1   [ RunTime:0.001050s ]
SQL: UPDATE `onethink_document` SET `view`=view+1 WHERE ( `id` = 1 ) [ RunTime:0.000633s ]
INFO: [ view_parse ] --START--
INFO: [ template_filter ] --START--
INFO: Run Behavior\ContentReplace [ RunTime:0.000188s ]
INFO: [ template_filter ] --END-- [ RunTime:0.000310s ]
SQL: SHOW COLUMNS FROM `onethink_channel` [ RunTime:0.010286s ]
SQL: SELECT `id`,`pid`,`title`,`url`,`sort`,`create_time`,`update_time`,`status`,`target` FROM `onethink_channel` WHERE ( status=1 ) ORDER BY sort  [ RunTime:0.000648s ]
SQL: SELECT `id`,`uid`,`name`,`title`,`category_id`,`description`,`root`,`pid`,`model_id`,`type`,`position`,`link_id`,`cover_id`,`display`,`deadline`,`attach`,`view`,`comment`,`extend`,`level`,`create_time`,`update_time`,`status` FROM `onethink_document` WHERE ( `id` < '1' ) AND ( `pid` = 0 ) AND ( `category_id` = 2 ) AND ( `status` = 1 ) ORDER BY id DESC LIMIT 1   [ RunTime:0.000881s ]
SQL: SELECT `id`,`uid`,`name`,`title`,`category_id`,`description`,`root`,`pid`,`model_id`,`type`,`position`,`link_id`,`cover_id`,`display`,`deadline`,`attach`,`view`,`comment`,`extend`,`level`,`create_time`,`update_time`,`status` FROM `onethink_document` WHERE ( `id` > '1' ) AND ( `pid` = 0 ) AND ( `category_id` = 2 ) AND ( `status` = 1 ) ORDER BY id LIMIT 1   [ RunTime:0.001023s ]
SQL: SELECT `pid` FROM `onethink_category` WHERE ( `id` = 2 ) LIMIT 1   [ RunTime:0.000551s ]
SQL: SELECT `id`,`name`,`pid`,`title`,`link_id` FROM `onethink_category` WHERE ( `pid` = 1 ) AND ( `status` = 1 ) ORDER BY sort  [ RunTime:0.001175s ]
INFO: [ view_parse ] --START--
INFO: [ template_filter ] --START--
INFO: Run Behavior\ContentReplace [ RunTime:0.000067s ]
INFO: [ template_filter ] --END-- [ RunTime:-0.032410s ]
INFO: Run Behavior\ParseTemplate [ RunTime:0.009351s ]
INFO: [ view_parse ] --END-- [ RunTime:0.009482s ]
INFO: [ view_filter ] --START--
INFO: Run Behavior\WriteHtmlCache [ RunTime:0.000548s ]
INFO: [ view_filter ] --END-- [ RunTime:0.000651s ]
INFO: [ documentDetailAfter ] --START--
SQL: SHOW COLUMNS FROM `onethink_attachment` [ RunTime:0.012106s ]
SQL: SELECT `id`,`uid`,`title`,`type`,`source`,`record_id`,`download`,`size`,`dir`,`sort`,`create_time`,`update_time`,`status` FROM `onethink_attachment` WHERE ( `record_id` = 1 ) AND ( `status` = 1 )  [ RunTime:0.000692s ]
INFO: Run Attachment [ RunTime:0.021145s ]
SQL: SHOW COLUMNS FROM `onethink_addons` [ RunTime:0.011466s ]
SQL: SELECT `config` FROM `onethink_addons` WHERE ( `name` = 'SocialComment' ) AND ( `status` = 1 ) LIMIT 1   [ RunTime:0.000889s ]
INFO: [ view_parse ] --START--
INFO: [ template_filter ] --START--
INFO: Run Behavior\ContentReplace [ RunTime:0.000077s ]
INFO: [ template_filter ] --END-- [ RunTime:-0.076622s ]
NOTIC: [8] Undefined variable: addons D:\phpStudy\WWW\wwwroot\Runtime\Cache\Home\58bd718024fb066be57959b1979e41a4.php 第 3 行.
INFO: Run Behavior\ParseTemplate [ RunTime:0.005872s ]
INFO: [ view_parse ] --END-- [ RunTime:-0.037945s ]
INFO: [ view_filter ] --START--
INFO: Run Behavior\WriteHtmlCache [ RunTime:0.000028s ]
INFO: [ view_filter ] --END-- [ RunTime:-0.043305s ]
INFO: Run SocialComment [ RunTime:0.022023s ]
INFO: [ documentDetailAfter ] --END-- [ RunTime:0.043409s ]
INFO: Run Behavior\ParseTemplate [ RunTime:0.006323s ]
INFO: [ view_parse ] --END-- [ RunTime:-0.037945s ]
INFO: [ view_filter ] --START--
INFO: Run Behavior\WriteHtmlCache [ RunTime:0.000025s ]
INFO: [ view_filter ] --END-- [ RunTime:-0.043715s ]
INFO: [ app_end ] --START--
INFO: Run Behavior\ShowPageTrace [ RunTime:0.001318s ]
INFO: [ app_end ] --END-- [ RunTime:0.001435s ]

[ 2017-08-12T22:57:47+08:00 ] ::1 /wwwroot/index.php?s=/Home/notice/index.html
SQL: SHOW COLUMNS FROM `onethink_document` [ RunTime:0.014755s ]
SQL: SELECT * FROM `onethink_document` WHERE ( `category_id` = 42 )  [ RunTime:0.000774s ]
INFO: [ view_parse ] --START--
INFO: [ template_filter ] --START--
INFO: Run Behavior\ContentReplace [ RunTime:0.000099s ]
INFO: [ template_filter ] --END-- [ RunTime:0.000205s ]
NOTIC: [8] Undefined variable: u D:\phpStudy\WWW\wwwroot\Runtime\Cache\Home\b6712068d68b0f23e361fceccafe8f1a.php 第 58 行.
NOTIC: [8] Undefined variable: u D:\phpStudy\WWW\wwwroot\Runtime\Cache\Home\b6712068d68b0f23e361fceccafe8f1a.php 第 58 行.
NOTIC: [8] Undefined variable: u D:\phpStudy\WWW\wwwroot\Runtime\Cache\Home\b6712068d68b0f23e361fceccafe8f1a.php 第 58 行.
NOTIC: [8] Undefined variable: u D:\phpStudy\WWW\wwwroot\Runtime\Cache\Home\b6712068d68b0f23e361fceccafe8f1a.php 第 58 行.
INFO: Run Behavior\ParseTemplate [ RunTime:0.056513s ]
INFO: [ view_parse ] --END-- [ RunTime:0.056621s ]
INFO: [ view_filter ] --START--
INFO: Run Behavior\WriteHtmlCache [ RunTime:0.000801s ]
INFO: [ view_filter ] --END-- [ RunTime:0.000926s ]
INFO: [ app_end ] --START--
INFO: Run Behavior\ShowPageTrace [ RunTime:0.001934s ]
INFO: [ app_end ] --END-- [ RunTime:0.002052s ]

[ 2017-08-12T22:57:48+08:00 ] ::1 /wwwroot/index.php?s=/Home/notice/detail.html
ERR: 参数错误或者未定义:id

[ 2017-08-12T22:57:58+08:00 ] ::1 /wwwroot/index.php?s=/Home/notice/detail.html
ERR: 参数错误或者未定义:id

[ 2017-08-12T22:58:53+08:00 ] ::1 /wwwroot/index.php?s=/Home/notice/detail.html
ERR: 参数错误或者未定义:id

[ 2017-08-12T22:59:03+08:00 ] ::1 /wwwroot/index.php?s=/Home/notice/detail.html
ERR: 参数错误或者未定义:id

[ 2017-08-12T22:59:06+08:00 ] ::1 /wwwroot/index.php?s=/Home/notice/detail.html
ERR: 参数错误或者未定义:id

[ 2017-08-12T23:00:24+08:00 ] ::1 /wwwroot/index.php?s=/Home/notice/index.html
SQL: SHOW COLUMNS FROM `onethink_document` [ RunTime:0.012731s ]
SQL: SELECT * FROM `onethink_document` WHERE ( `category_id` = 42 )  [ RunTime:0.000833s ]
INFO: [ view_parse ] --START--
INFO: [ template_filter ] --START--
INFO: Run Behavior\ContentReplace [ RunTime:0.000105s ]
INFO: [ template_filter ] --END-- [ RunTime:0.000318s ]
NOTIC: [8] Undefined variable: u D:\phpStudy\WWW\wwwroot\Runtime\Cache\Home\b6712068d68b0f23e361fceccafe8f1a.php 第 58 行.
NOTIC: [8] Undefined variable: u D:\phpStudy\WWW\wwwroot\Runtime\Cache\Home\b6712068d68b0f23e361fceccafe8f1a.php 第 58 行.
NOTIC: [8] Undefined variable: u D:\phpStudy\WWW\wwwroot\Runtime\Cache\Home\b6712068d68b0f23e361fceccafe8f1a.php 第 58 行.
NOTIC: [8] Undefined variable: u D:\phpStudy\WWW\wwwroot\Runtime\Cache\Home\b6712068d68b0f23e361fceccafe8f1a.php 第 58 行.
INFO: Run Behavior\ParseTemplate [ RunTime:0.026927s ]
INFO: [ view_parse ] --END-- [ RunTime:0.027041s ]
INFO: [ view_filter ] --START--
INFO: Run Behavior\WriteHtmlCache [ RunTime:0.000885s ]
INFO: [ view_filter ] --END-- [ RunTime:0.000998s ]
INFO: [ app_end ] --START--
INFO: Run Behavior\ShowPageTrace [ RunTime:0.001238s ]
INFO: [ app_end ] --END-- [ RunTime:0.001353s ]

[ 2017-08-12T23:01:14+08:00 ] ::1 /wwwroot/index.php?s=/Home/notice/index.html
SQL: SHOW COLUMNS FROM `onethink_document` [ RunTime:0.013819s ]
SQL: SELECT * FROM `onethink_document` WHERE ( `category_id` = 42 )  [ RunTime:0.000975s ]
INFO: [ view_parse ] --START--
INFO: [ template_filter ] --START--
INFO: Run Behavior\ContentReplace [ RunTime:0.000101s ]
INFO: [ template_filter ] --END-- [ RunTime:0.000244s ]
NOTIC: [8] Undefined variable: u D:\phpStudy\WWW\wwwroot\Runtime\Cache\Home\b6712068d68b0f23e361fceccafe8f1a.php 第 58 行.
NOTIC: [8] Undefined variable: u D:\phpStudy\WWW\wwwroot\Runtime\Cache\Home\b6712068d68b0f23e361fceccafe8f1a.php 第 58 行.
NOTIC: [8] Undefined variable: u D:\phpStudy\WWW\wwwroot\Runtime\Cache\Home\b6712068d68b0f23e361fceccafe8f1a.php 第 58 行.
NOTIC: [8] Undefined variable: u D:\phpStudy\WWW\wwwroot\Runtime\Cache\Home\b6712068d68b0f23e361fceccafe8f1a.php 第 58 行.
INFO: Run Behavior\ParseTemplate [ RunTime:0.023623s ]
INFO: [ view_parse ] --END-- [ RunTime:0.023740s ]
INFO: [ view_filter ] --START--
INFO: Run Behavior\WriteHtmlCache [ RunTime:0.000579s ]
INFO: [ view_filter ] --END-- [ RunTime:0.000694s ]
INFO: [ app_end ] --START--
INFO: Run Behavior\ShowPageTrace [ RunTime:0.001015s ]
INFO: [ app_end ] --END-- [ RunTime:0.001164s ]

[ 2017-08-12T23:01:16+08:00 ] ::1 /wwwroot/index.php?s=/Home/Notice/detail/id/6.html
SQL: SHOW COLUMNS FROM `onethink_document` [ RunTime:0.011542s ]

[ 2017-08-12T23:01:46+08:00 ] ::1 /wwwroot/index.php?s=/Home/notice/index.html
SQL: SHOW COLUMNS FROM `onethink_document` [ RunTime:0.012880s ]
SQL: SELECT * FROM `onethink_document` WHERE ( `category_id` = 42 )  [ RunTime:0.000888s ]
INFO: [ view_parse ] --START--
INFO: [ template_filter ] --START--
INFO: Run Behavior\ContentReplace [ RunTime:0.000105s ]
INFO: [ template_filter ] --END-- [ RunTime:0.000310s ]
NOTIC: [8] Undefined variable: u D:\phpStudy\WWW\wwwroot\Runtime\Cache\Home\b6712068d68b0f23e361fceccafe8f1a.php 第 58 行.
NOTIC: [8] Undefined variable: u D:\phpStudy\WWW\wwwroot\Runtime\Cache\Home\b6712068d68b0f23e361fceccafe8f1a.php 第 58 行.
NOTIC: [8] Undefined variable: u D:\phpStudy\WWW\wwwroot\Runtime\Cache\Home\b6712068d68b0f23e361fceccafe8f1a.php 第 58 行.
NOTIC: [8] Undefined variable: u D:\phpStudy\WWW\wwwroot\Runtime\Cache\Home\b6712068d68b0f23e361fceccafe8f1a.php 第 58 行.
INFO: Run Behavior\ParseTemplate [ RunTime:0.021913s ]
INFO: [ view_parse ] --END-- [ RunTime:0.022072s ]
INFO: [ view_filter ] --START--
INFO: Run Behavior\WriteHtmlCache [ RunTime:0.001047s ]
INFO: [ view_filter ] --END-- [ RunTime:0.001173s ]
INFO: [ app_end ] --START--
INFO: Run Behavior\ShowPageTrace [ RunTime:0.000974s ]
INFO: [ app_end ] --END-- [ RunTime:0.001106s ]

[ 2017-08-12T23:01:47+08:00 ] ::1 /wwwroot/index.php?s=/Home/Notice/detail/id/6.html
SQL: SHOW COLUMNS FROM `onethink_document` [ RunTime:0.011416s ]

[ 2017-08-12T23:02:23+08:00 ] ::1 /wwwroot/index.php?s=/Home/notice/index.html
SQL: SHOW COLUMNS FROM `onethink_document` [ RunTime:0.013290s ]
SQL: SELECT * FROM `onethink_document` WHERE ( `category_id` = 42 )  [ RunTime:0.001020s ]
INFO: [ view_parse ] --START--
INFO: [ template_filter ] --START--
INFO: Run Behavior\ContentReplace [ RunTime:0.000103s ]
INFO: [ template_filter ] --END-- [ RunTime:0.000255s ]
NOTIC: [8] Undefined variable: u D:\phpStudy\WWW\wwwroot\Runtime\Cache\Home\b6712068d68b0f23e361fceccafe8f1a.php 第 58 行.
NOTIC: [8] Undefined variable: u D:\phpStudy\WWW\wwwroot\Runtime\Cache\Home\b6712068d68b0f23e361fceccafe8f1a.php 第 58 行.
NOTIC: [8] Undefined variable: u D:\phpStudy\WWW\wwwroot\Runtime\Cache\Home\b6712068d68b0f23e361fceccafe8f1a.php 第 58 行.
NOTIC: [8] Undefined variable: u D:\phpStudy\WWW\wwwroot\Runtime\Cache\Home\b6712068d68b0f23e361fceccafe8f1a.php 第 58 行.
INFO: Run Behavior\ParseTemplate [ RunTime:0.023146s ]
INFO: [ view_parse ] --END-- [ RunTime:0.023259s ]
INFO: [ view_filter ] --START--
INFO: Run Behavior\WriteHtmlCache [ RunTime:0.000572s ]
INFO: [ view_filter ] --END-- [ RunTime:0.000674s ]
INFO: [ app_end ] --START--
INFO: Run Behavior\ShowPageTrace [ RunTime:0.000892s ]
INFO: [ app_end ] --END-- [ RunTime:0.001016s ]

[ 2017-08-12T23:02:24+08:00 ] ::1 /wwwroot/index.php?s=/Home/Notice/detail/id/6.html
SQL: SHOW COLUMNS FROM `onethink_document` [ RunTime:0.011930s ]

[ 2017-08-12T23:03:34+08:00 ] ::1 /wwwroot/index.php?s=/Home/Notice/detail/id/6.html
SQL: SHOW COLUMNS FROM `onethink_document` [ RunTime:0.012310s ]

[ 2017-08-12T23:05:25+08:00 ] ::1 /wwwroot/index.php?s=/Home/Notice/detail/id/6.html
SQL: SHOW COLUMNS FROM `onethink_document` [ RunTime:0.011683s ]
SQL: SELECT d.id,d.title FROM onethink_document d INNER JOIN document_article da  ON d.id = da.id   WHERE ( d.id = '6' )  [ RunTime:0.064530s ]
ERR: 1146:Table 'onethink.document_article' doesn't exist
 [ SQL语句 ] : SELECT d.id,d.title FROM onethink_document d INNER JOIN document_article da  ON d.id = da.id   WHERE ( d.id = '6' ) 

[ 2017-08-12T23:05:26+08:00 ] ::1 /wwwroot/index.php?s=/Home/Notice/detail/id/6.html
SQL: SHOW COLUMNS FROM `onethink_document` [ RunTime:0.014766s ]
SQL: SELECT d.id,d.title FROM onethink_document d INNER JOIN document_article da  ON d.id = da.id   WHERE ( d.id = '6' )  [ RunTime:0.002443s ]
ERR: 1146:Table 'onethink.document_article' doesn't exist
 [ SQL语句 ] : SELECT d.id,d.title FROM onethink_document d INNER JOIN document_article da  ON d.id = da.id   WHERE ( d.id = '6' ) 

[ 2017-08-12T23:05:30+08:00 ] ::1 /wwwroot/index.php?s=/Home/Notice/detail/id/6.html
SQL: SHOW COLUMNS FROM `onethink_document` [ RunTime:0.011398s ]

[ 2017-08-12T23:07:20+08:00 ] ::1 /wwwroot/index.php?s=/Home/notice/index.html
SQL: SHOW COLUMNS FROM `onethink_document` [ RunTime:0.013226s ]
SQL: SELECT * FROM `onethink_document` WHERE ( `category_id` = 42 )  [ RunTime:0.000715s ]
INFO: [ view_parse ] --START--
INFO: [ template_filter ] --START--
INFO: Run Behavior\ContentReplace [ RunTime:0.000098s ]
INFO: [ template_filter ] --END-- [ RunTime:0.000235s ]
NOTIC: [8] Undefined variable: u D:\phpStudy\WWW\wwwroot\Runtime\Cache\Home\b6712068d68b0f23e361fceccafe8f1a.php 第 58 行.
NOTIC: [8] Undefined variable: u D:\phpStudy\WWW\wwwroot\Runtime\Cache\Home\b6712068d68b0f23e361fceccafe8f1a.php 第 58 行.
NOTIC: [8] Undefined variable: u D:\phpStudy\WWW\wwwroot\Runtime\Cache\Home\b6712068d68b0f23e361fceccafe8f1a.php 第 58 行.
NOTIC: [8] Undefined variable: u D:\phpStudy\WWW\wwwroot\Runtime\Cache\Home\b6712068d68b0f23e361fceccafe8f1a.php 第 58 行.
INFO: Run Behavior\ParseTemplate [ RunTime:0.061757s ]
INFO: [ view_parse ] --END-- [ RunTime:0.061864s ]
INFO: [ view_filter ] --START--
INFO: Run Behavior\WriteHtmlCache [ RunTime:0.000705s ]
INFO: [ view_filter ] --END-- [ RunTime:0.000807s ]
INFO: [ app_end ] --START--
INFO: Run Behavior\ShowPageTrace [ RunTime:0.001276s ]
INFO: [ app_end ] --END-- [ RunTime:0.001392s ]

[ 2017-08-12T23:09:47+08:00 ] ::1 /wwwroot/index.php?s=/Home/Notice/detail/id/6.html
SQL: SHOW COLUMNS FROM onethink_document as a [ RunTime:0.033423s ]
ERR: 1064:You have an error in your SQL syntax; check the manual that corresponds to your MySQL server version for the right syntax to use near 'as a' at line 1
 [ SQL语句 ] : SHOW COLUMNS FROM onethink_document as a
SQL: SELECT * FROM onethink_document as a INNER JOIN document_article as b  ON b.id = a.id   WHERE ( a.id = '6' )  [ RunTime:0.002031s ]
ERR: 1146:Table 'onethink.document_article' doesn't exist
 [ SQL语句 ] : SELECT * FROM onethink_document as a INNER JOIN document_article as b  ON b.id = a.id   WHERE ( a.id = '6' ) 

[ 2017-08-12T23:09:48+08:00 ] ::1 /wwwroot/index.php?s=/Home/Notice/detail/id/6.html
SQL: SHOW COLUMNS FROM onethink_document as a [ RunTime:0.000329s ]
ERR: 1064:You have an error in your SQL syntax; check the manual that corresponds to your MySQL server version for the right syntax to use near 'as a' at line 1
 [ SQL语句 ] : SHOW COLUMNS FROM onethink_document as a
SQL: SELECT * FROM onethink_document as a INNER JOIN document_article as b  ON b.id = a.id   WHERE ( a.id = '6' )  [ RunTime:0.000982s ]
ERR: 1146:Table 'onethink.document_article' doesn't exist
 [ SQL语句 ] : SELECT * FROM onethink_document as a INNER JOIN document_article as b  ON b.id = a.id   WHERE ( a.id = '6' ) 

[ 2017-08-12T23:09:49+08:00 ] ::1 /wwwroot/index.php?s=/Home/Notice/detail/id/6.html
SQL: SHOW COLUMNS FROM onethink_document as a [ RunTime:0.000317s ]
ERR: 1064:You have an error in your SQL syntax; check the manual that corresponds to your MySQL server version for the right syntax to use near 'as a' at line 1
 [ SQL语句 ] : SHOW COLUMNS FROM onethink_document as a
SQL: SELECT * FROM onethink_document as a INNER JOIN document_article as b  ON b.id = a.id   WHERE ( a.id = '6' )  [ RunTime:0.000913s ]
ERR: 1146:Table 'onethink.document_article' doesn't exist
 [ SQL语句 ] : SELECT * FROM onethink_document as a INNER JOIN document_article as b  ON b.id = a.id   WHERE ( a.id = '6' ) 

[ 2017-08-12T23:09:49+08:00 ] ::1 /wwwroot/index.php?s=/Home/Notice/detail/id/6.html
SQL: SHOW COLUMNS FROM onethink_document as a [ RunTime:0.000399s ]
ERR: 1064:You have an error in your SQL syntax; check the manual that corresponds to your MySQL server version for the right syntax to use near 'as a' at line 1
 [ SQL语句 ] : SHOW COLUMNS FROM onethink_document as a
SQL: SELECT * FROM onethink_document as a INNER JOIN document_article as b  ON b.id = a.id   WHERE ( a.id = '6' )  [ RunTime:0.000840s ]
ERR: 1146:Table 'onethink.document_article' doesn't exist
 [ SQL语句 ] : SELECT * FROM onethink_document as a INNER JOIN document_article as b  ON b.id = a.id   WHERE ( a.id = '6' ) 

[ 2017-08-12T23:09:49+08:00 ] ::1 /wwwroot/index.php?s=/Home/Notice/detail/id/6.html
SQL: SHOW COLUMNS FROM onethink_document as a [ RunTime:0.000326s ]
ERR: 1064:You have an error in your SQL syntax; check the manual that corresponds to your MySQL server version for the right syntax to use near 'as a' at line 1
 [ SQL语句 ] : SHOW COLUMNS FROM onethink_document as a
SQL: SELECT * FROM onethink_document as a INNER JOIN document_article as b  ON b.id = a.id   WHERE ( a.id = '6' )  [ RunTime:0.001025s ]
ERR: 1146:Table 'onethink.document_article' doesn't exist
 [ SQL语句 ] : SELECT * FROM onethink_document as a INNER JOIN document_article as b  ON b.id = a.id   WHERE ( a.id = '6' ) 

[ 2017-08-12T23:09:55+08:00 ] ::1 /wwwroot/index.php?s=/Home/Notice/detail/id/6.html
SQL: SHOW COLUMNS FROM onethink_document as a [ RunTime:0.000340s ]
ERR: 1064:You have an error in your SQL syntax; check the manual that corresponds to your MySQL server version for the right syntax to use near 'as a' at line 1
 [ SQL语句 ] : SHOW COLUMNS FROM onethink_document as a

[ 2017-08-12T23:10:13+08:00 ] ::1 /wwwroot/index.php?s=/Home/Notice/detail/id/6.html
SQL: SHOW COLUMNS FROM onethink_document as a [ RunTime:0.000505s ]
ERR: 1064:You have an error in your SQL syntax; check the manual that corresponds to your MySQL server version for the right syntax to use near 'as a' at line 1
 [ SQL语句 ] : SHOW COLUMNS FROM onethink_document as a

[ 2017-08-12T23:10:14+08:00 ] ::1 /wwwroot/index.php?s=/Home/Notice/detail/id/6.html
SQL: SHOW COLUMNS FROM onethink_document as a [ RunTime:0.000255s ]
ERR: 1064:You have an error in your SQL syntax; check the manual that corresponds to your MySQL server version for the right syntax to use near 'as a' at line 1
 [ SQL语句 ] : SHOW COLUMNS FROM onethink_document as a

[ 2017-08-12T23:10:14+08:00 ] ::1 /wwwroot/index.php?s=/Home/Notice/detail/id/6.html
SQL: SHOW COLUMNS FROM onethink_document as a [ RunTime:0.000370s ]
ERR: 1064:You have an error in your SQL syntax; check the manual that corresponds to your MySQL server version for the right syntax to use near 'as a' at line 1
 [ SQL语句 ] : SHOW COLUMNS FROM onethink_document as a

[ 2017-08-12T23:10:15+08:00 ] ::1 /wwwroot/index.php?s=/Home/Notice/detail/id/6.html
SQL: SHOW COLUMNS FROM onethink_document as a [ RunTime:0.000361s ]
ERR: 1064:You have an error in your SQL syntax; check the manual that corresponds to your MySQL server version for the right syntax to use near 'as a' at line 1
 [ SQL语句 ] : SHOW COLUMNS FROM onethink_document as a

[ 2017-08-12T23:10:15+08:00 ] ::1 /wwwroot/index.php?s=/Home/Notice/detail/id/6.html
SQL: SHOW COLUMNS FROM onethink_document as a [ RunTime:0.000300s ]
ERR: 1064:You have an error in your SQL syntax; check the manual that corresponds to your MySQL server version for the right syntax to use near 'as a' at line 1
 [ SQL语句 ] : SHOW COLUMNS FROM onethink_document as a

[ 2017-08-12T23:10:49+08:00 ] ::1 /wwwroot/index.php?s=/Home/Notice/detail/id/6.html
SQL: SHOW COLUMNS FROM onethink_document as a [ RunTime:0.000329s ]
ERR: 1064:You have an error in your SQL syntax; check the manual that corresponds to your MySQL server version for the right syntax to use near 'as a' at line 1
 [ SQL语句 ] : SHOW COLUMNS FROM onethink_document as a

[ 2017-08-12T23:11:00+08:00 ] ::1 /wwwroot/index.php?s=/Home/Notice/detail/id/6.html
SQL: SHOW COLUMNS FROM onethink_document as a [ RunTime:0.000444s ]
ERR: 1064:You have an error in your SQL syntax; check the manual that corresponds to your MySQL server version for the right syntax to use near 'as a' at line 1
 [ SQL语句 ] : SHOW COLUMNS FROM onethink_document as a

[ 2017-08-12T23:11:01+08:00 ] ::1 /wwwroot/index.php?s=/Home/Notice/detail/id/6.html
SQL: SHOW COLUMNS FROM onethink_document as a [ RunTime:0.000248s ]
ERR: 1064:You have an error in your SQL syntax; check the manual that corresponds to your MySQL server version for the right syntax to use near 'as a' at line 1
 [ SQL语句 ] : SHOW COLUMNS FROM onethink_document as a

[ 2017-08-12T23:11:02+08:00 ] ::1 /wwwroot/index.php?s=/Home/Notice/detail/id/6.html
SQL: SHOW COLUMNS FROM onethink_document as a [ RunTime:0.000390s ]
ERR: 1064:You have an error in your SQL syntax; check the manual that corresponds to your MySQL server version for the right syntax to use near 'as a' at line 1
 [ SQL语句 ] : SHOW COLUMNS FROM onethink_document as a

[ 2017-08-12T23:12:15+08:00 ] ::1 /wwwroot/index.php?s=/Home/Notice/detail/id/6.html
SQL: SHOW COLUMNS FROM `document` [ RunTime:0.010595s ]
ERR: 1146:Table 'onethink.document' doesn't exist
 [ SQL语句 ] : SHOW COLUMNS FROM `document`
SQL: SELECT * FROM document  as  a INNER JOIN document_article  as  b  on  b.id = a.id  WHERE (  a.id = 1  )  [ RunTime:0.001004s ]
ERR: 1146:Table 'onethink.document' doesn't exist
 [ SQL语句 ] : SELECT * FROM document  as  a INNER JOIN document_article  as  b  on  b.id = a.id  WHERE (  a.id = 1  ) 

[ 2017-08-12T23:12:16+08:00 ] ::1 /wwwroot/index.php?s=/Home/Notice/detail/id/6.html
SQL: SHOW COLUMNS FROM `document` [ RunTime:0.010152s ]
ERR: 1146:Table 'onethink.document' doesn't exist
 [ SQL语句 ] : SHOW COLUMNS FROM `document`
SQL: SELECT * FROM document  as  a INNER JOIN document_article  as  b  on  b.id = a.id  WHERE (  a.id = 1  )  [ RunTime:0.000992s ]
ERR: 1146:Table 'onethink.document' doesn't exist
 [ SQL语句 ] : SELECT * FROM document  as  a INNER JOIN document_article  as  b  on  b.id = a.id  WHERE (  a.id = 1  ) 

