[ 2017-08-13T08:53:35+08:00 ] ::1 /wwwroot/index.php?s=/Home/User/login.html
INFO: [ view_parse ] --START--
INFO: [ template_filter ] --START--
INFO: Run Behavior\ContentReplace [ RunTime:0.000278s ]
INFO: [ template_filter ] --END-- [ RunTime:0.000419s ]
SQL: SHOW COLUMNS FROM `onethink_channel` [ RunTime:0.012913s ]
SQL: SELECT `id`,`pid`,`title`,`url`,`sort`,`create_time`,`update_time`,`status`,`target` FROM `onethink_channel` WHERE ( status=1 ) ORDER BY sort  [ RunTime:0.000752s ]
INFO: Run Behavior\ParseTemplate [ RunTime:0.091412s ]
INFO: [ view_parse ] --END-- [ RunTime:0.092558s ]
INFO: [ view_filter ] --START--
INFO: Run Behavior\WriteHtmlCache [ RunTime:0.000818s ]
INFO: [ view_filter ] --END-- [ RunTime:0.000930s ]
INFO: [ app_end ] --START--
INFO: Run Behavior\ShowPageTrace [ RunTime:0.001227s ]
INFO: [ app_end ] --END-- [ RunTime:0.001341s ]

[ 2017-08-13T08:53:35+08:00 ] ::1 /wwwroot/index.php?s=/Home/User/verify.html
INFO: [ app_end ] --START--
INFO: Run Behavior\ShowPageTrace [ RunTime:0.000988s ]
INFO: [ app_end ] --END-- [ RunTime:0.001828s ]

[ 2017-08-13T08:53:45+08:00 ] ::1 /wwwroot/index.php?s=/Home/User/register.html
INFO: [ view_parse ] --START--
INFO: [ template_filter ] --START--
INFO: Run Behavior\ContentReplace [ RunTime:0.000221s ]
INFO: [ template_filter ] --END-- [ RunTime:0.000345s ]
SQL: SHOW COLUMNS FROM `onethink_channel` [ RunTime:0.010887s ]
SQL: SELECT `id`,`pid`,`title`,`url`,`sort`,`create_time`,`update_time`,`status`,`target` FROM `onethink_channel` WHERE ( status=1 ) ORDER BY sort  [ RunTime:0.000791s ]
INFO: Run Behavior\ParseTemplate [ RunTime:0.057098s ]
INFO: [ view_parse ] --END-- [ RunTime:0.057916s ]
INFO: [ view_filter ] --START--
INFO: Run Behavior\WriteHtmlCache [ RunTime:0.000603s ]
INFO: [ view_filter ] --END-- [ RunTime:0.000712s ]
INFO: [ app_end ] --START--
INFO: Run Behavior\ShowPageTrace [ RunTime:0.002376s ]
INFO: [ app_end ] --END-- [ RunTime:0.002499s ]

[ 2017-08-13T08:53:45+08:00 ] ::1 /wwwroot/index.php?s=/Home/User/verify.html
INFO: [ app_end ] --START--
INFO: Run Behavior\ShowPageTrace [ RunTime:0.000932s ]
INFO: [ app_end ] --END-- [ RunTime:0.001781s ]

[ 2017-08-13T09:10:02+08:00 ] ::1 /wwwroot/index.php?s=/Home/User/login.html
INFO: [ view_parse ] --START--
INFO: [ template_filter ] --START--
INFO: Run Behavior\ContentReplace [ RunTime:0.000273s ]
INFO: [ template_filter ] --END-- [ RunTime:0.000395s ]
SQL: SHOW COLUMNS FROM `onethink_channel` [ RunTime:0.010711s ]
SQL: SELECT `id`,`pid`,`title`,`url`,`sort`,`create_time`,`update_time`,`status`,`target` FROM `onethink_channel` WHERE ( status=1 ) ORDER BY sort  [ RunTime:0.000557s ]
INFO: Run Behavior\ParseTemplate [ RunTime:0.074215s ]
INFO: [ view_parse ] --END-- [ RunTime:0.075713s ]
INFO: [ view_filter ] --START--
INFO: Run Behavior\WriteHtmlCache [ RunTime:0.002083s ]
INFO: [ view_filter ] --END-- [ RunTime:0.002204s ]
INFO: [ app_end ] --START--
INFO: Run Behavior\ShowPageTrace [ RunTime:0.001136s ]
INFO: [ app_end ] --END-- [ RunTime:0.001248s ]

[ 2017-08-13T09:10:02+08:00 ] ::1 /wwwroot/index.php?s=/Home/User/verify.html
INFO: [ app_end ] --START--
INFO: Run Behavior\ShowPageTrace [ RunTime:0.000923s ]
INFO: [ app_end ] --END-- [ RunTime:0.001876s ]

[ 2017-08-13T09:12:58+08:00 ] ::1 /wwwroot/index.php?s=/Home/User/login.html
INFO: [ view_parse ] --START--
INFO: [ template_filter ] --START--
INFO: Run Behavior\ContentReplace [ RunTime:0.000233s ]
INFO: [ template_filter ] --END-- [ RunTime:0.000349s ]
SQL: SHOW COLUMNS FROM `onethink_channel` [ RunTime:0.012145s ]
SQL: SELECT `id`,`pid`,`title`,`url`,`sort`,`create_time`,`update_time`,`status`,`target` FROM `onethink_channel` WHERE ( status=1 ) ORDER BY sort  [ RunTime:0.000637s ]
INFO: Run Behavior\ParseTemplate [ RunTime:0.043628s ]
INFO: [ view_parse ] --END-- [ RunTime:0.044783s ]
INFO: [ view_filter ] --START--
INFO: Run Behavior\WriteHtmlCache [ RunTime:0.022235s ]
INFO: [ view_filter ] --END-- [ RunTime:0.022355s ]
INFO: [ app_end ] --START--
INFO: Run Behavior\ShowPageTrace [ RunTime:0.001447s ]
INFO: [ app_end ] --END-- [ RunTime:0.001566s ]

[ 2017-08-13T09:12:58+08:00 ] ::1 /wwwroot/index.php?s=/Home/User/verify.html
INFO: [ app_end ] --START--
INFO: Run Behavior\ShowPageTrace [ RunTime:0.000996s ]
INFO: [ app_end ] --END-- [ RunTime:0.001903s ]

[ 2017-08-13T09:12:59+08:00 ] ::1 /wwwroot/index.php?s=/Home/User/verify.html
INFO: [ app_end ] --START--
INFO: Run Behavior\ShowPageTrace [ RunTime:0.001147s ]
INFO: [ app_end ] --END-- [ RunTime:0.002098s ]

[ 2017-08-13T09:13:22+08:00 ] ::1 /wwwroot/index.php?s=/Home/User/login.html
INFO: [ view_parse ] --START--
INFO: [ template_filter ] --START--
INFO: Run Behavior\ContentReplace [ RunTime:0.000204s ]
INFO: [ template_filter ] --END-- [ RunTime:0.000317s ]
SQL: SHOW COLUMNS FROM `onethink_channel` [ RunTime:0.012221s ]
SQL: SELECT `id`,`pid`,`title`,`url`,`sort`,`create_time`,`update_time`,`status`,`target` FROM `onethink_channel` WHERE ( status=1 ) ORDER BY sort  [ RunTime:0.000651s ]
INFO: Run Behavior\ParseTemplate [ RunTime:0.042143s ]
INFO: [ view_parse ] --END-- [ RunTime:0.043045s ]
INFO: [ view_filter ] --START--
INFO: Run Behavior\WriteHtmlCache [ RunTime:0.001859s ]
INFO: [ view_filter ] --END-- [ RunTime:0.001981s ]
INFO: [ app_end ] --START--
INFO: Run Behavior\ShowPageTrace [ RunTime:0.000969s ]
INFO: [ app_end ] --END-- [ RunTime:0.001079s ]

[ 2017-08-13T09:13:22+08:00 ] ::1 /wwwroot/index.php?s=/Home/User/verify.html
INFO: [ app_end ] --START--
INFO: Run Behavior\ShowPageTrace [ RunTime:0.001047s ]
INFO: [ app_end ] --END-- [ RunTime:0.002184s ]

[ 2017-08-13T09:13:36+08:00 ] ::1 /wwwroot/index.php?s=/Home/User/verify.html
INFO: [ app_end ] --START--
INFO: Run Behavior\ShowPageTrace [ RunTime:0.001645s ]
INFO: [ app_end ] --END-- [ RunTime:0.002628s ]

[ 2017-08-13T09:15:47+08:00 ] ::1 /wwwroot/index.php?s=/Home/User/login.html
INFO: [ view_parse ] --START--
INFO: [ template_filter ] --START--
INFO: Run Behavior\ContentReplace [ RunTime:0.000218s ]
INFO: [ template_filter ] --END-- [ RunTime:0.000351s ]
SQL: SHOW COLUMNS FROM `onethink_channel` [ RunTime:0.010801s ]
SQL: SELECT `id`,`pid`,`title`,`url`,`sort`,`create_time`,`update_time`,`status`,`target` FROM `onethink_channel` WHERE ( status=1 ) ORDER BY sort  [ RunTime:0.002046s ]
INFO: Run Behavior\ParseTemplate [ RunTime:0.045998s ]
INFO: [ view_parse ] --END-- [ RunTime:0.047125s ]
INFO: [ view_filter ] --START--
INFO: Run Behavior\WriteHtmlCache [ RunTime:0.046682s ]
INFO: [ view_filter ] --END-- [ RunTime:0.046804s ]
INFO: [ app_end ] --START--
INFO: Run Behavior\ShowPageTrace [ RunTime:0.002876s ]
INFO: [ app_end ] --END-- [ RunTime:0.002997s ]

[ 2017-08-13T09:15:47+08:00 ] ::1 /wwwroot/index.php?s=/Home/User/verify.html
INFO: [ app_end ] --START--
INFO: Run Behavior\ShowPageTrace [ RunTime:0.000992s ]
INFO: [ app_end ] --END-- [ RunTime:0.001929s ]

[ 2017-08-13T09:16:53+08:00 ] ::1 /wwwroot/index.php?s=/Home/User/verify.html
INFO: [ app_end ] --START--
INFO: Run Behavior\ShowPageTrace [ RunTime:0.001292s ]
INFO: [ app_end ] --END-- [ RunTime:0.002251s ]

[ 2017-08-13T09:17:06+08:00 ] ::1 /wwwroot/index.php?s=/Home/User/verify.html
INFO: [ app_end ] --START--
INFO: Run Behavior\ShowPageTrace [ RunTime:0.001723s ]
INFO: [ app_end ] --END-- [ RunTime:0.002638s ]

[ 2017-08-13T09:17:10+08:00 ] ::1 /wwwroot/index.php?s=/Home/User/verify.html
INFO: [ app_end ] --START--
INFO: Run Behavior\ShowPageTrace [ RunTime:0.001134s ]
INFO: [ app_end ] --END-- [ RunTime:0.002103s ]

[ 2017-08-13T09:17:12+08:00 ] ::1 /wwwroot/index.php?s=/Home/User/verify.html
INFO: [ app_end ] --START--
INFO: Run Behavior\ShowPageTrace [ RunTime:0.001061s ]
INFO: [ app_end ] --END-- [ RunTime:0.002003s ]

[ 2017-08-13T09:17:15+08:00 ] ::1 /wwwroot/index.php?s=/Home/User/verify.html
INFO: [ app_end ] --START--
INFO: Run Behavior\ShowPageTrace [ RunTime:0.001029s ]
INFO: [ app_end ] --END-- [ RunTime:0.001974s ]

[ 2017-08-13T09:18:22+08:00 ] ::1 /wwwroot/index.php?s=/Home/User/login/id/11
INFO: [ view_parse ] --START--
INFO: [ template_filter ] --START--
INFO: Run Behavior\ContentReplace [ RunTime:0.000984s ]
INFO: [ template_filter ] --END-- [ RunTime:0.002021s ]
SQL: SHOW COLUMNS FROM `onethink_channel` [ RunTime:0.015002s ]
SQL: SELECT `id`,`pid`,`title`,`url`,`sort`,`create_time`,`update_time`,`status`,`target` FROM `onethink_channel` WHERE ( status=1 ) ORDER BY sort  [ RunTime:0.000860s ]
INFO: Run Behavior\ParseTemplate [ RunTime:0.101039s ]
INFO: [ view_parse ] --END-- [ RunTime:0.102074s ]
INFO: [ view_filter ] --START--
INFO: Run Behavior\WriteHtmlCache [ RunTime:0.002446s ]
INFO: [ view_filter ] --END-- [ RunTime:0.002571s ]
INFO: [ app_end ] --START--
INFO: Run Behavior\ShowPageTrace [ RunTime:0.001625s ]
INFO: [ app_end ] --END-- [ RunTime:0.002462s ]

[ 2017-08-13T09:18:22+08:00 ] ::1 /wwwroot/index.php?s=/Home/User/verify.html
INFO: [ app_end ] --START--
INFO: Run Behavior\ShowPageTrace [ RunTime:0.001190s ]
INFO: [ app_end ] --END-- [ RunTime:0.002190s ]

[ 2017-08-13T09:18:59+08:00 ] ::1 /wwwroot/index.php?s=/Home/User/login/id/11
INFO: [ view_parse ] --START--
INFO: [ template_filter ] --START--
INFO: Run Behavior\ContentReplace [ RunTime:0.000268s ]
INFO: [ template_filter ] --END-- [ RunTime:0.000531s ]
SQL: SHOW COLUMNS FROM `onethink_channel` [ RunTime:0.010414s ]
SQL: SELECT `id`,`pid`,`title`,`url`,`sort`,`create_time`,`update_time`,`status`,`target` FROM `onethink_channel` WHERE ( status=1 ) ORDER BY sort  [ RunTime:0.000689s ]
INFO: Run Behavior\ParseTemplate [ RunTime:0.044321s ]
INFO: [ view_parse ] --END-- [ RunTime:0.045479s ]
INFO: [ view_filter ] --START--
INFO: Run Behavior\WriteHtmlCache [ RunTime:0.002405s ]
INFO: [ view_filter ] --END-- [ RunTime:0.002558s ]
INFO: [ app_end ] --START--
INFO: Run Behavior\ShowPageTrace [ RunTime:0.001269s ]
INFO: [ app_end ] --END-- [ RunTime:0.001386s ]

[ 2017-08-13T09:19:00+08:00 ] ::1 /wwwroot/index.php?s=/Home/User/verify.html
INFO: [ app_end ] --START--
INFO: Run Behavior\ShowPageTrace [ RunTime:0.001173s ]
INFO: [ app_end ] --END-- [ RunTime:0.002227s ]

[ 2017-08-13T09:19:47+08:00 ] ::1 /wwwroot/index.php?s=/Home/User/login/id/11
INFO: [ view_parse ] --START--
INFO: [ template_filter ] --START--
INFO: Run Behavior\ContentReplace [ RunTime:0.000222s ]
INFO: [ template_filter ] --END-- [ RunTime:0.000347s ]
SQL: SHOW COLUMNS FROM `onethink_channel` [ RunTime:0.010888s ]
SQL: SELECT `id`,`pid`,`title`,`url`,`sort`,`create_time`,`update_time`,`status`,`target` FROM `onethink_channel` WHERE ( status=1 ) ORDER BY sort  [ RunTime:0.000811s ]
INFO: Run Behavior\ParseTemplate [ RunTime:0.038828s ]
INFO: [ view_parse ] --END-- [ RunTime:0.039764s ]
INFO: [ view_filter ] --START--
INFO: Run Behavior\WriteHtmlCache [ RunTime:0.004031s ]
INFO: [ view_filter ] --END-- [ RunTime:0.004155s ]
INFO: [ app_end ] --START--
INFO: Run Behavior\ShowPageTrace [ RunTime:0.001082s ]
INFO: [ app_end ] --END-- [ RunTime:0.001200s ]

[ 2017-08-13T09:19:48+08:00 ] ::1 /wwwroot/index.php?s=/Home/User/verify.html
INFO: [ app_end ] --START--
INFO: Run Behavior\ShowPageTrace [ RunTime:0.001107s ]
INFO: [ app_end ] --END-- [ RunTime:0.002113s ]

[ 2017-08-13T09:19:50+08:00 ] ::1 /wwwroot/index.php?s=/Home/User/verify.html
INFO: [ app_end ] --START--
INFO: Run Behavior\ShowPageTrace [ RunTime:0.001098s ]
INFO: [ app_end ] --END-- [ RunTime:0.002047s ]

[ 2017-08-13T09:27:10+08:00 ] ::1 /wwwroot/index.php/Home/User/login/id/11
INFO: [ view_parse ] --START--
INFO: [ template_filter ] --START--
INFO: Run Behavior\ContentReplace [ RunTime:0.000198s ]
INFO: [ template_filter ] --END-- [ RunTime:0.000309s ]
SQL: SHOW COLUMNS FROM `onethink_channel` [ RunTime:0.010611s ]
SQL: SELECT `id`,`pid`,`title`,`url`,`sort`,`create_time`,`update_time`,`status`,`target` FROM `onethink_channel` WHERE ( status=1 ) ORDER BY sort  [ RunTime:0.000599s ]
INFO: Run Behavior\ParseTemplate [ RunTime:0.078444s ]
INFO: [ view_parse ] --END-- [ RunTime:0.079673s ]
INFO: [ view_filter ] --START--
INFO: Run Behavior\WriteHtmlCache [ RunTime:0.001725s ]
INFO: [ view_filter ] --END-- [ RunTime:0.001844s ]
INFO: [ app_end ] --START--
INFO: Run Behavior\ShowPageTrace [ RunTime:0.001166s ]
INFO: [ app_end ] --END-- [ RunTime:0.001279s ]

[ 2017-08-13T09:27:10+08:00 ] ::1 /wwwroot/index.php/Home/User/verify.html
INFO: [ app_end ] --START--
INFO: Run Behavior\ShowPageTrace [ RunTime:0.001560s ]
INFO: [ app_end ] --END-- [ RunTime:0.002556s ]

[ 2017-08-13T09:29:15+08:00 ] ::1 /wwwroot/Home/User/login/id/11
INFO: [ view_parse ] --START--
INFO: [ template_filter ] --START--
INFO: Run Behavior\ContentReplace [ RunTime:0.000246s ]
INFO: [ template_filter ] --END-- [ RunTime:0.000398s ]
SQL: SHOW COLUMNS FROM `onethink_channel` [ RunTime:0.013654s ]
SQL: SELECT `id`,`pid`,`title`,`url`,`sort`,`create_time`,`update_time`,`status`,`target` FROM `onethink_channel` WHERE ( status=1 ) ORDER BY sort  [ RunTime:0.000688s ]
INFO: Run Behavior\ParseTemplate [ RunTime:0.051204s ]
INFO: [ view_parse ] --END-- [ RunTime:0.052195s ]
INFO: [ view_filter ] --START--
INFO: Run Behavior\WriteHtmlCache [ RunTime:0.002277s ]
INFO: [ view_filter ] --END-- [ RunTime:0.002423s ]
INFO: [ app_end ] --START--
INFO: Run Behavior\ShowPageTrace [ RunTime:0.001411s ]
INFO: [ app_end ] --END-- [ RunTime:0.001577s ]

[ 2017-08-13T09:29:15+08:00 ] ::1 /wwwroot/Home/User/verify.html
INFO: [ app_end ] --START--
INFO: Run Behavior\ShowPageTrace [ RunTime:0.001089s ]
INFO: [ app_end ] --END-- [ RunTime:0.002123s ]

[ 2017-08-13T09:29:18+08:00 ] ::1 /wwwroot/Home/User/verify.html
INFO: [ app_end ] --START--
INFO: Run Behavior\ShowPageTrace [ RunTime:0.001468s ]
INFO: [ app_end ] --END-- [ RunTime:0.002928s ]

[ 2017-08-13T09:30:50+08:00 ] ::1 /wwwroot/Admin/Public/login.html
INFO: [ view_parse ] --START--
INFO: [ template_filter ] --START--
INFO: Run Behavior\ContentReplace [ RunTime:0.000129s ]
INFO: [ template_filter ] --END-- [ RunTime:0.000241s ]
INFO: Run Behavior\ParseTemplate [ RunTime:0.042804s ]
INFO: [ view_parse ] --END-- [ RunTime:0.044108s ]
INFO: [ view_filter ] --START--
INFO: Run Behavior\WriteHtmlCache [ RunTime:0.000506s ]
INFO: [ view_filter ] --END-- [ RunTime:0.000599s ]
INFO: [ app_end ] --START--
INFO: Run Behavior\ShowPageTrace [ RunTime:0.000867s ]
INFO: [ app_end ] --END-- [ RunTime:0.000969s ]

