[ 2017-08-14T13:15:57+08:00 ] ::1 /onethink/
INFO: [ view_parse ] --START--
INFO: [ template_filter ] --START--
INFO: Run Behavior\ContentReplace [ RunTime:0.000121s ]
INFO: [ template_filter ] --END-- [ RunTime:0.000488s ]
INFO: Run Behavior\ParseTemplate [ RunTime:0.101684s ]
INFO: [ view_parse ] --END-- [ RunTime:0.102596s ]
INFO: [ view_filter ] --START--
INFO: Run Behavior\WriteHtmlCache [ RunTime:0.002045s ]
INFO: [ view_filter ] --END-- [ RunTime:0.002165s ]
INFO: [ app_end ] --START--
INFO: Run Behavior\ShowPageTrace [ RunTime:0.001096s ]
INFO: [ app_end ] --END-- [ RunTime:0.001227s ]

[ 2017-08-14T13:15:59+08:00 ] 127.0.0.1 /onethink/Home/notice/index.html
SQL: SHOW COLUMNS FROM `onethink_document` [ RunTime:0.037322s ]
SQL: SELECT * FROM `onethink_document` WHERE ( `category_id` = 42 )  [ RunTime:0.030675s ]
INFO: [ view_parse ] --START--
INFO: [ template_filter ] --START--
INFO: Run Behavior\ContentReplace [ RunTime:0.000097s ]
INFO: [ template_filter ] --END-- [ RunTime:0.000243s ]
NOTIC: [8] Undefined variable: u D:\phpStudy\WWW\onethink\Runtime\Cache\Home\b6712068d68b0f23e361fceccafe8f1a.php 第 58 行.
NOTIC: [8] Undefined variable: u D:\phpStudy\WWW\onethink\Runtime\Cache\Home\b6712068d68b0f23e361fceccafe8f1a.php 第 58 行.
NOTIC: [8] Undefined variable: u D:\phpStudy\WWW\onethink\Runtime\Cache\Home\b6712068d68b0f23e361fceccafe8f1a.php 第 58 行.
NOTIC: [8] Undefined variable: u D:\phpStudy\WWW\onethink\Runtime\Cache\Home\b6712068d68b0f23e361fceccafe8f1a.php 第 58 行.
INFO: Run Behavior\ParseTemplate [ RunTime:0.033754s ]
INFO: [ view_parse ] --END-- [ RunTime:0.033918s ]
INFO: [ view_filter ] --START--
INFO: Run Behavior\WriteHtmlCache [ RunTime:0.000552s ]
INFO: [ view_filter ] --END-- [ RunTime:0.000659s ]
INFO: [ app_end ] --START--
INFO: Run Behavior\ShowPageTrace [ RunTime:0.000863s ]
INFO: [ app_end ] --END-- [ RunTime:0.000988s ]

[ 2017-08-14T13:18:18+08:00 ] ::1 /onethink/Home/notice/index.html
SQL: SHOW COLUMNS FROM `onethink_document` [ RunTime:0.011853s ]
SQL: SELECT * FROM `onethink_document` WHERE ( `category_id` = 42 )  [ RunTime:0.000913s ]
INFO: [ view_parse ] --START--
INFO: [ template_filter ] --START--
INFO: Run Behavior\ContentReplace [ RunTime:0.000097s ]
INFO: [ template_filter ] --END-- [ RunTime:0.000250s ]
NOTIC: [8] Undefined variable: u D:\phpStudy\WWW\onethink\Runtime\Cache\Home\b6712068d68b0f23e361fceccafe8f1a.php 第 58 行.
NOTIC: [8] Undefined variable: u D:\phpStudy\WWW\onethink\Runtime\Cache\Home\b6712068d68b0f23e361fceccafe8f1a.php 第 58 行.
NOTIC: [8] Undefined variable: u D:\phpStudy\WWW\onethink\Runtime\Cache\Home\b6712068d68b0f23e361fceccafe8f1a.php 第 58 行.
NOTIC: [8] Undefined variable: u D:\phpStudy\WWW\onethink\Runtime\Cache\Home\b6712068d68b0f23e361fceccafe8f1a.php 第 58 行.
INFO: Run Behavior\ParseTemplate [ RunTime:0.022357s ]
INFO: [ view_parse ] --END-- [ RunTime:0.022562s ]
INFO: [ view_filter ] --START--
INFO: Run Behavior\WriteHtmlCache [ RunTime:0.000712s ]
INFO: [ view_filter ] --END-- [ RunTime:0.000823s ]
INFO: [ app_end ] --START--
INFO: Run Behavior\ShowPageTrace [ RunTime:0.001039s ]
INFO: [ app_end ] --END-- [ RunTime:0.001147s ]

[ 2017-08-14T13:18:32+08:00 ] ::1 /onethink/index.php?s=/Home/notice/index.html
SQL: SHOW COLUMNS FROM `onethink_document` [ RunTime:0.014259s ]
SQL: SELECT * FROM `onethink_document` WHERE ( `category_id` = 42 )  [ RunTime:0.000905s ]
INFO: [ view_parse ] --START--
INFO: [ template_filter ] --START--
INFO: Run Behavior\ContentReplace [ RunTime:0.000134s ]
INFO: [ template_filter ] --END-- [ RunTime:0.000268s ]
NOTIC: [8] Undefined variable: u D:\phpStudy\WWW\onethink\Runtime\Cache\Home\b6712068d68b0f23e361fceccafe8f1a.php 第 58 行.
NOTIC: [8] Undefined variable: u D:\phpStudy\WWW\onethink\Runtime\Cache\Home\b6712068d68b0f23e361fceccafe8f1a.php 第 58 行.
NOTIC: [8] Undefined variable: u D:\phpStudy\WWW\onethink\Runtime\Cache\Home\b6712068d68b0f23e361fceccafe8f1a.php 第 58 行.
NOTIC: [8] Undefined variable: u D:\phpStudy\WWW\onethink\Runtime\Cache\Home\b6712068d68b0f23e361fceccafe8f1a.php 第 58 行.
INFO: Run Behavior\ParseTemplate [ RunTime:0.022954s ]
INFO: [ view_parse ] --END-- [ RunTime:0.023087s ]
INFO: [ view_filter ] --START--
INFO: Run Behavior\WriteHtmlCache [ RunTime:0.000895s ]
INFO: [ view_filter ] --END-- [ RunTime:0.001024s ]
INFO: [ app_end ] --START--
INFO: Run Behavior\ShowPageTrace [ RunTime:0.001005s ]
INFO: [ app_end ] --END-- [ RunTime:0.001130s ]

[ 2017-08-14T13:18:43+08:00 ] ::1 /onethink/Home/Notice/detail/id/6.html
INFO: [ app_end ] --START--
INFO: Run Behavior\ShowPageTrace [ RunTime:0.001053s ]
INFO: [ app_end ] --END-- [ RunTime:0.001865s ]

[ 2017-08-14T13:18:48+08:00 ] ::1 /onethink/Home/Notice/detail/id/5.html
INFO: [ app_end ] --START--
INFO: Run Behavior\ShowPageTrace [ RunTime:0.000844s ]
INFO: [ app_end ] --END-- [ RunTime:0.001650s ]

[ 2017-08-14T13:28:24+08:00 ] ::1 /onethink/index.php?s=/Home/notice/index.html
SQL: SHOW COLUMNS FROM `onethink_document` [ RunTime:0.011767s ]
SQL: SELECT * FROM `onethink_document` WHERE ( `category_id` = 42 )  [ RunTime:0.000697s ]
INFO: [ view_parse ] --START--
INFO: [ template_filter ] --START--
INFO: Run Behavior\ContentReplace [ RunTime:0.000101s ]
INFO: [ template_filter ] --END-- [ RunTime:0.000240s ]
NOTIC: [8] Undefined variable: u D:\phpStudy\WWW\onethink\Runtime\Cache\Home\b6712068d68b0f23e361fceccafe8f1a.php 第 58 行.
NOTIC: [8] Undefined variable: u D:\phpStudy\WWW\onethink\Runtime\Cache\Home\b6712068d68b0f23e361fceccafe8f1a.php 第 58 行.
NOTIC: [8] Undefined variable: u D:\phpStudy\WWW\onethink\Runtime\Cache\Home\b6712068d68b0f23e361fceccafe8f1a.php 第 58 行.
NOTIC: [8] Undefined variable: u D:\phpStudy\WWW\onethink\Runtime\Cache\Home\b6712068d68b0f23e361fceccafe8f1a.php 第 58 行.
INFO: Run Behavior\ParseTemplate [ RunTime:0.051920s ]
INFO: [ view_parse ] --END-- [ RunTime:0.052022s ]
INFO: [ view_filter ] --START--
INFO: Run Behavior\WriteHtmlCache [ RunTime:0.004072s ]
INFO: [ view_filter ] --END-- [ RunTime:0.004185s ]
INFO: [ app_end ] --START--
INFO: Run Behavior\ShowPageTrace [ RunTime:0.001227s ]
INFO: [ app_end ] --END-- [ RunTime:0.001340s ]

[ 2017-08-14T13:30:21+08:00 ] ::1 /onethink/Home/notice/index.html
SQL: SHOW COLUMNS FROM `onethink_document` [ RunTime:0.011230s ]
SQL: SELECT * FROM `onethink_document` WHERE ( `category_id` = 42 )  [ RunTime:0.000925s ]
INFO: [ view_parse ] --START--
INFO: [ template_filter ] --START--
INFO: Run Behavior\ContentReplace [ RunTime:0.000118s ]
INFO: [ template_filter ] --END-- [ RunTime:0.003613s ]
NOTIC: [8] Undefined variable: u D:\phpStudy\WWW\onethink\Runtime\Cache\Home\b6712068d68b0f23e361fceccafe8f1a.php 第 58 行.
NOTIC: [8] Undefined variable: u D:\phpStudy\WWW\onethink\Runtime\Cache\Home\b6712068d68b0f23e361fceccafe8f1a.php 第 58 行.
NOTIC: [8] Undefined variable: u D:\phpStudy\WWW\onethink\Runtime\Cache\Home\b6712068d68b0f23e361fceccafe8f1a.php 第 58 行.
NOTIC: [8] Undefined variable: u D:\phpStudy\WWW\onethink\Runtime\Cache\Home\b6712068d68b0f23e361fceccafe8f1a.php 第 58 行.
INFO: Run Behavior\ParseTemplate [ RunTime:0.064905s ]
INFO: [ view_parse ] --END-- [ RunTime:0.065015s ]
INFO: [ view_filter ] --START--
INFO: Run Behavior\WriteHtmlCache [ RunTime:0.000711s ]
INFO: [ view_filter ] --END-- [ RunTime:0.000815s ]
INFO: [ app_end ] --START--
INFO: Run Behavior\ShowPageTrace [ RunTime:0.001056s ]
INFO: [ app_end ] --END-- [ RunTime:0.001166s ]

[ 2017-08-14T13:30:24+08:00 ] ::1 /onethink/Home/notice/index.html
SQL: SHOW COLUMNS FROM `onethink_document` [ RunTime:0.012325s ]
SQL: SELECT * FROM `onethink_document` WHERE ( `category_id` = 42 )  [ RunTime:0.000752s ]
INFO: [ view_parse ] --START--
INFO: [ template_filter ] --START--
INFO: Run Behavior\ContentReplace [ RunTime:0.000105s ]
INFO: [ template_filter ] --END-- [ RunTime:0.000257s ]
NOTIC: [8] Undefined variable: u D:\phpStudy\WWW\onethink\Runtime\Cache\Home\b6712068d68b0f23e361fceccafe8f1a.php 第 58 行.
NOTIC: [8] Undefined variable: u D:\phpStudy\WWW\onethink\Runtime\Cache\Home\b6712068d68b0f23e361fceccafe8f1a.php 第 58 行.
NOTIC: [8] Undefined variable: u D:\phpStudy\WWW\onethink\Runtime\Cache\Home\b6712068d68b0f23e361fceccafe8f1a.php 第 58 行.
NOTIC: [8] Undefined variable: u D:\phpStudy\WWW\onethink\Runtime\Cache\Home\b6712068d68b0f23e361fceccafe8f1a.php 第 58 行.
INFO: Run Behavior\ParseTemplate [ RunTime:0.020205s ]
INFO: [ view_parse ] --END-- [ RunTime:0.020314s ]
INFO: [ view_filter ] --START--
INFO: Run Behavior\WriteHtmlCache [ RunTime:0.000897s ]
INFO: [ view_filter ] --END-- [ RunTime:0.001396s ]
INFO: [ app_end ] --START--
INFO: Run Behavior\ShowPageTrace [ RunTime:0.001083s ]
INFO: [ app_end ] --END-- [ RunTime:0.001199s ]

[ 2017-08-14T13:46:57+08:00 ] ::1 /onethink/index.php?s=/Home/notice/index.html
SQL: SHOW COLUMNS FROM `onethink_document` [ RunTime:0.011543s ]
SQL: SELECT * FROM `onethink_document` WHERE ( `category_id` = 42 )  [ RunTime:0.001006s ]
INFO: [ view_parse ] --START--
INFO: [ template_filter ] --START--
INFO: Run Behavior\ContentReplace [ RunTime:0.000119s ]
INFO: [ template_filter ] --END-- [ RunTime:0.000627s ]
NOTIC: [8] Undefined variable: u D:\phpStudy\WWW\onethink\Runtime\Cache\Home\b6712068d68b0f23e361fceccafe8f1a.php 第 58 行.
NOTIC: [8] Undefined variable: u D:\phpStudy\WWW\onethink\Runtime\Cache\Home\b6712068d68b0f23e361fceccafe8f1a.php 第 58 行.
NOTIC: [8] Undefined variable: u D:\phpStudy\WWW\onethink\Runtime\Cache\Home\b6712068d68b0f23e361fceccafe8f1a.php 第 58 行.
NOTIC: [8] Undefined variable: u D:\phpStudy\WWW\onethink\Runtime\Cache\Home\b6712068d68b0f23e361fceccafe8f1a.php 第 58 行.
INFO: Run Behavior\ParseTemplate [ RunTime:0.053629s ]
INFO: [ view_parse ] --END-- [ RunTime:0.053728s ]
INFO: [ view_filter ] --START--
INFO: Run Behavior\WriteHtmlCache [ RunTime:0.000705s ]
INFO: [ view_filter ] --END-- [ RunTime:0.000809s ]
INFO: [ app_end ] --START--
INFO: Run Behavior\ShowPageTrace [ RunTime:0.001070s ]
INFO: [ app_end ] --END-- [ RunTime:0.001182s ]

[ 2017-08-14T13:46:59+08:00 ] ::1 /onethink/Home/Notice/detail/id/5.html
INFO: [ app_end ] --START--
INFO: Run Behavior\ShowPageTrace [ RunTime:0.001059s ]
INFO: [ app_end ] --END-- [ RunTime:0.002058s ]

[ 2017-08-14T13:47:03+08:00 ] ::1 /onethink/Home/notice/index.html
SQL: SHOW COLUMNS FROM `onethink_document` [ RunTime:0.013321s ]
SQL: SELECT * FROM `onethink_document` WHERE ( `category_id` = 42 )  [ RunTime:0.000721s ]
INFO: [ view_parse ] --START--
INFO: [ template_filter ] --START--
INFO: Run Behavior\ContentReplace [ RunTime:0.000098s ]
INFO: [ template_filter ] --END-- [ RunTime:0.000235s ]
NOTIC: [8] Undefined variable: u D:\phpStudy\WWW\onethink\Runtime\Cache\Home\b6712068d68b0f23e361fceccafe8f1a.php 第 58 行.
NOTIC: [8] Undefined variable: u D:\phpStudy\WWW\onethink\Runtime\Cache\Home\b6712068d68b0f23e361fceccafe8f1a.php 第 58 行.
NOTIC: [8] Undefined variable: u D:\phpStudy\WWW\onethink\Runtime\Cache\Home\b6712068d68b0f23e361fceccafe8f1a.php 第 58 行.
NOTIC: [8] Undefined variable: u D:\phpStudy\WWW\onethink\Runtime\Cache\Home\b6712068d68b0f23e361fceccafe8f1a.php 第 58 行.
INFO: Run Behavior\ParseTemplate [ RunTime:0.056021s ]
INFO: [ view_parse ] --END-- [ RunTime:0.056120s ]
INFO: [ view_filter ] --START--
INFO: Run Behavior\WriteHtmlCache [ RunTime:0.000742s ]
INFO: [ view_filter ] --END-- [ RunTime:0.000848s ]
INFO: [ app_end ] --START--
INFO: Run Behavior\ShowPageTrace [ RunTime:0.001049s ]
INFO: [ app_end ] --END-- [ RunTime:0.001163s ]

[ 2017-08-14T13:47:29+08:00 ] ::1 /onethink/Home/notice/index.html
SQL: SHOW COLUMNS FROM `onethink_document` [ RunTime:0.011644s ]
SQL: SELECT * FROM `onethink_document` WHERE ( `category_id` = 42 )  [ RunTime:0.000704s ]
INFO: [ view_parse ] --START--
INFO: [ template_filter ] --START--
INFO: Run Behavior\ContentReplace [ RunTime:0.000093s ]
INFO: [ template_filter ] --END-- [ RunTime:0.000229s ]
NOTIC: [8] Undefined variable: u D:\phpStudy\WWW\onethink\Runtime\Cache\Home\b6712068d68b0f23e361fceccafe8f1a.php 第 58 行.
NOTIC: [8] Undefined variable: u D:\phpStudy\WWW\onethink\Runtime\Cache\Home\b6712068d68b0f23e361fceccafe8f1a.php 第 58 行.
NOTIC: [8] Undefined variable: u D:\phpStudy\WWW\onethink\Runtime\Cache\Home\b6712068d68b0f23e361fceccafe8f1a.php 第 58 行.
NOTIC: [8] Undefined variable: u D:\phpStudy\WWW\onethink\Runtime\Cache\Home\b6712068d68b0f23e361fceccafe8f1a.php 第 58 行.
INFO: Run Behavior\ParseTemplate [ RunTime:0.019352s ]
INFO: [ view_parse ] --END-- [ RunTime:0.019464s ]
INFO: [ view_filter ] --START--
INFO: Run Behavior\WriteHtmlCache [ RunTime:0.000793s ]
INFO: [ view_filter ] --END-- [ RunTime:0.000905s ]
INFO: [ app_end ] --START--
INFO: Run Behavior\ShowPageTrace [ RunTime:0.000963s ]
INFO: [ app_end ] --END-- [ RunTime:0.001080s ]

[ 2017-08-14T13:47:41+08:00 ] ::1 /onethink/Home/notice/index.html
SQL: SHOW COLUMNS FROM `onethink_document` [ RunTime:0.012075s ]
SQL: SELECT * FROM `onethink_document` WHERE ( `category_id` = 42 )  [ RunTime:0.000862s ]
INFO: [ view_parse ] --START--
INFO: [ template_filter ] --START--
INFO: Run Behavior\ContentReplace [ RunTime:0.000098s ]
INFO: [ template_filter ] --END-- [ RunTime:0.000236s ]
NOTIC: [8] Undefined variable: u D:\phpStudy\WWW\onethink\Runtime\Cache\Home\b6712068d68b0f23e361fceccafe8f1a.php 第 58 行.
NOTIC: [8] Undefined variable: u D:\phpStudy\WWW\onethink\Runtime\Cache\Home\b6712068d68b0f23e361fceccafe8f1a.php 第 58 行.
NOTIC: [8] Undefined variable: u D:\phpStudy\WWW\onethink\Runtime\Cache\Home\b6712068d68b0f23e361fceccafe8f1a.php 第 58 行.
NOTIC: [8] Undefined variable: u D:\phpStudy\WWW\onethink\Runtime\Cache\Home\b6712068d68b0f23e361fceccafe8f1a.php 第 58 行.
INFO: Run Behavior\ParseTemplate [ RunTime:0.021243s ]
INFO: [ view_parse ] --END-- [ RunTime:0.021355s ]
INFO: [ view_filter ] --START--
INFO: Run Behavior\WriteHtmlCache [ RunTime:0.000518s ]
INFO: [ view_filter ] --END-- [ RunTime:0.000632s ]
INFO: [ app_end ] --START--
INFO: Run Behavior\ShowPageTrace [ RunTime:0.000849s ]
INFO: [ app_end ] --END-- [ RunTime:0.000955s ]

[ 2017-08-14T13:47:42+08:00 ] ::1 /onethink/Home/notice/index.html
SQL: SHOW COLUMNS FROM `onethink_document` [ RunTime:0.012623s ]
SQL: SELECT * FROM `onethink_document` WHERE ( `category_id` = 42 )  [ RunTime:0.000819s ]
INFO: [ view_parse ] --START--
INFO: [ template_filter ] --START--
INFO: Run Behavior\ContentReplace [ RunTime:0.000106s ]
INFO: [ template_filter ] --END-- [ RunTime:0.000239s ]
NOTIC: [8] Undefined variable: u D:\phpStudy\WWW\onethink\Runtime\Cache\Home\b6712068d68b0f23e361fceccafe8f1a.php 第 58 行.
NOTIC: [8] Undefined variable: u D:\phpStudy\WWW\onethink\Runtime\Cache\Home\b6712068d68b0f23e361fceccafe8f1a.php 第 58 行.
NOTIC: [8] Undefined variable: u D:\phpStudy\WWW\onethink\Runtime\Cache\Home\b6712068d68b0f23e361fceccafe8f1a.php 第 58 行.
NOTIC: [8] Undefined variable: u D:\phpStudy\WWW\onethink\Runtime\Cache\Home\b6712068d68b0f23e361fceccafe8f1a.php 第 58 行.
INFO: Run Behavior\ParseTemplate [ RunTime:0.019553s ]
INFO: [ view_parse ] --END-- [ RunTime:0.019664s ]
INFO: [ view_filter ] --START--
INFO: Run Behavior\WriteHtmlCache [ RunTime:0.000940s ]
INFO: [ view_filter ] --END-- [ RunTime:0.001075s ]
INFO: [ app_end ] --START--
INFO: Run Behavior\ShowPageTrace [ RunTime:0.002189s ]
INFO: [ app_end ] --END-- [ RunTime:0.002309s ]

[ 2017-08-14T13:47:45+08:00 ] ::1 /onethink/Home/notice/index.html
SQL: SHOW COLUMNS FROM `onethink_document` [ RunTime:0.012632s ]
SQL: SELECT * FROM `onethink_document` WHERE ( `category_id` = 42 )  [ RunTime:0.000987s ]
INFO: [ view_parse ] --START--
INFO: [ template_filter ] --START--
INFO: Run Behavior\ContentReplace [ RunTime:0.000101s ]
INFO: [ template_filter ] --END-- [ RunTime:0.000245s ]
NOTIC: [8] Undefined variable: u D:\phpStudy\WWW\onethink\Runtime\Cache\Home\b6712068d68b0f23e361fceccafe8f1a.php 第 58 行.
NOTIC: [8] Undefined variable: u D:\phpStudy\WWW\onethink\Runtime\Cache\Home\b6712068d68b0f23e361fceccafe8f1a.php 第 58 行.
NOTIC: [8] Undefined variable: u D:\phpStudy\WWW\onethink\Runtime\Cache\Home\b6712068d68b0f23e361fceccafe8f1a.php 第 58 行.
NOTIC: [8] Undefined variable: u D:\phpStudy\WWW\onethink\Runtime\Cache\Home\b6712068d68b0f23e361fceccafe8f1a.php 第 58 行.
INFO: Run Behavior\ParseTemplate [ RunTime:0.021370s ]
INFO: [ view_parse ] --END-- [ RunTime:0.021477s ]
INFO: [ view_filter ] --START--
INFO: Run Behavior\WriteHtmlCache [ RunTime:0.001876s ]
INFO: [ view_filter ] --END-- [ RunTime:0.001997s ]
INFO: [ app_end ] --START--
INFO: Run Behavior\ShowPageTrace [ RunTime:0.001452s ]
INFO: [ app_end ] --END-- [ RunTime:0.001593s ]

[ 2017-08-14T13:47:46+08:00 ] ::1 /onethink/Home/notice/index.html
SQL: SHOW COLUMNS FROM `onethink_document` [ RunTime:0.012130s ]
SQL: SELECT * FROM `onethink_document` WHERE ( `category_id` = 42 )  [ RunTime:0.001602s ]
INFO: [ view_parse ] --START--
INFO: [ template_filter ] --START--
INFO: Run Behavior\ContentReplace [ RunTime:0.000102s ]
INFO: [ template_filter ] --END-- [ RunTime:0.000261s ]
NOTIC: [8] Undefined variable: u D:\phpStudy\WWW\onethink\Runtime\Cache\Home\b6712068d68b0f23e361fceccafe8f1a.php 第 58 行.
NOTIC: [8] Undefined variable: u D:\phpStudy\WWW\onethink\Runtime\Cache\Home\b6712068d68b0f23e361fceccafe8f1a.php 第 58 行.
NOTIC: [8] Undefined variable: u D:\phpStudy\WWW\onethink\Runtime\Cache\Home\b6712068d68b0f23e361fceccafe8f1a.php 第 58 行.
NOTIC: [8] Undefined variable: u D:\phpStudy\WWW\onethink\Runtime\Cache\Home\b6712068d68b0f23e361fceccafe8f1a.php 第 58 行.
INFO: Run Behavior\ParseTemplate [ RunTime:0.022742s ]
INFO: [ view_parse ] --END-- [ RunTime:0.022862s ]
INFO: [ view_filter ] --START--
INFO: Run Behavior\WriteHtmlCache [ RunTime:0.000586s ]
INFO: [ view_filter ] --END-- [ RunTime:0.000705s ]
INFO: [ app_end ] --START--
INFO: Run Behavior\ShowPageTrace [ RunTime:0.001170s ]
INFO: [ app_end ] --END-- [ RunTime:0.001285s ]

[ 2017-08-14T13:47:57+08:00 ] ::1 /onethink/Home/notice/index.html
SQL: SHOW COLUMNS FROM `onethink_document` [ RunTime:0.011472s ]
SQL: SELECT * FROM `onethink_document` WHERE ( `category_id` = 42 )  [ RunTime:0.000731s ]
INFO: [ view_parse ] --START--
INFO: [ template_filter ] --START--
INFO: Run Behavior\ContentReplace [ RunTime:0.000094s ]
INFO: [ template_filter ] --END-- [ RunTime:0.000235s ]
NOTIC: [8] Undefined variable: u D:\phpStudy\WWW\onethink\Runtime\Cache\Home\b6712068d68b0f23e361fceccafe8f1a.php 第 58 行.
NOTIC: [8] Undefined variable: u D:\phpStudy\WWW\onethink\Runtime\Cache\Home\b6712068d68b0f23e361fceccafe8f1a.php 第 58 行.
NOTIC: [8] Undefined variable: u D:\phpStudy\WWW\onethink\Runtime\Cache\Home\b6712068d68b0f23e361fceccafe8f1a.php 第 58 行.
NOTIC: [8] Undefined variable: u D:\phpStudy\WWW\onethink\Runtime\Cache\Home\b6712068d68b0f23e361fceccafe8f1a.php 第 58 行.
INFO: Run Behavior\ParseTemplate [ RunTime:0.021336s ]
INFO: [ view_parse ] --END-- [ RunTime:0.021438s ]
INFO: [ view_filter ] --START--
INFO: Run Behavior\WriteHtmlCache [ RunTime:0.000668s ]
INFO: [ view_filter ] --END-- [ RunTime:0.000783s ]
INFO: [ app_end ] --START--
INFO: Run Behavior\ShowPageTrace [ RunTime:0.001871s ]
INFO: [ app_end ] --END-- [ RunTime:0.001993s ]

[ 2017-08-14T13:51:18+08:00 ] ::1 /onethink/index.php?s=/Home/online/index.html
INFO: [ view_parse ] --START--
INFO: [ template_filter ] --START--
INFO: Run Behavior\ContentReplace [ RunTime:0.000136s ]
INFO: [ template_filter ] --END-- [ RunTime:0.000251s ]
INFO: Run Behavior\ParseTemplate [ RunTime:0.062017s ]
INFO: [ view_parse ] --END-- [ RunTime:0.062733s ]
INFO: [ view_filter ] --START--
INFO: Run Behavior\WriteHtmlCache [ RunTime:0.000887s ]
INFO: [ view_filter ] --END-- [ RunTime:0.000992s ]
INFO: [ app_end ] --START--
INFO: Run Behavior\ShowPageTrace [ RunTime:0.001122s ]
INFO: [ app_end ] --END-- [ RunTime:0.001233s ]

[ 2017-08-14T13:51:30+08:00 ] ::1 /onethink/index.php?s=/Home/wechat/index.html
ERR: Invalid request.

[ 2017-08-14T13:52:36+08:00 ] ::1 /onethink/index.php?s=/Home/wechat/index.html
ERR: Invalid request.

[ 2017-08-14T13:52:37+08:00 ] ::1 /onethink/index.php?s=/Home/wechat/index.html
ERR: Invalid request.

[ 2017-08-14T13:52:38+08:00 ] ::1 /onethink/index.php?s=/Home/wechat/index.html
ERR: Invalid request.

[ 2017-08-14T13:52:43+08:00 ] ::1 /onethink/Home/wechat/index.html
ERR: Invalid request.

[ 2017-08-14T13:52:47+08:00 ] ::1 /onethink/Home/wechat/
ERR: Invalid request.

[ 2017-08-14T13:53:10+08:00 ] ::1 /onethink/Home/wechat/index.html
ERR: Invalid request.

[ 2017-08-14T13:53:11+08:00 ] ::1 /onethink/Home/wechat/index.html
ERR: Invalid request.

[ 2017-08-14T13:53:12+08:00 ] ::1 /onethink/index.php?s=/Home/wechat/index.html
ERR: Invalid request.

[ 2017-08-14T13:53:13+08:00 ] ::1 /onethink/index.php?s=/Home/wechat/index.html
ERR: Invalid request.

[ 2017-08-14T13:53:14+08:00 ] ::1 /onethink/index.php?s=/Home/wechat/index.html
ERR: Invalid request.

[ 2017-08-14T13:53:14+08:00 ] ::1 /onethink/index.php?s=/Home/wechat/index.html
ERR: Invalid request.

[ 2017-08-14T13:53:14+08:00 ] ::1 /onethink/index.php?s=/Home/wechat/index.html
ERR: Invalid request.

[ 2017-08-14T14:58:35+08:00 ] ::1 /onethink/Home/notice/index.html
SQL: SHOW COLUMNS FROM `onethink_document` [ RunTime:0.065001s ]
SQL: SELECT * FROM `onethink_document` WHERE ( `category_id` = 42 )  [ RunTime:0.001121s ]
INFO: [ view_parse ] --START--
INFO: [ template_filter ] --START--
INFO: Run Behavior\ContentReplace [ RunTime:0.000104s ]
INFO: [ template_filter ] --END-- [ RunTime:0.000257s ]
NOTIC: [8] Undefined variable: u D:\phpStudy\WWW\onethink\Runtime\Cache\Home\b6712068d68b0f23e361fceccafe8f1a.php 第 58 行.
NOTIC: [8] Undefined variable: u D:\phpStudy\WWW\onethink\Runtime\Cache\Home\b6712068d68b0f23e361fceccafe8f1a.php 第 58 行.
NOTIC: [8] Undefined variable: u D:\phpStudy\WWW\onethink\Runtime\Cache\Home\b6712068d68b0f23e361fceccafe8f1a.php 第 58 行.
NOTIC: [8] Undefined variable: u D:\phpStudy\WWW\onethink\Runtime\Cache\Home\b6712068d68b0f23e361fceccafe8f1a.php 第 58 行.
INFO: Run Behavior\ParseTemplate [ RunTime:0.051812s ]
INFO: [ view_parse ] --END-- [ RunTime:0.051929s ]
INFO: [ view_filter ] --START--
INFO: Run Behavior\WriteHtmlCache [ RunTime:0.000701s ]
INFO: [ view_filter ] --END-- [ RunTime:0.000813s ]
INFO: [ app_end ] --START--
INFO: Run Behavior\ShowPageTrace [ RunTime:0.001058s ]
INFO: [ app_end ] --END-- [ RunTime:0.001174s ]

[ 2017-08-14T14:58:40+08:00 ] ::1 /onethink/Home/online/index.html
INFO: [ view_parse ] --START--
INFO: [ template_filter ] --START--
INFO: Run Behavior\ContentReplace [ RunTime:0.000139s ]
INFO: [ template_filter ] --END-- [ RunTime:0.000254s ]
INFO: Run Behavior\ParseTemplate [ RunTime:0.061236s ]
INFO: [ view_parse ] --END-- [ RunTime:0.062148s ]
INFO: [ view_filter ] --START--
INFO: Run Behavior\WriteHtmlCache [ RunTime:0.001011s ]
INFO: [ view_filter ] --END-- [ RunTime:0.001126s ]
INFO: [ app_end ] --START--
INFO: Run Behavior\ShowPageTrace [ RunTime:0.001617s ]
INFO: [ app_end ] --END-- [ RunTime:0.001734s ]

[ 2017-08-14T14:59:39+08:00 ] ::1 /onethink/
INFO: [ view_parse ] --START--
INFO: [ template_filter ] --START--
INFO: Run Behavior\ContentReplace [ RunTime:0.000112s ]
INFO: [ template_filter ] --END-- [ RunTime:0.000231s ]
INFO: Run Behavior\ParseTemplate [ RunTime:0.123303s ]
INFO: [ view_parse ] --END-- [ RunTime:0.124149s ]
INFO: [ view_filter ] --START--
INFO: Run Behavior\WriteHtmlCache [ RunTime:0.015740s ]
INFO: [ view_filter ] --END-- [ RunTime:0.015861s ]
INFO: [ app_end ] --START--
INFO: Run Behavior\ShowPageTrace [ RunTime:0.014906s ]
INFO: [ app_end ] --END-- [ RunTime:0.015028s ]

[ 2017-08-14T14:59:47+08:00 ] ::1 /onethink/index.php/Home/notice/index.html
SQL: SHOW COLUMNS FROM `onethink_document` [ RunTime:0.011699s ]
SQL: SELECT * FROM `onethink_document` WHERE ( `category_id` = 42 )  [ RunTime:0.001590s ]
INFO: [ view_parse ] --START--
INFO: [ template_filter ] --START--
INFO: Run Behavior\ContentReplace [ RunTime:0.000098s ]
INFO: [ template_filter ] --END-- [ RunTime:0.000239s ]
NOTIC: [8] Undefined variable: u D:\phpStudy\WWW\onethink\Runtime\Cache\Home\b6712068d68b0f23e361fceccafe8f1a.php 第 58 行.
NOTIC: [8] Undefined variable: u D:\phpStudy\WWW\onethink\Runtime\Cache\Home\b6712068d68b0f23e361fceccafe8f1a.php 第 58 行.
NOTIC: [8] Undefined variable: u D:\phpStudy\WWW\onethink\Runtime\Cache\Home\b6712068d68b0f23e361fceccafe8f1a.php 第 58 行.
NOTIC: [8] Undefined variable: u D:\phpStudy\WWW\onethink\Runtime\Cache\Home\b6712068d68b0f23e361fceccafe8f1a.php 第 58 行.
INFO: Run Behavior\ParseTemplate [ RunTime:0.019927s ]
INFO: [ view_parse ] --END-- [ RunTime:0.020083s ]
INFO: [ view_filter ] --START--
INFO: Run Behavior\WriteHtmlCache [ RunTime:0.000544s ]
INFO: [ view_filter ] --END-- [ RunTime:0.000643s ]
INFO: [ app_end ] --START--
INFO: Run Behavior\ShowPageTrace [ RunTime:0.000874s ]
INFO: [ app_end ] --END-- [ RunTime:0.000987s ]

[ 2017-08-14T14:59:49+08:00 ] ::1 /onethink/index.php/Home/notice/index.html
SQL: SHOW COLUMNS FROM `onethink_document` [ RunTime:0.012433s ]
SQL: SELECT * FROM `onethink_document` WHERE ( `category_id` = 42 )  [ RunTime:0.000753s ]
INFO: [ view_parse ] --START--
INFO: [ template_filter ] --START--
INFO: Run Behavior\ContentReplace [ RunTime:0.000106s ]
INFO: [ template_filter ] --END-- [ RunTime:0.000272s ]
NOTIC: [8] Undefined variable: u D:\phpStudy\WWW\onethink\Runtime\Cache\Home\b6712068d68b0f23e361fceccafe8f1a.php 第 58 行.
NOTIC: [8] Undefined variable: u D:\phpStudy\WWW\onethink\Runtime\Cache\Home\b6712068d68b0f23e361fceccafe8f1a.php 第 58 行.
NOTIC: [8] Undefined variable: u D:\phpStudy\WWW\onethink\Runtime\Cache\Home\b6712068d68b0f23e361fceccafe8f1a.php 第 58 行.
NOTIC: [8] Undefined variable: u D:\phpStudy\WWW\onethink\Runtime\Cache\Home\b6712068d68b0f23e361fceccafe8f1a.php 第 58 行.
INFO: Run Behavior\ParseTemplate [ RunTime:0.024704s ]
INFO: [ view_parse ] --END-- [ RunTime:0.024825s ]
INFO: [ view_filter ] --START--
INFO: Run Behavior\WriteHtmlCache [ RunTime:0.001138s ]
INFO: [ view_filter ] --END-- [ RunTime:0.001259s ]
INFO: [ app_end ] --START--
INFO: Run Behavior\ShowPageTrace [ RunTime:0.001566s ]
INFO: [ app_end ] --END-- [ RunTime:0.001694s ]

[ 2017-08-14T15:00:06+08:00 ] ::1 /onethink/index.php?s=/Home/notice/index.html
SQL: SHOW COLUMNS FROM `onethink_document` [ RunTime:0.011590s ]
SQL: SELECT * FROM `onethink_document` WHERE ( `category_id` = 42 )  [ RunTime:0.000881s ]
INFO: [ view_parse ] --START--
INFO: [ template_filter ] --START--
INFO: Run Behavior\ContentReplace [ RunTime:0.000108s ]
INFO: [ template_filter ] --END-- [ RunTime:0.000231s ]
NOTIC: [8] Undefined variable: u D:\phpStudy\WWW\onethink\Runtime\Cache\Home\b6712068d68b0f23e361fceccafe8f1a.php 第 58 行.
NOTIC: [8] Undefined variable: u D:\phpStudy\WWW\onethink\Runtime\Cache\Home\b6712068d68b0f23e361fceccafe8f1a.php 第 58 行.
NOTIC: [8] Undefined variable: u D:\phpStudy\WWW\onethink\Runtime\Cache\Home\b6712068d68b0f23e361fceccafe8f1a.php 第 58 行.
NOTIC: [8] Undefined variable: u D:\phpStudy\WWW\onethink\Runtime\Cache\Home\b6712068d68b0f23e361fceccafe8f1a.php 第 58 行.
INFO: Run Behavior\ParseTemplate [ RunTime:0.020944s ]
INFO: [ view_parse ] --END-- [ RunTime:0.021054s ]
INFO: [ view_filter ] --START--
INFO: Run Behavior\WriteHtmlCache [ RunTime:0.000634s ]
INFO: [ view_filter ] --END-- [ RunTime:0.000752s ]
INFO: [ app_end ] --START--
INFO: Run Behavior\ShowPageTrace [ RunTime:0.001079s ]
INFO: [ app_end ] --END-- [ RunTime:0.001202s ]

[ 2017-08-14T15:00:37+08:00 ] ::1 /onethink/index.php?s=/Home/notice/index.html
SQL: SHOW COLUMNS FROM `onethink_document` [ RunTime:0.012075s ]
SQL: SELECT * FROM `onethink_document` WHERE ( `category_id` = 42 )  [ RunTime:0.000701s ]
INFO: [ view_parse ] --START--
INFO: [ template_filter ] --START--
INFO: Run Behavior\ContentReplace [ RunTime:0.000130s ]
INFO: [ template_filter ] --END-- [ RunTime:0.000240s ]
NOTIC: [8] Undefined variable: u D:\phpStudy\WWW\onethink\Runtime\Cache\Home\b6712068d68b0f23e361fceccafe8f1a.php 第 58 行.
NOTIC: [8] Undefined variable: u D:\phpStudy\WWW\onethink\Runtime\Cache\Home\b6712068d68b0f23e361fceccafe8f1a.php 第 58 行.
NOTIC: [8] Undefined variable: u D:\phpStudy\WWW\onethink\Runtime\Cache\Home\b6712068d68b0f23e361fceccafe8f1a.php 第 58 行.
NOTIC: [8] Undefined variable: u D:\phpStudy\WWW\onethink\Runtime\Cache\Home\b6712068d68b0f23e361fceccafe8f1a.php 第 58 行.
INFO: Run Behavior\ParseTemplate [ RunTime:0.020862s ]
INFO: [ view_parse ] --END-- [ RunTime:0.020963s ]
INFO: [ view_filter ] --START--
INFO: Run Behavior\WriteHtmlCache [ RunTime:0.000520s ]
INFO: [ view_filter ] --END-- [ RunTime:0.000618s ]
INFO: [ app_end ] --START--
INFO: Run Behavior\ShowPageTrace [ RunTime:0.000863s ]
INFO: [ app_end ] --END-- [ RunTime:0.001008s ]

[ 2017-08-14T15:00:38+08:00 ] ::1 /onethink/index.php?s=/Home/notice/index.html
SQL: SHOW COLUMNS FROM `onethink_document` [ RunTime:0.011829s ]
SQL: SELECT * FROM `onethink_document` WHERE ( `category_id` = 42 )  [ RunTime:0.000868s ]
INFO: [ view_parse ] --START--
INFO: [ template_filter ] --START--
INFO: Run Behavior\ContentReplace [ RunTime:0.000104s ]
INFO: [ template_filter ] --END-- [ RunTime:0.000225s ]
NOTIC: [8] Undefined variable: u D:\phpStudy\WWW\onethink\Runtime\Cache\Home\b6712068d68b0f23e361fceccafe8f1a.php 第 58 行.
NOTIC: [8] Undefined variable: u D:\phpStudy\WWW\onethink\Runtime\Cache\Home\b6712068d68b0f23e361fceccafe8f1a.php 第 58 行.
NOTIC: [8] Undefined variable: u D:\phpStudy\WWW\onethink\Runtime\Cache\Home\b6712068d68b0f23e361fceccafe8f1a.php 第 58 行.
NOTIC: [8] Undefined variable: u D:\phpStudy\WWW\onethink\Runtime\Cache\Home\b6712068d68b0f23e361fceccafe8f1a.php 第 58 行.
INFO: Run Behavior\ParseTemplate [ RunTime:0.021057s ]
INFO: [ view_parse ] --END-- [ RunTime:0.021192s ]
INFO: [ view_filter ] --START--
INFO: Run Behavior\WriteHtmlCache [ RunTime:0.000705s ]
INFO: [ view_filter ] --END-- [ RunTime:0.000949s ]
INFO: [ app_end ] --START--
INFO: Run Behavior\ShowPageTrace [ RunTime:0.001154s ]
INFO: [ app_end ] --END-- [ RunTime:0.001279s ]

[ 2017-08-14T15:00:49+08:00 ] ::1 /onethink/
INFO: [ view_parse ] --START--
INFO: [ template_filter ] --START--
INFO: Run Behavior\ContentReplace [ RunTime:0.000115s ]
INFO: [ template_filter ] --END-- [ RunTime:0.000234s ]
INFO: Run Behavior\ParseTemplate [ RunTime:0.022842s ]
INFO: [ view_parse ] --END-- [ RunTime:0.023643s ]
INFO: [ view_filter ] --START--
INFO: Run Behavior\WriteHtmlCache [ RunTime:0.000836s ]
INFO: [ view_filter ] --END-- [ RunTime:0.000967s ]
INFO: [ app_end ] --START--
INFO: Run Behavior\ShowPageTrace [ RunTime:0.001334s ]
INFO: [ app_end ] --END-- [ RunTime:0.001506s ]

[ 2017-08-14T15:00:50+08:00 ] ::1 /onethink/
INFO: [ view_parse ] --START--
INFO: [ template_filter ] --START--
INFO: Run Behavior\ContentReplace [ RunTime:0.000116s ]
INFO: [ template_filter ] --END-- [ RunTime:0.000240s ]
INFO: Run Behavior\ParseTemplate [ RunTime:0.023511s ]
INFO: [ view_parse ] --END-- [ RunTime:0.024511s ]
INFO: [ view_filter ] --START--
INFO: Run Behavior\WriteHtmlCache [ RunTime:0.000638s ]
INFO: [ view_filter ] --END-- [ RunTime:0.000751s ]
INFO: [ app_end ] --START--
INFO: Run Behavior\ShowPageTrace [ RunTime:0.001263s ]
INFO: [ app_end ] --END-- [ RunTime:0.001388s ]

[ 2017-08-14T15:00:53+08:00 ] ::1 /onethink/Home/notice/index.html
SQL: SHOW COLUMNS FROM `onethink_document` [ RunTime:0.011631s ]
SQL: SELECT * FROM `onethink_document` WHERE ( `category_id` = 42 )  [ RunTime:0.000704s ]
INFO: [ view_parse ] --START--
INFO: [ template_filter ] --START--
INFO: Run Behavior\ContentReplace [ RunTime:0.000095s ]
INFO: [ template_filter ] --END-- [ RunTime:0.000294s ]
NOTIC: [8] Undefined variable: u D:\phpStudy\WWW\onethink\Runtime\Cache\Home\b6712068d68b0f23e361fceccafe8f1a.php 第 58 行.
NOTIC: [8] Undefined variable: u D:\phpStudy\WWW\onethink\Runtime\Cache\Home\b6712068d68b0f23e361fceccafe8f1a.php 第 58 行.
NOTIC: [8] Undefined variable: u D:\phpStudy\WWW\onethink\Runtime\Cache\Home\b6712068d68b0f23e361fceccafe8f1a.php 第 58 行.
NOTIC: [8] Undefined variable: u D:\phpStudy\WWW\onethink\Runtime\Cache\Home\b6712068d68b0f23e361fceccafe8f1a.php 第 58 行.
INFO: Run Behavior\ParseTemplate [ RunTime:0.021400s ]
INFO: [ view_parse ] --END-- [ RunTime:0.021501s ]
INFO: [ view_filter ] --START--
INFO: Run Behavior\WriteHtmlCache [ RunTime:0.000696s ]
INFO: [ view_filter ] --END-- [ RunTime:0.000801s ]
INFO: [ app_end ] --START--
INFO: Run Behavior\ShowPageTrace [ RunTime:0.001017s ]
INFO: [ app_end ] --END-- [ RunTime:0.001127s ]

[ 2017-08-14T15:00:53+08:00 ] ::1 /onethink/Home/Index/index.html
INFO: [ view_parse ] --START--
INFO: [ template_filter ] --START--
INFO: Run Behavior\ContentReplace [ RunTime:0.000114s ]
INFO: [ template_filter ] --END-- [ RunTime:0.000223s ]
INFO: Run Behavior\ParseTemplate [ RunTime:0.016929s ]
INFO: [ view_parse ] --END-- [ RunTime:0.017739s ]
INFO: [ view_filter ] --START--
INFO: Run Behavior\WriteHtmlCache [ RunTime:0.000500s ]
INFO: [ view_filter ] --END-- [ RunTime:0.000593s ]
INFO: [ app_end ] --START--
INFO: Run Behavior\ShowPageTrace [ RunTime:0.001247s ]
INFO: [ app_end ] --END-- [ RunTime:0.001384s ]

[ 2017-08-14T15:00:54+08:00 ] ::1 /onethink/Home/Index/index.html
INFO: [ view_parse ] --START--
INFO: [ template_filter ] --START--
INFO: Run Behavior\ContentReplace [ RunTime:0.000128s ]
INFO: [ template_filter ] --END-- [ RunTime:0.000242s ]
INFO: Run Behavior\ParseTemplate [ RunTime:0.018036s ]
INFO: [ view_parse ] --END-- [ RunTime:0.019083s ]
INFO: [ view_filter ] --START--
INFO: Run Behavior\WriteHtmlCache [ RunTime:0.000499s ]
INFO: [ view_filter ] --END-- [ RunTime:0.000592s ]
INFO: [ app_end ] --START--
INFO: Run Behavior\ShowPageTrace [ RunTime:0.000889s ]
INFO: [ app_end ] --END-- [ RunTime:0.000993s ]

[ 2017-08-14T15:00:54+08:00 ] ::1 /onethink/Home/Index/index.html
INFO: [ view_parse ] --START--
INFO: [ template_filter ] --START--
INFO: Run Behavior\ContentReplace [ RunTime:0.000106s ]
INFO: [ template_filter ] --END-- [ RunTime:0.000212s ]
INFO: Run Behavior\ParseTemplate [ RunTime:0.016833s ]
INFO: [ view_parse ] --END-- [ RunTime:0.017679s ]
INFO: [ view_filter ] --START--
INFO: Run Behavior\WriteHtmlCache [ RunTime:0.000504s ]
INFO: [ view_filter ] --END-- [ RunTime:0.000601s ]
INFO: [ app_end ] --START--
INFO: Run Behavior\ShowPageTrace [ RunTime:0.000873s ]
INFO: [ app_end ] --END-- [ RunTime:0.000979s ]

[ 2017-08-14T15:00:55+08:00 ] ::1 /onethink/Home/Index/index.html
INFO: [ view_parse ] --START--
INFO: [ template_filter ] --START--
INFO: Run Behavior\ContentReplace [ RunTime:0.000119s ]
INFO: [ template_filter ] --END-- [ RunTime:0.000228s ]
INFO: Run Behavior\ParseTemplate [ RunTime:0.020757s ]
INFO: [ view_parse ] --END-- [ RunTime:0.022249s ]
INFO: [ view_filter ] --START--
INFO: Run Behavior\WriteHtmlCache [ RunTime:0.000500s ]
INFO: [ view_filter ] --END-- [ RunTime:0.000592s ]
INFO: [ app_end ] --START--
INFO: Run Behavior\ShowPageTrace [ RunTime:0.000867s ]
INFO: [ app_end ] --END-- [ RunTime:0.000971s ]

[ 2017-08-14T15:01:23+08:00 ] ::1 /onethink/Home/notice/index.html
SQL: SHOW COLUMNS FROM `onethink_document` [ RunTime:0.012071s ]
SQL: SELECT * FROM `onethink_document` WHERE ( `category_id` = 42 )  [ RunTime:0.000869s ]
INFO: [ view_parse ] --START--
INFO: [ template_filter ] --START--
INFO: Run Behavior\ContentReplace [ RunTime:0.000100s ]
INFO: [ template_filter ] --END-- [ RunTime:0.000243s ]
NOTIC: [8] Undefined variable: u D:\phpStudy\WWW\onethink\Runtime\Cache\Home\b6712068d68b0f23e361fceccafe8f1a.php 第 58 行.
NOTIC: [8] Undefined variable: u D:\phpStudy\WWW\onethink\Runtime\Cache\Home\b6712068d68b0f23e361fceccafe8f1a.php 第 58 行.
NOTIC: [8] Undefined variable: u D:\phpStudy\WWW\onethink\Runtime\Cache\Home\b6712068d68b0f23e361fceccafe8f1a.php 第 58 行.
NOTIC: [8] Undefined variable: u D:\phpStudy\WWW\onethink\Runtime\Cache\Home\b6712068d68b0f23e361fceccafe8f1a.php 第 58 行.
INFO: Run Behavior\ParseTemplate [ RunTime:0.020268s ]
INFO: [ view_parse ] --END-- [ RunTime:0.020374s ]
INFO: [ view_filter ] --START--
INFO: Run Behavior\WriteHtmlCache [ RunTime:0.000515s ]
INFO: [ view_filter ] --END-- [ RunTime:0.000611s ]
INFO: [ app_end ] --START--
INFO: Run Behavior\ShowPageTrace [ RunTime:0.000860s ]
INFO: [ app_end ] --END-- [ RunTime:0.000968s ]

[ 2017-08-14T15:01:23+08:00 ] ::1 /onethink/Home/Index/index.html
INFO: [ view_parse ] --START--
INFO: [ template_filter ] --START--
INFO: Run Behavior\ContentReplace [ RunTime:0.000111s ]
INFO: [ template_filter ] --END-- [ RunTime:0.000236s ]
INFO: Run Behavior\ParseTemplate [ RunTime:0.019045s ]
INFO: [ view_parse ] --END-- [ RunTime:0.019881s ]
INFO: [ view_filter ] --START--
INFO: Run Behavior\WriteHtmlCache [ RunTime:0.000670s ]
INFO: [ view_filter ] --END-- [ RunTime:0.000783s ]
INFO: [ app_end ] --START--
INFO: Run Behavior\ShowPageTrace [ RunTime:0.001224s ]
INFO: [ app_end ] --END-- [ RunTime:0.001344s ]

[ 2017-08-14T15:01:23+08:00 ] ::1 /onethink/Home/Index/index.html
INFO: [ view_parse ] --START--
INFO: [ template_filter ] --START--
INFO: Run Behavior\ContentReplace [ RunTime:0.000111s ]
INFO: [ template_filter ] --END-- [ RunTime:0.000218s ]
INFO: Run Behavior\ParseTemplate [ RunTime:0.019947s ]
INFO: [ view_parse ] --END-- [ RunTime:0.020727s ]
INFO: [ view_filter ] --START--
INFO: Run Behavior\WriteHtmlCache [ RunTime:0.000816s ]
INFO: [ view_filter ] --END-- [ RunTime:0.000923s ]
INFO: [ app_end ] --START--
INFO: Run Behavior\ShowPageTrace [ RunTime:0.001731s ]
INFO: [ app_end ] --END-- [ RunTime:0.001852s ]

[ 2017-08-14T15:01:23+08:00 ] ::1 /onethink/Home/Index/index.html
INFO: [ view_parse ] --START--
INFO: [ template_filter ] --START--
INFO: Run Behavior\ContentReplace [ RunTime:0.000132s ]
INFO: [ template_filter ] --END-- [ RunTime:0.000299s ]
INFO: Run Behavior\ParseTemplate [ RunTime:0.021626s ]
INFO: [ view_parse ] --END-- [ RunTime:0.023834s ]
INFO: [ view_filter ] --START--
INFO: Run Behavior\WriteHtmlCache [ RunTime:0.000838s ]
INFO: [ view_filter ] --END-- [ RunTime:0.000950s ]
INFO: [ app_end ] --START--
INFO: Run Behavior\ShowPageTrace [ RunTime:0.001057s ]
INFO: [ app_end ] --END-- [ RunTime:0.001208s ]

[ 2017-08-14T15:01:24+08:00 ] ::1 /onethink/Home/Index/index.html
INFO: [ view_parse ] --START--
INFO: [ template_filter ] --START--
INFO: Run Behavior\ContentReplace [ RunTime:0.000115s ]
INFO: [ template_filter ] --END-- [ RunTime:0.000236s ]
INFO: Run Behavior\ParseTemplate [ RunTime:0.017224s ]
INFO: [ view_parse ] --END-- [ RunTime:0.017998s ]
INFO: [ view_filter ] --START--
INFO: Run Behavior\WriteHtmlCache [ RunTime:0.000565s ]
INFO: [ view_filter ] --END-- [ RunTime:0.000672s ]
INFO: [ app_end ] --START--
INFO: Run Behavior\ShowPageTrace [ RunTime:0.000943s ]
INFO: [ app_end ] --END-- [ RunTime:0.001055s ]

[ 2017-08-14T15:02:34+08:00 ] ::1 /onethink/Home/notice/index.html
SQL: SHOW COLUMNS FROM `onethink_document` [ RunTime:0.011793s ]
SQL: SELECT * FROM `onethink_document` WHERE ( `category_id` = 42 )  [ RunTime:0.000811s ]
INFO: [ view_parse ] --START--
INFO: [ template_filter ] --START--
INFO: Run Behavior\ContentReplace [ RunTime:0.000103s ]
INFO: [ template_filter ] --END-- [ RunTime:0.000265s ]
NOTIC: [8] Undefined variable: u D:\phpStudy\WWW\onethink\Runtime\Cache\Home\b6712068d68b0f23e361fceccafe8f1a.php 第 58 行.
NOTIC: [8] Undefined variable: u D:\phpStudy\WWW\onethink\Runtime\Cache\Home\b6712068d68b0f23e361fceccafe8f1a.php 第 58 行.
NOTIC: [8] Undefined variable: u D:\phpStudy\WWW\onethink\Runtime\Cache\Home\b6712068d68b0f23e361fceccafe8f1a.php 第 58 行.
NOTIC: [8] Undefined variable: u D:\phpStudy\WWW\onethink\Runtime\Cache\Home\b6712068d68b0f23e361fceccafe8f1a.php 第 58 行.
INFO: Run Behavior\ParseTemplate [ RunTime:0.019194s ]
INFO: [ view_parse ] --END-- [ RunTime:0.019885s ]
INFO: [ view_filter ] --START--
INFO: Run Behavior\WriteHtmlCache [ RunTime:0.000682s ]
INFO: [ view_filter ] --END-- [ RunTime:0.000797s ]
INFO: [ app_end ] --START--
INFO: Run Behavior\ShowPageTrace [ RunTime:0.000917s ]
INFO: [ app_end ] --END-- [ RunTime:0.001026s ]

[ 2017-08-14T15:02:34+08:00 ] ::1 /onethink/Home/Index/index.html
INFO: [ view_parse ] --START--
INFO: [ template_filter ] --START--
INFO: Run Behavior\ContentReplace [ RunTime:0.000113s ]
INFO: [ template_filter ] --END-- [ RunTime:0.000224s ]
INFO: Run Behavior\ParseTemplate [ RunTime:0.019406s ]
INFO: [ view_parse ] --END-- [ RunTime:0.020392s ]
INFO: [ view_filter ] --START--
INFO: Run Behavior\WriteHtmlCache [ RunTime:0.000883s ]
INFO: [ view_filter ] --END-- [ RunTime:0.000997s ]
INFO: [ app_end ] --START--
INFO: Run Behavior\ShowPageTrace [ RunTime:0.001733s ]
INFO: [ app_end ] --END-- [ RunTime:0.001881s ]

[ 2017-08-14T15:02:34+08:00 ] ::1 /onethink/Home/Index/index.html
INFO: [ view_parse ] --START--
INFO: [ template_filter ] --START--
INFO: Run Behavior\ContentReplace [ RunTime:0.000225s ]
INFO: [ template_filter ] --END-- [ RunTime:0.000487s ]
INFO: Run Behavior\ParseTemplate [ RunTime:0.016914s ]
INFO: [ view_parse ] --END-- [ RunTime:0.017939s ]
INFO: [ view_filter ] --START--
INFO: Run Behavior\WriteHtmlCache [ RunTime:0.000490s ]
INFO: [ view_filter ] --END-- [ RunTime:0.000589s ]
INFO: [ app_end ] --START--
INFO: Run Behavior\ShowPageTrace [ RunTime:0.000831s ]
INFO: [ app_end ] --END-- [ RunTime:0.000934s ]

[ 2017-08-14T15:02:34+08:00 ] ::1 /onethink/Home/Index/index.html
INFO: [ view_parse ] --START--
INFO: [ template_filter ] --START--
INFO: Run Behavior\ContentReplace [ RunTime:0.000171s ]
INFO: [ template_filter ] --END-- [ RunTime:0.000314s ]
INFO: Run Behavior\ParseTemplate [ RunTime:0.017786s ]
INFO: [ view_parse ] --END-- [ RunTime:0.018761s ]
INFO: [ view_filter ] --START--
INFO: Run Behavior\WriteHtmlCache [ RunTime:0.000827s ]
INFO: [ view_filter ] --END-- [ RunTime:0.000939s ]
INFO: [ app_end ] --START--
INFO: Run Behavior\ShowPageTrace [ RunTime:0.001193s ]
INFO: [ app_end ] --END-- [ RunTime:0.001532s ]

[ 2017-08-14T15:02:35+08:00 ] ::1 /onethink/Home/notice/index.html
SQL: SHOW COLUMNS FROM `onethink_document` [ RunTime:0.012859s ]
SQL: SELECT * FROM `onethink_document` WHERE ( `category_id` = 42 )  [ RunTime:0.001330s ]
INFO: [ view_parse ] --START--
INFO: [ template_filter ] --START--
INFO: Run Behavior\ContentReplace [ RunTime:0.000108s ]
INFO: [ template_filter ] --END-- [ RunTime:0.000435s ]
NOTIC: [8] Undefined variable: u D:\phpStudy\WWW\onethink\Runtime\Cache\Home\b6712068d68b0f23e361fceccafe8f1a.php 第 58 行.
NOTIC: [8] Undefined variable: u D:\phpStudy\WWW\onethink\Runtime\Cache\Home\b6712068d68b0f23e361fceccafe8f1a.php 第 58 行.
NOTIC: [8] Undefined variable: u D:\phpStudy\WWW\onethink\Runtime\Cache\Home\b6712068d68b0f23e361fceccafe8f1a.php 第 58 行.
NOTIC: [8] Undefined variable: u D:\phpStudy\WWW\onethink\Runtime\Cache\Home\b6712068d68b0f23e361fceccafe8f1a.php 第 58 行.
INFO: Run Behavior\ParseTemplate [ RunTime:0.024193s ]
INFO: [ view_parse ] --END-- [ RunTime:0.024307s ]
INFO: [ view_filter ] --START--
INFO: Run Behavior\WriteHtmlCache [ RunTime:0.000673s ]
INFO: [ view_filter ] --END-- [ RunTime:0.000812s ]
INFO: [ app_end ] --START--
INFO: Run Behavior\ShowPageTrace [ RunTime:0.001079s ]
INFO: [ app_end ] --END-- [ RunTime:0.001203s ]

[ 2017-08-14T15:02:35+08:00 ] ::1 /onethink/Home/Index/index.html
INFO: [ view_parse ] --START--
INFO: [ template_filter ] --START--
INFO: Run Behavior\ContentReplace [ RunTime:0.000115s ]
INFO: [ template_filter ] --END-- [ RunTime:0.000232s ]
INFO: Run Behavior\ParseTemplate [ RunTime:0.024957s ]
INFO: [ view_parse ] --END-- [ RunTime:0.026075s ]
INFO: [ view_filter ] --START--
INFO: Run Behavior\WriteHtmlCache [ RunTime:0.000587s ]
INFO: [ view_filter ] --END-- [ RunTime:0.000690s ]
INFO: [ app_end ] --START--
INFO: Run Behavior\ShowPageTrace [ RunTime:0.001096s ]
INFO: [ app_end ] --END-- [ RunTime:0.001212s ]

[ 2017-08-14T15:02:35+08:00 ] ::1 /onethink/Home/Index/index.html
INFO: [ view_parse ] --START--
INFO: [ template_filter ] --START--
INFO: Run Behavior\ContentReplace [ RunTime:0.000118s ]
INFO: [ template_filter ] --END-- [ RunTime:0.000233s ]
INFO: Run Behavior\ParseTemplate [ RunTime:0.024217s ]
INFO: [ view_parse ] --END-- [ RunTime:0.025301s ]
INFO: [ view_filter ] --START--
INFO: Run Behavior\WriteHtmlCache [ RunTime:0.000476s ]
INFO: [ view_filter ] --END-- [ RunTime:0.000577s ]
INFO: [ app_end ] --START--
INFO: Run Behavior\ShowPageTrace [ RunTime:0.000929s ]
INFO: [ app_end ] --END-- [ RunTime:0.001048s ]

[ 2017-08-14T15:02:35+08:00 ] ::1 /onethink/Home/Index/index.html
INFO: [ view_parse ] --START--
INFO: [ template_filter ] --START--
INFO: Run Behavior\ContentReplace [ RunTime:0.000109s ]
INFO: [ template_filter ] --END-- [ RunTime:0.000242s ]
INFO: Run Behavior\ParseTemplate [ RunTime:0.020036s ]
INFO: [ view_parse ] --END-- [ RunTime:0.020815s ]
INFO: [ view_filter ] --START--
INFO: Run Behavior\WriteHtmlCache [ RunTime:0.000676s ]
INFO: [ view_filter ] --END-- [ RunTime:0.000790s ]
INFO: [ app_end ] --START--
INFO: Run Behavior\ShowPageTrace [ RunTime:0.001202s ]
INFO: [ app_end ] --END-- [ RunTime:0.001324s ]

[ 2017-08-14T15:02:36+08:00 ] ::1 /onethink/Home/Index/index.html
INFO: [ view_parse ] --START--
INFO: [ template_filter ] --START--
INFO: Run Behavior\ContentReplace [ RunTime:0.000106s ]
INFO: [ template_filter ] --END-- [ RunTime:0.000214s ]
INFO: Run Behavior\ParseTemplate [ RunTime:0.018244s ]
INFO: [ view_parse ] --END-- [ RunTime:0.019033s ]
INFO: [ view_filter ] --START--
INFO: Run Behavior\WriteHtmlCache [ RunTime:0.000576s ]
INFO: [ view_filter ] --END-- [ RunTime:0.000675s ]
INFO: [ app_end ] --START--
INFO: Run Behavior\ShowPageTrace [ RunTime:0.001001s ]
INFO: [ app_end ] --END-- [ RunTime:0.001111s ]

[ 2017-08-14T15:02:46+08:00 ] ::1 /onethink/Home/notice/index.html
SQL: SHOW COLUMNS FROM `onethink_document` [ RunTime:0.013530s ]
SQL: SELECT * FROM `onethink_document` WHERE ( `category_id` = 42 )  [ RunTime:0.000744s ]
INFO: [ view_parse ] --START--
INFO: [ template_filter ] --START--
INFO: Run Behavior\ContentReplace [ RunTime:0.000093s ]
INFO: [ template_filter ] --END-- [ RunTime:0.000294s ]
NOTIC: [8] Undefined variable: u D:\phpStudy\WWW\onethink\Runtime\Cache\Home\b6712068d68b0f23e361fceccafe8f1a.php 第 58 行.
NOTIC: [8] Undefined variable: u D:\phpStudy\WWW\onethink\Runtime\Cache\Home\b6712068d68b0f23e361fceccafe8f1a.php 第 58 行.
NOTIC: [8] Undefined variable: u D:\phpStudy\WWW\onethink\Runtime\Cache\Home\b6712068d68b0f23e361fceccafe8f1a.php 第 58 行.
NOTIC: [8] Undefined variable: u D:\phpStudy\WWW\onethink\Runtime\Cache\Home\b6712068d68b0f23e361fceccafe8f1a.php 第 58 行.
INFO: Run Behavior\ParseTemplate [ RunTime:0.019845s ]
INFO: [ view_parse ] --END-- [ RunTime:0.019946s ]
INFO: [ view_filter ] --START--
INFO: Run Behavior\WriteHtmlCache [ RunTime:0.000551s ]
INFO: [ view_filter ] --END-- [ RunTime:0.000652s ]
INFO: [ app_end ] --START--
INFO: Run Behavior\ShowPageTrace [ RunTime:0.002444s ]
INFO: [ app_end ] --END-- [ RunTime:0.002599s ]

[ 2017-08-14T15:02:46+08:00 ] ::1 /onethink/Home/Index/index.html
INFO: [ view_parse ] --START--
INFO: [ template_filter ] --START--
INFO: Run Behavior\ContentReplace [ RunTime:0.000122s ]
INFO: [ template_filter ] --END-- [ RunTime:0.000246s ]
INFO: Run Behavior\ParseTemplate [ RunTime:0.017321s ]
INFO: [ view_parse ] --END-- [ RunTime:0.018789s ]
INFO: [ view_filter ] --START--
INFO: Run Behavior\WriteHtmlCache [ RunTime:0.000726s ]
INFO: [ view_filter ] --END-- [ RunTime:0.000837s ]
INFO: [ app_end ] --START--
INFO: Run Behavior\ShowPageTrace [ RunTime:0.000992s ]
INFO: [ app_end ] --END-- [ RunTime:0.001105s ]

[ 2017-08-14T15:02:46+08:00 ] ::1 /onethink/Home/Index/index.html
INFO: [ view_parse ] --START--
INFO: [ template_filter ] --START--
INFO: Run Behavior\ContentReplace [ RunTime:0.000115s ]
INFO: [ template_filter ] --END-- [ RunTime:0.000232s ]
INFO: Run Behavior\ParseTemplate [ RunTime:0.020735s ]
INFO: [ view_parse ] --END-- [ RunTime:0.021794s ]
INFO: [ view_filter ] --START--
INFO: Run Behavior\WriteHtmlCache [ RunTime:0.002009s ]
INFO: [ view_filter ] --END-- [ RunTime:0.002228s ]
INFO: [ app_end ] --START--
INFO: Run Behavior\ShowPageTrace [ RunTime:0.002130s ]
INFO: [ app_end ] --END-- [ RunTime:0.002255s ]

[ 2017-08-14T15:02:47+08:00 ] ::1 /onethink/Home/Index/index.html
INFO: [ view_parse ] --START--
INFO: [ template_filter ] --START--
INFO: Run Behavior\ContentReplace [ RunTime:0.000115s ]
INFO: [ template_filter ] --END-- [ RunTime:0.000235s ]
INFO: Run Behavior\ParseTemplate [ RunTime:0.017577s ]
INFO: [ view_parse ] --END-- [ RunTime:0.018594s ]
INFO: [ view_filter ] --START--
INFO: Run Behavior\WriteHtmlCache [ RunTime:0.000663s ]
INFO: [ view_filter ] --END-- [ RunTime:0.000770s ]
INFO: [ app_end ] --START--
INFO: Run Behavior\ShowPageTrace [ RunTime:0.000859s ]
INFO: [ app_end ] --END-- [ RunTime:0.001013s ]

[ 2017-08-14T15:02:47+08:00 ] ::1 /onethink/Home/Index/index.html
INFO: [ view_parse ] --START--
INFO: [ template_filter ] --START--
INFO: Run Behavior\ContentReplace [ RunTime:0.000107s ]
INFO: [ template_filter ] --END-- [ RunTime:0.000213s ]
INFO: Run Behavior\ParseTemplate [ RunTime:0.015632s ]
INFO: [ view_parse ] --END-- [ RunTime:0.016423s ]
INFO: [ view_filter ] --START--
INFO: Run Behavior\WriteHtmlCache [ RunTime:0.000565s ]
INFO: [ view_filter ] --END-- [ RunTime:0.000686s ]
INFO: [ app_end ] --START--
INFO: Run Behavior\ShowPageTrace [ RunTime:0.000919s ]
INFO: [ app_end ] --END-- [ RunTime:0.001026s ]

[ 2017-08-14T15:02:56+08:00 ] ::1 /onethink/index.php?s=/Home/notice/index.html
SQL: SHOW COLUMNS FROM `onethink_document` [ RunTime:0.012162s ]
SQL: SELECT * FROM `onethink_document` WHERE ( `category_id` = 42 )  [ RunTime:0.000832s ]
INFO: [ view_parse ] --START--
INFO: [ template_filter ] --START--
INFO: Run Behavior\ContentReplace [ RunTime:0.000095s ]
INFO: [ template_filter ] --END-- [ RunTime:0.000202s ]
NOTIC: [8] Undefined variable: u D:\phpStudy\WWW\onethink\Runtime\Cache\Home\b6712068d68b0f23e361fceccafe8f1a.php 第 58 行.
NOTIC: [8] Undefined variable: u D:\phpStudy\WWW\onethink\Runtime\Cache\Home\b6712068d68b0f23e361fceccafe8f1a.php 第 58 行.
NOTIC: [8] Undefined variable: u D:\phpStudy\WWW\onethink\Runtime\Cache\Home\b6712068d68b0f23e361fceccafe8f1a.php 第 58 行.
NOTIC: [8] Undefined variable: u D:\phpStudy\WWW\onethink\Runtime\Cache\Home\b6712068d68b0f23e361fceccafe8f1a.php 第 58 行.
INFO: Run Behavior\ParseTemplate [ RunTime:0.020957s ]
INFO: [ view_parse ] --END-- [ RunTime:0.021076s ]
INFO: [ view_filter ] --START--
INFO: Run Behavior\WriteHtmlCache [ RunTime:0.000750s ]
INFO: [ view_filter ] --END-- [ RunTime:0.000864s ]
INFO: [ app_end ] --START--
INFO: Run Behavior\ShowPageTrace [ RunTime:0.001037s ]
INFO: [ app_end ] --END-- [ RunTime:0.001152s ]

[ 2017-08-14T15:03:24+08:00 ] ::1 /onethink/index.php?s=/Home/notice/index.html
SQL: SHOW COLUMNS FROM `onethink_document` [ RunTime:0.012544s ]
SQL: SELECT * FROM `onethink_document` WHERE ( `category_id` = 42 )  [ RunTime:0.000766s ]
INFO: [ view_parse ] --START--
INFO: [ template_filter ] --START--
INFO: Run Behavior\ContentReplace [ RunTime:0.000097s ]
INFO: [ template_filter ] --END-- [ RunTime:0.000205s ]
NOTIC: [8] Undefined variable: u D:\phpStudy\WWW\onethink\Runtime\Cache\Home\b6712068d68b0f23e361fceccafe8f1a.php 第 58 行.
NOTIC: [8] Undefined variable: u D:\phpStudy\WWW\onethink\Runtime\Cache\Home\b6712068d68b0f23e361fceccafe8f1a.php 第 58 行.
NOTIC: [8] Undefined variable: u D:\phpStudy\WWW\onethink\Runtime\Cache\Home\b6712068d68b0f23e361fceccafe8f1a.php 第 58 行.
NOTIC: [8] Undefined variable: u D:\phpStudy\WWW\onethink\Runtime\Cache\Home\b6712068d68b0f23e361fceccafe8f1a.php 第 58 行.
INFO: Run Behavior\ParseTemplate [ RunTime:0.021262s ]
INFO: [ view_parse ] --END-- [ RunTime:0.021520s ]
INFO: [ view_filter ] --START--
INFO: Run Behavior\WriteHtmlCache [ RunTime:0.001016s ]
INFO: [ view_filter ] --END-- [ RunTime:0.001179s ]
INFO: [ app_end ] --START--
INFO: Run Behavior\ShowPageTrace [ RunTime:0.002087s ]
INFO: [ app_end ] --END-- [ RunTime:0.002215s ]

[ 2017-08-14T15:06:40+08:00 ] ::1 /onethink/index.php?s=/Home/user/login.html
INFO: [ view_parse ] --START--
INFO: [ template_filter ] --START--
INFO: Run Behavior\ContentReplace [ RunTime:0.000320s ]
INFO: [ template_filter ] --END-- [ RunTime:0.000436s ]
SQL: SHOW COLUMNS FROM `onethink_channel` [ RunTime:0.090098s ]
SQL: SELECT `id`,`pid`,`title`,`url`,`sort`,`create_time`,`update_time`,`status`,`target` FROM `onethink_channel` WHERE ( status=1 ) ORDER BY sort  [ RunTime:0.001387s ]
INFO: Run Behavior\ParseTemplate [ RunTime:0.153792s ]
INFO: [ view_parse ] --END-- [ RunTime:0.154733s ]
INFO: [ view_filter ] --START--
INFO: Run Behavior\WriteHtmlCache [ RunTime:0.012126s ]
INFO: [ view_filter ] --END-- [ RunTime:0.012246s ]
INFO: [ app_end ] --START--
INFO: Run Behavior\ShowPageTrace [ RunTime:0.001100s ]
INFO: [ app_end ] --END-- [ RunTime:0.001208s ]

[ 2017-08-14T15:06:40+08:00 ] ::1 /onethink/Home/User/verify.html
INFO: [ app_end ] --START--
INFO: Run Behavior\ShowPageTrace [ RunTime:0.001124s ]
INFO: [ app_end ] --END-- [ RunTime:0.002155s ]

[ 2017-08-14T15:06:53+08:00 ] ::1 /onethink/index.php?s=/Home/notice/index.html
SQL: SHOW COLUMNS FROM `onethink_document` [ RunTime:0.010479s ]
SQL: SELECT * FROM `onethink_document` WHERE ( `category_id` = 42 )  [ RunTime:0.000893s ]
INFO: [ view_parse ] --START--
INFO: [ template_filter ] --START--
INFO: Run Behavior\ContentReplace [ RunTime:0.000104s ]
INFO: [ template_filter ] --END-- [ RunTime:0.000259s ]
NOTIC: [8] Undefined variable: u D:\phpStudy\WWW\onethink\Runtime\Cache\Home\b6712068d68b0f23e361fceccafe8f1a.php 第 58 行.
NOTIC: [8] Undefined variable: u D:\phpStudy\WWW\onethink\Runtime\Cache\Home\b6712068d68b0f23e361fceccafe8f1a.php 第 58 行.
NOTIC: [8] Undefined variable: u D:\phpStudy\WWW\onethink\Runtime\Cache\Home\b6712068d68b0f23e361fceccafe8f1a.php 第 58 行.
NOTIC: [8] Undefined variable: u D:\phpStudy\WWW\onethink\Runtime\Cache\Home\b6712068d68b0f23e361fceccafe8f1a.php 第 58 行.
INFO: Run Behavior\ParseTemplate [ RunTime:0.064884s ]
INFO: [ view_parse ] --END-- [ RunTime:0.064996s ]
INFO: [ view_filter ] --START--
INFO: Run Behavior\WriteHtmlCache [ RunTime:0.000631s ]
INFO: [ view_filter ] --END-- [ RunTime:0.000746s ]
INFO: [ app_end ] --START--
INFO: Run Behavior\ShowPageTrace [ RunTime:0.006518s ]
INFO: [ app_end ] --END-- [ RunTime:0.006694s ]

[ 2017-08-14T15:08:14+08:00 ] ::1 /onethink/index.php?s=/Home/notice/index.html
SQL: SHOW COLUMNS FROM `onethink_document` [ RunTime:0.012629s ]
SQL: SELECT * FROM `onethink_document` WHERE ( `category_id` = 2 )  [ RunTime:0.000673s ]
INFO: [ view_parse ] --START--
INFO: [ template_filter ] --START--
INFO: Run Behavior\ContentReplace [ RunTime:0.000088s ]
INFO: [ template_filter ] --END-- [ RunTime:0.000195s ]
NOTIC: [8] Undefined variable: u D:\phpStudy\WWW\onethink\Runtime\Cache\Home\be6b04a17f61b3e2f45d45d643559aea.php 第 37 行.
INFO: Run Behavior\ParseTemplate [ RunTime:0.018858s ]
INFO: [ view_parse ] --END-- [ RunTime:0.018965s ]
INFO: [ view_filter ] --START--
INFO: Run Behavior\WriteHtmlCache [ RunTime:0.000532s ]
INFO: [ view_filter ] --END-- [ RunTime:0.000630s ]
INFO: [ app_end ] --START--
INFO: Run Behavior\ShowPageTrace [ RunTime:0.003756s ]
INFO: [ app_end ] --END-- [ RunTime:0.003869s ]

[ 2017-08-14T15:08:15+08:00 ] ::1 /onethink/index.php?s=/Home/notice/index.html
SQL: SHOW COLUMNS FROM `onethink_document` [ RunTime:0.012554s ]
SQL: SELECT * FROM `onethink_document` WHERE ( `category_id` = 2 )  [ RunTime:0.000723s ]
INFO: [ view_parse ] --START--
INFO: [ template_filter ] --START--
INFO: Run Behavior\ContentReplace [ RunTime:0.000099s ]
INFO: [ template_filter ] --END-- [ RunTime:0.000224s ]
NOTIC: [8] Undefined variable: u D:\phpStudy\WWW\onethink\Runtime\Cache\Home\be6b04a17f61b3e2f45d45d643559aea.php 第 37 行.
INFO: Run Behavior\ParseTemplate [ RunTime:0.023263s ]
INFO: [ view_parse ] --END-- [ RunTime:0.023427s ]
INFO: [ view_filter ] --START--
INFO: Run Behavior\WriteHtmlCache [ RunTime:0.000537s ]
INFO: [ view_filter ] --END-- [ RunTime:0.000635s ]
INFO: [ app_end ] --START--
INFO: Run Behavior\ShowPageTrace [ RunTime:0.000858s ]
INFO: [ app_end ] --END-- [ RunTime:0.000961s ]

[ 2017-08-14T15:08:23+08:00 ] ::1 /onethink/index.php?s=/Home/notice/index.html
SQL: SHOW COLUMNS FROM `onethink_document` [ RunTime:0.012119s ]
SQL: SELECT * FROM `onethink_document` WHERE ( `category_id` = 42 )  [ RunTime:0.000904s ]
INFO: [ view_parse ] --START--
INFO: [ template_filter ] --START--
INFO: Run Behavior\ContentReplace [ RunTime:0.000095s ]
INFO: [ template_filter ] --END-- [ RunTime:0.000211s ]
NOTIC: [8] Undefined variable: u D:\phpStudy\WWW\onethink\Runtime\Cache\Home\be6b04a17f61b3e2f45d45d643559aea.php 第 37 行.
NOTIC: [8] Undefined variable: u D:\phpStudy\WWW\onethink\Runtime\Cache\Home\be6b04a17f61b3e2f45d45d643559aea.php 第 37 行.
NOTIC: [8] Undefined variable: u D:\phpStudy\WWW\onethink\Runtime\Cache\Home\be6b04a17f61b3e2f45d45d643559aea.php 第 37 行.
NOTIC: [8] Undefined variable: u D:\phpStudy\WWW\onethink\Runtime\Cache\Home\be6b04a17f61b3e2f45d45d643559aea.php 第 37 行.
INFO: Run Behavior\ParseTemplate [ RunTime:0.020736s ]
INFO: [ view_parse ] --END-- [ RunTime:0.020855s ]
INFO: [ view_filter ] --START--
INFO: Run Behavior\WriteHtmlCache [ RunTime:0.000574s ]
INFO: [ view_filter ] --END-- [ RunTime:0.000677s ]
INFO: [ app_end ] --START--
INFO: Run Behavior\ShowPageTrace [ RunTime:0.000960s ]
INFO: [ app_end ] --END-- [ RunTime:0.001075s ]

[ 2017-08-14T15:08:29+08:00 ] ::1 /onethink/index.php?s=/Home/notice/index.html
SQL: SHOW COLUMNS FROM `onethink_document` [ RunTime:0.011916s ]
SQL: SELECT * FROM `onethink_document` WHERE ( `category_id` = 42 )  [ RunTime:0.000715s ]
INFO: [ view_parse ] --START--
INFO: [ template_filter ] --START--
INFO: Run Behavior\ContentReplace [ RunTime:0.000099s ]
INFO: [ template_filter ] --END-- [ RunTime:0.000216s ]
NOTIC: [8] Undefined variable: u D:\phpStudy\WWW\onethink\Runtime\Cache\Home\be6b04a17f61b3e2f45d45d643559aea.php 第 37 行.
NOTIC: [8] Undefined variable: u D:\phpStudy\WWW\onethink\Runtime\Cache\Home\be6b04a17f61b3e2f45d45d643559aea.php 第 37 行.
NOTIC: [8] Undefined variable: u D:\phpStudy\WWW\onethink\Runtime\Cache\Home\be6b04a17f61b3e2f45d45d643559aea.php 第 37 行.
NOTIC: [8] Undefined variable: u D:\phpStudy\WWW\onethink\Runtime\Cache\Home\be6b04a17f61b3e2f45d45d643559aea.php 第 37 行.
INFO: Run Behavior\ParseTemplate [ RunTime:0.020616s ]
INFO: [ view_parse ] --END-- [ RunTime:0.020730s ]
INFO: [ view_filter ] --START--
INFO: Run Behavior\WriteHtmlCache [ RunTime:0.000536s ]
INFO: [ view_filter ] --END-- [ RunTime:0.000744s ]
INFO: [ app_end ] --START--
INFO: Run Behavior\ShowPageTrace [ RunTime:0.001264s ]
INFO: [ app_end ] --END-- [ RunTime:0.001390s ]

[ 2017-08-14T15:08:32+08:00 ] ::1 /onethink/index.php/Home/notice/index.html
SQL: SHOW COLUMNS FROM `onethink_document` [ RunTime:0.011743s ]
SQL: SELECT * FROM `onethink_document` WHERE ( `category_id` = 42 )  [ RunTime:0.000993s ]
INFO: [ view_parse ] --START--
INFO: [ template_filter ] --START--
INFO: Run Behavior\ContentReplace [ RunTime:0.000109s ]
INFO: [ template_filter ] --END-- [ RunTime:0.000243s ]
NOTIC: [8] Undefined variable: u D:\phpStudy\WWW\onethink\Runtime\Cache\Home\be6b04a17f61b3e2f45d45d643559aea.php 第 37 行.
NOTIC: [8] Undefined variable: u D:\phpStudy\WWW\onethink\Runtime\Cache\Home\be6b04a17f61b3e2f45d45d643559aea.php 第 37 行.
NOTIC: [8] Undefined variable: u D:\phpStudy\WWW\onethink\Runtime\Cache\Home\be6b04a17f61b3e2f45d45d643559aea.php 第 37 行.
NOTIC: [8] Undefined variable: u D:\phpStudy\WWW\onethink\Runtime\Cache\Home\be6b04a17f61b3e2f45d45d643559aea.php 第 37 行.
INFO: Run Behavior\ParseTemplate [ RunTime:0.019367s ]
INFO: [ view_parse ] --END-- [ RunTime:0.019497s ]
INFO: [ view_filter ] --START--
INFO: Run Behavior\WriteHtmlCache [ RunTime:0.000674s ]
INFO: [ view_filter ] --END-- [ RunTime:0.000801s ]
INFO: [ app_end ] --START--
INFO: Run Behavior\ShowPageTrace [ RunTime:0.001071s ]
INFO: [ app_end ] --END-- [ RunTime:0.001199s ]

[ 2017-08-14T15:08:33+08:00 ] ::1 /onethink/Home/Index/index.html
SQL: SHOW COLUMNS FROM `onethink_category` [ RunTime:0.112977s ]
SQL: SELECT `id`,`name`,`title`,`pid`,`sort`,`list_row`,`meta_title`,`keywords`,`description`,`template_index`,`template_lists`,`template_detail`,`template_edit`,`model`,`type`,`link_id`,`allow_publish`,`display`,`reply`,`check`,`reply_model`,`extend`,`create_time`,`update_time`,`status`,`icon` FROM `onethink_category` WHERE ( `status` = 1 ) ORDER BY sort  [ RunTime:0.000968s ]
SQL: SHOW COLUMNS FROM `onethink_document` [ RunTime:0.012958s ]
SQL: SELECT `id`,`uid`,`name`,`title`,`category_id`,`description`,`root`,`pid`,`model_id`,`type`,`position`,`link_id`,`cover_id`,`display`,`deadline`,`attach`,`view`,`comment`,`extend`,`level`,`create_time`,`update_time`,`status` FROM `onethink_document` WHERE ( `status` = 1 ) AND ( `pid` = 0 ) AND ( `create_time` < 1502694512 ) AND ( deadline = 0 OR deadline > 1502694512 ) ORDER BY `id` DESC  [ RunTime:0.002490s ]
INFO: [ view_parse ] --START--
INFO: [ template_filter ] --START--
INFO: Run Behavior\ContentReplace [ RunTime:0.000132s ]
INFO: [ template_filter ] --END-- [ RunTime:0.000256s ]
INFO: Run Behavior\ParseTemplate [ RunTime:0.017115s ]
INFO: [ view_parse ] --END-- [ RunTime:0.017288s ]
INFO: [ view_filter ] --START--
INFO: Run Behavior\WriteHtmlCache [ RunTime:0.002081s ]
INFO: [ view_filter ] --END-- [ RunTime:0.002202s ]
INFO: [ app_end ] --START--
INFO: Run Behavior\ShowPageTrace [ RunTime:0.000941s ]
INFO: [ app_end ] --END-- [ RunTime:0.001050s ]

[ 2017-08-14T15:08:38+08:00 ] ::1 /onethink/index.php?s=/Home/notice/index.html
SQL: SHOW COLUMNS FROM `onethink_document` [ RunTime:0.011821s ]
SQL: SELECT * FROM `onethink_document` WHERE ( `category_id` = 42 )  [ RunTime:0.000806s ]
INFO: [ view_parse ] --START--
INFO: [ template_filter ] --START--
INFO: Run Behavior\ContentReplace [ RunTime:0.000103s ]
INFO: [ template_filter ] --END-- [ RunTime:0.000228s ]
NOTIC: [8] Undefined variable: u D:\phpStudy\WWW\onethink\Runtime\Cache\Home\be6b04a17f61b3e2f45d45d643559aea.php 第 37 行.
NOTIC: [8] Undefined variable: u D:\phpStudy\WWW\onethink\Runtime\Cache\Home\be6b04a17f61b3e2f45d45d643559aea.php 第 37 行.
NOTIC: [8] Undefined variable: u D:\phpStudy\WWW\onethink\Runtime\Cache\Home\be6b04a17f61b3e2f45d45d643559aea.php 第 37 行.
NOTIC: [8] Undefined variable: u D:\phpStudy\WWW\onethink\Runtime\Cache\Home\be6b04a17f61b3e2f45d45d643559aea.php 第 37 行.
INFO: Run Behavior\ParseTemplate [ RunTime:0.055691s ]
INFO: [ view_parse ] --END-- [ RunTime:0.055815s ]
INFO: [ view_filter ] --START--
INFO: Run Behavior\WriteHtmlCache [ RunTime:0.000702s ]
INFO: [ view_filter ] --END-- [ RunTime:0.000832s ]
INFO: [ app_end ] --START--
INFO: Run Behavior\ShowPageTrace [ RunTime:0.001036s ]
INFO: [ app_end ] --END-- [ RunTime:0.001145s ]

[ 2017-08-14T15:08:38+08:00 ] ::1 /onethink/index.php?s=/Home/notice/index.html
SQL: SHOW COLUMNS FROM `onethink_document` [ RunTime:0.012453s ]
SQL: SELECT * FROM `onethink_document` WHERE ( `category_id` = 42 )  [ RunTime:0.000762s ]
INFO: [ view_parse ] --START--
INFO: [ template_filter ] --START--
INFO: Run Behavior\ContentReplace [ RunTime:0.000094s ]
INFO: [ template_filter ] --END-- [ RunTime:0.000209s ]
NOTIC: [8] Undefined variable: u D:\phpStudy\WWW\onethink\Runtime\Cache\Home\be6b04a17f61b3e2f45d45d643559aea.php 第 37 行.
NOTIC: [8] Undefined variable: u D:\phpStudy\WWW\onethink\Runtime\Cache\Home\be6b04a17f61b3e2f45d45d643559aea.php 第 37 行.
NOTIC: [8] Undefined variable: u D:\phpStudy\WWW\onethink\Runtime\Cache\Home\be6b04a17f61b3e2f45d45d643559aea.php 第 37 行.
NOTIC: [8] Undefined variable: u D:\phpStudy\WWW\onethink\Runtime\Cache\Home\be6b04a17f61b3e2f45d45d643559aea.php 第 37 行.
INFO: Run Behavior\ParseTemplate [ RunTime:0.019607s ]
INFO: [ view_parse ] --END-- [ RunTime:0.019720s ]
INFO: [ view_filter ] --START--
INFO: Run Behavior\WriteHtmlCache [ RunTime:0.000595s ]
INFO: [ view_filter ] --END-- [ RunTime:0.000699s ]
INFO: [ app_end ] --START--
INFO: Run Behavior\ShowPageTrace [ RunTime:0.000896s ]
INFO: [ app_end ] --END-- [ RunTime:0.001007s ]

[ 2017-08-14T15:08:43+08:00 ] ::1 /onethink/Home/Notice/index.html
SQL: SHOW COLUMNS FROM `onethink_document` [ RunTime:0.010571s ]
SQL: SELECT * FROM `onethink_document` WHERE ( `category_id` = 42 )  [ RunTime:0.000713s ]
INFO: [ view_parse ] --START--
INFO: [ template_filter ] --START--
INFO: Run Behavior\ContentReplace [ RunTime:0.000096s ]
INFO: [ template_filter ] --END-- [ RunTime:0.000205s ]
NOTIC: [8] Undefined variable: u D:\phpStudy\WWW\onethink\Runtime\Cache\Home\be6b04a17f61b3e2f45d45d643559aea.php 第 37 行.
NOTIC: [8] Undefined variable: u D:\phpStudy\WWW\onethink\Runtime\Cache\Home\be6b04a17f61b3e2f45d45d643559aea.php 第 37 行.
NOTIC: [8] Undefined variable: u D:\phpStudy\WWW\onethink\Runtime\Cache\Home\be6b04a17f61b3e2f45d45d643559aea.php 第 37 行.
NOTIC: [8] Undefined variable: u D:\phpStudy\WWW\onethink\Runtime\Cache\Home\be6b04a17f61b3e2f45d45d643559aea.php 第 37 行.
INFO: Run Behavior\ParseTemplate [ RunTime:0.018561s ]
INFO: [ view_parse ] --END-- [ RunTime:0.018673s ]
INFO: [ view_filter ] --START--
INFO: Run Behavior\WriteHtmlCache [ RunTime:0.000558s ]
INFO: [ view_filter ] --END-- [ RunTime:0.000674s ]
INFO: [ app_end ] --START--
INFO: Run Behavior\ShowPageTrace [ RunTime:0.000854s ]
INFO: [ app_end ] --END-- [ RunTime:0.000959s ]

[ 2017-08-14T15:09:07+08:00 ] ::1 /onethink/Home/Notice/index.html
SQL: SHOW COLUMNS FROM `onethink_document` [ RunTime:0.011235s ]
SQL: SELECT * FROM `onethink_document` WHERE ( `category_id` = 42 )  [ RunTime:0.001274s ]
INFO: [ view_parse ] --START--
INFO: [ template_filter ] --START--
INFO: Run Behavior\ContentReplace [ RunTime:0.000096s ]
INFO: [ template_filter ] --END-- [ RunTime:0.000219s ]
NOTIC: [8] Undefined variable: u D:\phpStudy\WWW\onethink\Runtime\Cache\Home\be6b04a17f61b3e2f45d45d643559aea.php 第 37 行.
NOTIC: [8] Undefined variable: u D:\phpStudy\WWW\onethink\Runtime\Cache\Home\be6b04a17f61b3e2f45d45d643559aea.php 第 37 行.
NOTIC: [8] Undefined variable: u D:\phpStudy\WWW\onethink\Runtime\Cache\Home\be6b04a17f61b3e2f45d45d643559aea.php 第 37 行.
NOTIC: [8] Undefined variable: u D:\phpStudy\WWW\onethink\Runtime\Cache\Home\be6b04a17f61b3e2f45d45d643559aea.php 第 37 行.
INFO: Run Behavior\ParseTemplate [ RunTime:0.020630s ]
INFO: [ view_parse ] --END-- [ RunTime:0.020757s ]
INFO: [ view_filter ] --START--
INFO: Run Behavior\WriteHtmlCache [ RunTime:0.000548s ]
INFO: [ view_filter ] --END-- [ RunTime:0.000651s ]
INFO: [ app_end ] --START--
INFO: Run Behavior\ShowPageTrace [ RunTime:0.000877s ]
INFO: [ app_end ] --END-- [ RunTime:0.000981s ]

[ 2017-08-14T15:09:10+08:00 ] ::1 /onethink/Home/Notice/index.html
SQL: SHOW COLUMNS FROM `onethink_document` [ RunTime:0.012990s ]
SQL: SELECT * FROM `onethink_document` WHERE ( `category_id` = 42 )  [ RunTime:0.000698s ]
INFO: [ view_parse ] --START--
INFO: [ template_filter ] --START--
INFO: Run Behavior\ContentReplace [ RunTime:0.000100s ]
INFO: [ template_filter ] --END-- [ RunTime:0.000215s ]
NOTIC: [8] Undefined variable: u D:\phpStudy\WWW\onethink\Runtime\Cache\Home\be6b04a17f61b3e2f45d45d643559aea.php 第 37 行.
NOTIC: [8] Undefined variable: u D:\phpStudy\WWW\onethink\Runtime\Cache\Home\be6b04a17f61b3e2f45d45d643559aea.php 第 37 行.
NOTIC: [8] Undefined variable: u D:\phpStudy\WWW\onethink\Runtime\Cache\Home\be6b04a17f61b3e2f45d45d643559aea.php 第 37 行.
NOTIC: [8] Undefined variable: u D:\phpStudy\WWW\onethink\Runtime\Cache\Home\be6b04a17f61b3e2f45d45d643559aea.php 第 37 行.
INFO: Run Behavior\ParseTemplate [ RunTime:0.022998s ]
INFO: [ view_parse ] --END-- [ RunTime:0.023105s ]
INFO: [ view_filter ] --START--
INFO: Run Behavior\WriteHtmlCache [ RunTime:0.000831s ]
INFO: [ view_filter ] --END-- [ RunTime:0.000947s ]
INFO: [ app_end ] --START--
INFO: Run Behavior\ShowPageTrace [ RunTime:0.001462s ]
INFO: [ app_end ] --END-- [ RunTime:0.001582s ]

[ 2017-08-14T15:09:15+08:00 ] ::1 /onethink/Home/Notice/index.html
SQL: SHOW COLUMNS FROM `onethink_document` [ RunTime:0.011504s ]
SQL: SELECT * FROM `onethink_document` WHERE ( `category_id` = 42 )  [ RunTime:0.000761s ]
INFO: [ view_parse ] --START--
INFO: [ template_filter ] --START--
INFO: Run Behavior\ContentReplace [ RunTime:0.000094s ]
INFO: [ template_filter ] --END-- [ RunTime:0.000222s ]
NOTIC: [8] Undefined variable: u D:\phpStudy\WWW\onethink\Runtime\Cache\Home\be6b04a17f61b3e2f45d45d643559aea.php 第 37 行.
NOTIC: [8] Undefined variable: u D:\phpStudy\WWW\onethink\Runtime\Cache\Home\be6b04a17f61b3e2f45d45d643559aea.php 第 37 行.
NOTIC: [8] Undefined variable: u D:\phpStudy\WWW\onethink\Runtime\Cache\Home\be6b04a17f61b3e2f45d45d643559aea.php 第 37 行.
NOTIC: [8] Undefined variable: u D:\phpStudy\WWW\onethink\Runtime\Cache\Home\be6b04a17f61b3e2f45d45d643559aea.php 第 37 行.
INFO: Run Behavior\ParseTemplate [ RunTime:0.019451s ]
INFO: [ view_parse ] --END-- [ RunTime:0.019565s ]
INFO: [ view_filter ] --START--
INFO: Run Behavior\WriteHtmlCache [ RunTime:0.000617s ]
INFO: [ view_filter ] --END-- [ RunTime:0.000740s ]
INFO: [ app_end ] --START--
INFO: Run Behavior\ShowPageTrace [ RunTime:0.001190s ]
INFO: [ app_end ] --END-- [ RunTime:0.001307s ]

[ 2017-08-14T15:09:41+08:00 ] ::1 /onethink/index.php?s=/Home/notice/index.html
SQL: SHOW COLUMNS FROM `onethink_document` [ RunTime:0.012938s ]
SQL: SELECT * FROM `onethink_document` WHERE ( `category_id` = 42 )  [ RunTime:0.000784s ]
INFO: [ view_parse ] --START--
INFO: [ template_filter ] --START--
INFO: Run Behavior\ContentReplace [ RunTime:0.000093s ]
INFO: [ template_filter ] --END-- [ RunTime:0.000209s ]
NOTIC: [8] Undefined variable: u D:\phpStudy\WWW\onethink\Runtime\Cache\Home\be6b04a17f61b3e2f45d45d643559aea.php 第 37 行.
NOTIC: [8] Undefined variable: u D:\phpStudy\WWW\onethink\Runtime\Cache\Home\be6b04a17f61b3e2f45d45d643559aea.php 第 37 行.
NOTIC: [8] Undefined variable: u D:\phpStudy\WWW\onethink\Runtime\Cache\Home\be6b04a17f61b3e2f45d45d643559aea.php 第 37 行.
NOTIC: [8] Undefined variable: u D:\phpStudy\WWW\onethink\Runtime\Cache\Home\be6b04a17f61b3e2f45d45d643559aea.php 第 37 行.
INFO: Run Behavior\ParseTemplate [ RunTime:0.018023s ]
INFO: [ view_parse ] --END-- [ RunTime:0.018140s ]
INFO: [ view_filter ] --START--
INFO: Run Behavior\WriteHtmlCache [ RunTime:0.000549s ]
INFO: [ view_filter ] --END-- [ RunTime:0.000660s ]
INFO: [ app_end ] --START--
INFO: Run Behavior\ShowPageTrace [ RunTime:0.000898s ]
INFO: [ app_end ] --END-- [ RunTime:0.001014s ]

[ 2017-08-14T15:10:20+08:00 ] ::1 /onethink/Home/Notice/index.html
SQL: SHOW COLUMNS FROM `onethink_document` [ RunTime:0.012185s ]
SQL: SELECT * FROM `onethink_document` WHERE ( `category_id` = 42 )  [ RunTime:0.000697s ]
INFO: [ view_parse ] --START--
INFO: [ template_filter ] --START--
INFO: Run Behavior\ContentReplace [ RunTime:0.000095s ]
INFO: [ template_filter ] --END-- [ RunTime:0.000209s ]
NOTIC: [8] Undefined variable: u D:\phpStudy\WWW\onethink\Runtime\Cache\Home\be6b04a17f61b3e2f45d45d643559aea.php 第 37 行.
NOTIC: [8] Undefined variable: u D:\phpStudy\WWW\onethink\Runtime\Cache\Home\be6b04a17f61b3e2f45d45d643559aea.php 第 37 行.
NOTIC: [8] Undefined variable: u D:\phpStudy\WWW\onethink\Runtime\Cache\Home\be6b04a17f61b3e2f45d45d643559aea.php 第 37 行.
NOTIC: [8] Undefined variable: u D:\phpStudy\WWW\onethink\Runtime\Cache\Home\be6b04a17f61b3e2f45d45d643559aea.php 第 37 行.
INFO: Run Behavior\ParseTemplate [ RunTime:0.020158s ]
INFO: [ view_parse ] --END-- [ RunTime:0.020361s ]
INFO: [ view_filter ] --START--
INFO: Run Behavior\WriteHtmlCache [ RunTime:0.000668s ]
INFO: [ view_filter ] --END-- [ RunTime:0.000786s ]
INFO: [ app_end ] --START--
INFO: Run Behavior\ShowPageTrace [ RunTime:0.001058s ]
INFO: [ app_end ] --END-- [ RunTime:0.001172s ]

[ 2017-08-14T15:14:27+08:00 ] ::1 /onethink/
SQL: SHOW COLUMNS FROM `onethink_category` [ RunTime:0.013632s ]
SQL: SELECT `id`,`name`,`title`,`pid`,`sort`,`list_row`,`meta_title`,`keywords`,`description`,`template_index`,`template_lists`,`template_detail`,`template_edit`,`model`,`type`,`link_id`,`allow_publish`,`display`,`reply`,`check`,`reply_model`,`extend`,`create_time`,`update_time`,`status`,`icon` FROM `onethink_category` WHERE ( `status` = 1 ) ORDER BY sort  [ RunTime:0.000907s ]
SQL: SHOW COLUMNS FROM `onethink_document` [ RunTime:0.012894s ]
SQL: SELECT `id`,`uid`,`name`,`title`,`category_id`,`description`,`root`,`pid`,`model_id`,`type`,`position`,`link_id`,`cover_id`,`display`,`deadline`,`attach`,`view`,`comment`,`extend`,`level`,`create_time`,`update_time`,`status` FROM `onethink_document` WHERE ( `status` = 1 ) AND ( `pid` = 0 ) AND ( `create_time` < 1502694867 ) AND ( deadline = 0 OR deadline > 1502694867 ) ORDER BY `id` DESC  [ RunTime:0.000847s ]
INFO: [ view_parse ] --START--
INFO: [ template_filter ] --START--
INFO: Run Behavior\ContentReplace [ RunTime:0.000120s ]
INFO: [ template_filter ] --END-- [ RunTime:0.000238s ]
INFO: Run Behavior\ParseTemplate [ RunTime:0.024037s ]
INFO: [ view_parse ] --END-- [ RunTime:0.024154s ]
INFO: [ view_filter ] --START--
INFO: Run Behavior\WriteHtmlCache [ RunTime:0.000786s ]
INFO: [ view_filter ] --END-- [ RunTime:0.000897s ]
INFO: [ app_end ] --START--
INFO: Run Behavior\ShowPageTrace [ RunTime:0.001109s ]
INFO: [ app_end ] --END-- [ RunTime:0.001225s ]

[ 2017-08-14T15:14:28+08:00 ] ::1 /onethink/
SQL: SHOW COLUMNS FROM `onethink_category` [ RunTime:0.011392s ]
SQL: SELECT `id`,`name`,`title`,`pid`,`sort`,`list_row`,`meta_title`,`keywords`,`description`,`template_index`,`template_lists`,`template_detail`,`template_edit`,`model`,`type`,`link_id`,`allow_publish`,`display`,`reply`,`check`,`reply_model`,`extend`,`create_time`,`update_time`,`status`,`icon` FROM `onethink_category` WHERE ( `status` = 1 ) ORDER BY sort  [ RunTime:0.001120s ]
SQL: SHOW COLUMNS FROM `onethink_document` [ RunTime:0.013962s ]
SQL: SELECT `id`,`uid`,`name`,`title`,`category_id`,`description`,`root`,`pid`,`model_id`,`type`,`position`,`link_id`,`cover_id`,`display`,`deadline`,`attach`,`view`,`comment`,`extend`,`level`,`create_time`,`update_time`,`status` FROM `onethink_document` WHERE ( `status` = 1 ) AND ( `pid` = 0 ) AND ( `create_time` < 1502694868 ) AND ( deadline = 0 OR deadline > 1502694868 ) ORDER BY `id` DESC  [ RunTime:0.001715s ]
INFO: [ view_parse ] --START--
INFO: [ template_filter ] --START--
INFO: Run Behavior\ContentReplace [ RunTime:0.000118s ]
INFO: [ template_filter ] --END-- [ RunTime:0.000235s ]
INFO: Run Behavior\ParseTemplate [ RunTime:0.020039s ]
INFO: [ view_parse ] --END-- [ RunTime:0.020182s ]
INFO: [ view_filter ] --START--
INFO: Run Behavior\WriteHtmlCache [ RunTime:0.000640s ]
INFO: [ view_filter ] --END-- [ RunTime:0.000751s ]
INFO: [ app_end ] --START--
INFO: Run Behavior\ShowPageTrace [ RunTime:0.001093s ]
INFO: [ app_end ] --END-- [ RunTime:0.001214s ]

[ 2017-08-14T15:14:28+08:00 ] ::1 /onethink/
SQL: SHOW COLUMNS FROM `onethink_category` [ RunTime:0.014936s ]
SQL: SELECT `id`,`name`,`title`,`pid`,`sort`,`list_row`,`meta_title`,`keywords`,`description`,`template_index`,`template_lists`,`template_detail`,`template_edit`,`model`,`type`,`link_id`,`allow_publish`,`display`,`reply`,`check`,`reply_model`,`extend`,`create_time`,`update_time`,`status`,`icon` FROM `onethink_category` WHERE ( `status` = 1 ) ORDER BY sort  [ RunTime:0.001566s ]
SQL: SHOW COLUMNS FROM `onethink_document` [ RunTime:0.012620s ]
SQL: SELECT `id`,`uid`,`name`,`title`,`category_id`,`description`,`root`,`pid`,`model_id`,`type`,`position`,`link_id`,`cover_id`,`display`,`deadline`,`attach`,`view`,`comment`,`extend`,`level`,`create_time`,`update_time`,`status` FROM `onethink_document` WHERE ( `status` = 1 ) AND ( `pid` = 0 ) AND ( `create_time` < 1502694868 ) AND ( deadline = 0 OR deadline > 1502694868 ) ORDER BY `id` DESC  [ RunTime:0.001575s ]
INFO: [ view_parse ] --START--
INFO: [ template_filter ] --START--
INFO: Run Behavior\ContentReplace [ RunTime:0.000116s ]
INFO: [ template_filter ] --END-- [ RunTime:0.000231s ]
INFO: Run Behavior\ParseTemplate [ RunTime:0.021785s ]
INFO: [ view_parse ] --END-- [ RunTime:0.021914s ]
INFO: [ view_filter ] --START--
INFO: Run Behavior\WriteHtmlCache [ RunTime:0.000563s ]
INFO: [ view_filter ] --END-- [ RunTime:0.000671s ]
INFO: [ app_end ] --START--
INFO: Run Behavior\ShowPageTrace [ RunTime:0.001037s ]
INFO: [ app_end ] --END-- [ RunTime:0.001169s ]

[ 2017-08-14T15:14:28+08:00 ] ::1 /onethink/
SQL: SHOW COLUMNS FROM `onethink_category` [ RunTime:0.012969s ]
SQL: SELECT `id`,`name`,`title`,`pid`,`sort`,`list_row`,`meta_title`,`keywords`,`description`,`template_index`,`template_lists`,`template_detail`,`template_edit`,`model`,`type`,`link_id`,`allow_publish`,`display`,`reply`,`check`,`reply_model`,`extend`,`create_time`,`update_time`,`status`,`icon` FROM `onethink_category` WHERE ( `status` = 1 ) ORDER BY sort  [ RunTime:0.001547s ]
SQL: SHOW COLUMNS FROM `onethink_document` [ RunTime:0.013933s ]
SQL: SELECT `id`,`uid`,`name`,`title`,`category_id`,`description`,`root`,`pid`,`model_id`,`type`,`position`,`link_id`,`cover_id`,`display`,`deadline`,`attach`,`view`,`comment`,`extend`,`level`,`create_time`,`update_time`,`status` FROM `onethink_document` WHERE ( `status` = 1 ) AND ( `pid` = 0 ) AND ( `create_time` < 1502694868 ) AND ( deadline = 0 OR deadline > 1502694868 ) ORDER BY `id` DESC  [ RunTime:0.000951s ]
INFO: [ view_parse ] --START--
INFO: [ template_filter ] --START--
INFO: Run Behavior\ContentReplace [ RunTime:0.000159s ]
INFO: [ template_filter ] --END-- [ RunTime:0.000279s ]
INFO: Run Behavior\ParseTemplate [ RunTime:0.017393s ]
INFO: [ view_parse ] --END-- [ RunTime:0.017523s ]
INFO: [ view_filter ] --START--
INFO: Run Behavior\WriteHtmlCache [ RunTime:0.000750s ]
INFO: [ view_filter ] --END-- [ RunTime:0.000862s ]
INFO: [ app_end ] --START--
INFO: Run Behavior\ShowPageTrace [ RunTime:0.000947s ]
INFO: [ app_end ] --END-- [ RunTime:0.001061s ]

[ 2017-08-14T15:14:31+08:00 ] ::1 /onethink/index.php?s=/Home/Notice/index.html
SQL: SHOW COLUMNS FROM `onethink_document` [ RunTime:0.010708s ]
SQL: SELECT * FROM `onethink_document` WHERE ( `category_id` = 42 )  [ RunTime:0.000701s ]
INFO: [ view_parse ] --START--
INFO: [ template_filter ] --START--
INFO: Run Behavior\ContentReplace [ RunTime:0.000097s ]
INFO: [ template_filter ] --END-- [ RunTime:0.000206s ]
NOTIC: [8] Undefined variable: u D:\phpStudy\WWW\onethink\Runtime\Cache\Home\be6b04a17f61b3e2f45d45d643559aea.php 第 37 行.
NOTIC: [8] Undefined variable: u D:\phpStudy\WWW\onethink\Runtime\Cache\Home\be6b04a17f61b3e2f45d45d643559aea.php 第 37 行.
NOTIC: [8] Undefined variable: u D:\phpStudy\WWW\onethink\Runtime\Cache\Home\be6b04a17f61b3e2f45d45d643559aea.php 第 37 行.
NOTIC: [8] Undefined variable: u D:\phpStudy\WWW\onethink\Runtime\Cache\Home\be6b04a17f61b3e2f45d45d643559aea.php 第 37 行.
INFO: Run Behavior\ParseTemplate [ RunTime:0.019142s ]
INFO: [ view_parse ] --END-- [ RunTime:0.019251s ]
INFO: [ view_filter ] --START--
INFO: Run Behavior\WriteHtmlCache [ RunTime:0.000547s ]
INFO: [ view_filter ] --END-- [ RunTime:0.000646s ]
INFO: [ app_end ] --START--
INFO: Run Behavior\ShowPageTrace [ RunTime:0.000872s ]
INFO: [ app_end ] --END-- [ RunTime:0.000985s ]

[ 2017-08-14T15:14:33+08:00 ] ::1 /onethink/index.php?s=/Home/Pro/add.html
INFO: [ view_parse ] --START--
INFO: [ template_filter ] --START--
INFO: Run Behavior\ContentReplace [ RunTime:0.000093s ]
INFO: [ template_filter ] --END-- [ RunTime:0.000204s ]
INFO: Run Behavior\ParseTemplate [ RunTime:0.017574s ]
INFO: [ view_parse ] --END-- [ RunTime:0.018484s ]
INFO: [ view_filter ] --START--
INFO: Run Behavior\WriteHtmlCache [ RunTime:0.000556s ]
INFO: [ view_filter ] --END-- [ RunTime:0.000675s ]
INFO: [ app_end ] --START--
INFO: Run Behavior\ShowPageTrace [ RunTime:0.000998s ]
INFO: [ app_end ] --END-- [ RunTime:0.001118s ]

[ 2017-08-14T15:14:47+08:00 ] ::1 /onethink/
SQL: SHOW COLUMNS FROM `onethink_category` [ RunTime:0.014980s ]
SQL: SELECT `id`,`name`,`title`,`pid`,`sort`,`list_row`,`meta_title`,`keywords`,`description`,`template_index`,`template_lists`,`template_detail`,`template_edit`,`model`,`type`,`link_id`,`allow_publish`,`display`,`reply`,`check`,`reply_model`,`extend`,`create_time`,`update_time`,`status`,`icon` FROM `onethink_category` WHERE ( `status` = 1 ) ORDER BY sort  [ RunTime:0.002042s ]
SQL: SHOW COLUMNS FROM `onethink_document` [ RunTime:0.011523s ]
SQL: SELECT `id`,`uid`,`name`,`title`,`category_id`,`description`,`root`,`pid`,`model_id`,`type`,`position`,`link_id`,`cover_id`,`display`,`deadline`,`attach`,`view`,`comment`,`extend`,`level`,`create_time`,`update_time`,`status` FROM `onethink_document` WHERE ( `status` = 1 ) AND ( `pid` = 0 ) AND ( `create_time` < 1502694887 ) AND ( deadline = 0 OR deadline > 1502694887 ) ORDER BY `id` DESC  [ RunTime:0.001540s ]
INFO: [ view_parse ] --START--
INFO: [ template_filter ] --START--
INFO: Run Behavior\ContentReplace [ RunTime:0.000121s ]
INFO: [ template_filter ] --END-- [ RunTime:0.000238s ]
INFO: Run Behavior\ParseTemplate [ RunTime:0.018967s ]
INFO: [ view_parse ] --END-- [ RunTime:0.019101s ]
INFO: [ view_filter ] --START--
INFO: Run Behavior\WriteHtmlCache [ RunTime:0.000637s ]
INFO: [ view_filter ] --END-- [ RunTime:0.000749s ]
INFO: [ app_end ] --START--
INFO: Run Behavior\ShowPageTrace [ RunTime:0.001134s ]
INFO: [ app_end ] --END-- [ RunTime:0.001265s ]

[ 2017-08-14T15:14:49+08:00 ] ::1 /onethink/index.php?s=/Home/Notice/index.html
SQL: SHOW COLUMNS FROM `onethink_document` [ RunTime:0.012211s ]
SQL: SELECT * FROM `onethink_document` WHERE ( `category_id` = 42 )  [ RunTime:0.000695s ]
INFO: [ view_parse ] --START--
INFO: [ template_filter ] --START--
INFO: Run Behavior\ContentReplace [ RunTime:0.000098s ]
INFO: [ template_filter ] --END-- [ RunTime:0.000218s ]
NOTIC: [8] Undefined variable: u D:\phpStudy\WWW\onethink\Runtime\Cache\Home\be6b04a17f61b3e2f45d45d643559aea.php 第 37 行.
NOTIC: [8] Undefined variable: u D:\phpStudy\WWW\onethink\Runtime\Cache\Home\be6b04a17f61b3e2f45d45d643559aea.php 第 37 行.
NOTIC: [8] Undefined variable: u D:\phpStudy\WWW\onethink\Runtime\Cache\Home\be6b04a17f61b3e2f45d45d643559aea.php 第 37 行.
NOTIC: [8] Undefined variable: u D:\phpStudy\WWW\onethink\Runtime\Cache\Home\be6b04a17f61b3e2f45d45d643559aea.php 第 37 行.
INFO: Run Behavior\ParseTemplate [ RunTime:0.020936s ]
INFO: [ view_parse ] --END-- [ RunTime:0.021055s ]
INFO: [ view_filter ] --START--
INFO: Run Behavior\WriteHtmlCache [ RunTime:0.000608s ]
INFO: [ view_filter ] --END-- [ RunTime:0.000721s ]
INFO: [ app_end ] --START--
INFO: Run Behavior\ShowPageTrace [ RunTime:0.001038s ]
INFO: [ app_end ] --END-- [ RunTime:0.001161s ]

[ 2017-08-14T15:14:50+08:00 ] ::1 /onethink/index.php?s=/Home/Notice/index.html
SQL: SHOW COLUMNS FROM `onethink_document` [ RunTime:0.012965s ]
SQL: SELECT * FROM `onethink_document` WHERE ( `category_id` = 42 )  [ RunTime:0.000829s ]
INFO: [ view_parse ] --START--
INFO: [ template_filter ] --START--
INFO: Run Behavior\ContentReplace [ RunTime:0.000187s ]
INFO: [ template_filter ] --END-- [ RunTime:0.000319s ]
NOTIC: [8] Undefined variable: u D:\phpStudy\WWW\onethink\Runtime\Cache\Home\be6b04a17f61b3e2f45d45d643559aea.php 第 37 行.
NOTIC: [8] Undefined variable: u D:\phpStudy\WWW\onethink\Runtime\Cache\Home\be6b04a17f61b3e2f45d45d643559aea.php 第 37 行.
NOTIC: [8] Undefined variable: u D:\phpStudy\WWW\onethink\Runtime\Cache\Home\be6b04a17f61b3e2f45d45d643559aea.php 第 37 行.
NOTIC: [8] Undefined variable: u D:\phpStudy\WWW\onethink\Runtime\Cache\Home\be6b04a17f61b3e2f45d45d643559aea.php 第 37 行.
INFO: Run Behavior\ParseTemplate [ RunTime:0.021797s ]
INFO: [ view_parse ] --END-- [ RunTime:0.021923s ]
INFO: [ view_filter ] --START--
INFO: Run Behavior\WriteHtmlCache [ RunTime:0.000527s ]
INFO: [ view_filter ] --END-- [ RunTime:0.000626s ]
INFO: [ app_end ] --START--
INFO: Run Behavior\ShowPageTrace [ RunTime:0.000841s ]
INFO: [ app_end ] --END-- [ RunTime:0.000947s ]

[ 2017-08-14T15:14:54+08:00 ] ::1 /onethink/index.php?s=/Home/Notice/index.html
SQL: SHOW COLUMNS FROM `onethink_document` [ RunTime:0.013180s ]
SQL: SELECT * FROM `onethink_document` WHERE ( `category_id` = 42 )  [ RunTime:0.001607s ]
INFO: [ view_parse ] --START--
INFO: [ template_filter ] --START--
INFO: Run Behavior\ContentReplace [ RunTime:0.000101s ]
INFO: [ template_filter ] --END-- [ RunTime:0.000222s ]
NOTIC: [8] Undefined variable: u D:\phpStudy\WWW\onethink\Runtime\Cache\Home\be6b04a17f61b3e2f45d45d643559aea.php 第 37 行.
NOTIC: [8] Undefined variable: u D:\phpStudy\WWW\onethink\Runtime\Cache\Home\be6b04a17f61b3e2f45d45d643559aea.php 第 37 行.
NOTIC: [8] Undefined variable: u D:\phpStudy\WWW\onethink\Runtime\Cache\Home\be6b04a17f61b3e2f45d45d643559aea.php 第 37 行.
NOTIC: [8] Undefined variable: u D:\phpStudy\WWW\onethink\Runtime\Cache\Home\be6b04a17f61b3e2f45d45d643559aea.php 第 37 行.
INFO: Run Behavior\ParseTemplate [ RunTime:0.024462s ]
INFO: [ view_parse ] --END-- [ RunTime:0.024612s ]
INFO: [ view_filter ] --START--
INFO: Run Behavior\WriteHtmlCache [ RunTime:0.000959s ]
INFO: [ view_filter ] --END-- [ RunTime:0.001078s ]
INFO: [ app_end ] --START--
INFO: Run Behavior\ShowPageTrace [ RunTime:0.001156s ]
INFO: [ app_end ] --END-- [ RunTime:0.001300s ]

[ 2017-08-14T15:15:00+08:00 ] ::1 /onethink/index.php?s=/Home/user/login.html
INFO: [ view_parse ] --START--
INFO: [ template_filter ] --START--
INFO: Run Behavior\ContentReplace [ RunTime:0.000306s ]
INFO: [ template_filter ] --END-- [ RunTime:0.000446s ]
SQL: SHOW COLUMNS FROM `onethink_channel` [ RunTime:0.011841s ]
SQL: SELECT `id`,`pid`,`title`,`url`,`sort`,`create_time`,`update_time`,`status`,`target` FROM `onethink_channel` WHERE ( status=1 ) ORDER BY sort  [ RunTime:0.001642s ]
INFO: Run Behavior\ParseTemplate [ RunTime:0.048423s ]
INFO: [ view_parse ] --END-- [ RunTime:0.049246s ]
INFO: [ view_filter ] --START--
INFO: Run Behavior\WriteHtmlCache [ RunTime:0.004143s ]
INFO: [ view_filter ] --END-- [ RunTime:0.004285s ]
INFO: [ view_parse ] --START--
INFO: [ template_filter ] --START--
INFO: Run Behavior\ContentReplace [ RunTime:0.000554s ]
INFO: [ template_filter ] --END-- [ RunTime:-0.041909s ]
SQL: SELECT `id`,`pid`,`title`,`url`,`sort`,`create_time`,`update_time`,`status`,`target` FROM `onethink_channel` WHERE ( status=1 ) ORDER BY sort  [ RunTime:0.001808s ]
INFO: Run Behavior\ParseTemplate [ RunTime:0.023772s ]
INFO: [ view_parse ] --END-- [ RunTime:-0.006355s ]
INFO: [ view_filter ] --START--
INFO: Run Behavior\WriteHtmlCache [ RunTime:0.001962s ]
INFO: [ view_filter ] --END-- [ RunTime:-0.025957s ]
INFO: [ app_end ] --START--
INFO: Run Behavior\ShowPageTrace [ RunTime:0.001008s ]
INFO: [ app_end ] --END-- [ RunTime:0.001125s ]

[ 2017-08-14T15:15:01+08:00 ] ::1 /onethink/index.php?s=/Home/User/verify.html
INFO: [ app_end ] --START--
INFO: Run Behavior\ShowPageTrace [ RunTime:0.001060s ]
INFO: [ app_end ] --END-- [ RunTime:0.002118s ]

